{
  "gpu": 0,
  "layer": 4,
  "unit": 1000,
  "batchsize": 100,
  "dropout": 0.4,
  "weightdecay": 0.005,
  "epoch": 300,
  "train": "/Data/haradatm/kenkyu/190119/iemocap-fusion/datasets/iemocap/bert/train-sentence.txt",
  "valid": "/Data/haradatm/kenkyu/190119/iemocap-fusion/datasets/iemocap/bert/test-sentence.txt",
  "out": "iemocap-bert-mlp-768_u1000_b100_e300_d040_adam_wd0050",
  "noplot": false,
  "optim": "adam",
  "cw": "sum"
}
2019-02-19 08:46:01,362 - load_data - INFO - Loading dataset ... done.
2019-02-19 08:46:01,524 - load_data - INFO - Loading dataset ... done.
# train X: 1723, y: 1723, dim: 768, counts: [812, 258, 475, 178]
# eval  X: 557, y: 557, dim: 1, counts: [287, 31, 133, 106]
# class: 4, labels: {'neu': 0, 'ang': 1, 'sad': 2, 'hap': 3}
# class_weight: [2.1219213 6.6782947 3.6273685 9.679775 ]
2019-02-19 08:46:02,879 - main - INFO - [  1] T/loss=5.944544 T/acc1=0.334301 T/acc2=0.000000 T/sec= 1.240645 D/loss=6.218272 D/acc1=0.308797 D/acc2=0.341975 D/sec= 0.050884 rate=0.000157
saving early-stopped model (loss) at epoch 1
saving early-stopped model (uar) at epoch 1
2019-02-19 08:46:06,630 - main - INFO - [  2] T/loss=5.061785 T/acc1=0.410911 T/acc2=0.000000 T/sec= 3.700817 D/loss=4.800210 D/acc1=0.335727 D/acc2=0.435786 D/sec= 0.050238 rate=0.000192
saving early-stopped model (loss) at epoch 2
saving early-stopped model (uar) at epoch 2
2019-02-19 08:46:10,037 - main - INFO - [  3] T/loss=4.574578 T/acc1=0.469530 T/acc2=0.000000 T/sec= 3.358403 D/loss=6.302523 D/acc1=0.326750 D/acc2=0.422068 D/sec= 0.048702 rate=0.000230
2019-02-19 08:46:12,642 - main - INFO - [  4] T/loss=4.175432 T/acc1=0.510737 T/acc2=0.000000 T/sec= 2.499609 D/loss=5.347383 D/acc1=0.529623 D/acc2=0.486374 D/sec= 0.105108 rate=0.000264
saving early-stopped model (uar) at epoch 4
2019-02-19 08:46:15,654 - main - INFO - [  5] T/loss=4.080795 T/acc1=0.520023 T/acc2=0.000000 T/sec= 2.961294 D/loss=6.276482 D/acc1=0.506284 D/acc2=0.489395 D/sec= 0.050401 rate=0.000293
saving early-stopped model (uar) at epoch 5
2019-02-19 08:46:18,677 - main - INFO - [  6] T/loss=3.856690 T/acc1=0.553105 T/acc2=0.000000 T/sec= 2.957355 D/loss=4.246526 D/acc1=0.400359 D/acc2=0.468009 D/sec= 0.065796 rate=0.000320
saving early-stopped model (loss) at epoch 6
2019-02-19 08:46:21,682 - main - INFO - [  7] T/loss=3.708535 T/acc1=0.569936 T/acc2=0.000000 T/sec= 2.938338 D/loss=4.203384 D/acc1=0.468582 D/acc2=0.496778 D/sec= 0.066588 rate=0.000344
saving early-stopped model (loss) at epoch 7
saving early-stopped model (uar) at epoch 7
2019-02-19 08:46:25,172 - main - INFO - [  8] T/loss=3.739848 T/acc1=0.553685 T/acc2=0.000000 T/sec= 3.440116 D/loss=6.141278 D/acc1=0.224417 D/acc2=0.353880 D/sec= 0.050257 rate=0.000366
2019-02-19 08:46:27,628 - main - INFO - [  9] T/loss=3.742788 T/acc1=0.566454 T/acc2=0.000000 T/sec= 2.399128 D/loss=4.401002 D/acc1=0.387792 D/acc2=0.440303 D/sec= 0.056205 rate=0.000387
2019-02-19 08:46:30,202 - main - INFO - [ 10] T/loss=3.599697 T/acc1=0.579222 T/acc2=0.000000 T/sec= 2.469329 D/loss=5.656187 D/acc1=0.472172 D/acc2=0.380010 D/sec= 0.105213 rate=0.000406
2019-02-19 08:46:32,640 - main - INFO - [ 11] T/loss=3.598115 T/acc1=0.585026 T/acc2=0.000000 T/sec= 2.381977 D/loss=9.112281 D/acc1=0.285458 D/acc2=0.279790 D/sec= 0.055648 rate=0.000424
2019-02-19 08:46:35,213 - main - INFO - [ 12] T/loss=3.574492 T/acc1=0.593732 T/acc2=0.000000 T/sec= 2.440507 D/loss=7.218091 D/acc1=0.131059 D/acc2=0.295091 D/sec= 0.132320 rate=0.000441
2019-02-19 08:46:37,635 - main - INFO - [ 13] T/loss=3.472279 T/acc1=0.590830 T/acc2=0.000000 T/sec= 2.367998 D/loss=5.445410 D/acc1=0.560144 D/acc2=0.502832 D/sec= 0.054698 rate=0.000457
saving early-stopped model (uar) at epoch 13
2019-02-19 08:46:40,615 - main - INFO - [ 14] T/loss=3.451500 T/acc1=0.607081 T/acc2=0.000000 T/sec= 2.859311 D/loss=5.304000 D/acc1=0.551167 D/acc2=0.403148 D/sec= 0.120746 rate=0.000472
2019-02-19 08:46:43,126 - main - INFO - [ 15] T/loss=3.613044 T/acc1=0.562972 T/acc2=0.000000 T/sec= 2.459426 D/loss=7.335270 D/acc1=0.199282 D/acc2=0.330677 D/sec= 0.050730 rate=0.000487
2019-02-19 08:46:45,368 - main - INFO - [ 16] T/loss=3.586893 T/acc1=0.589089 T/acc2=0.000000 T/sec= 2.188400 D/loss=6.822731 D/acc1=0.317774 D/acc2=0.406587 D/sec= 0.054384 rate=0.000500
2019-02-19 08:46:47,716 - main - INFO - [ 17] T/loss=3.500558 T/acc1=0.585026 T/acc2=0.000000 T/sec= 2.295906 D/loss=7.825750 D/acc1=0.414722 D/acc2=0.414683 D/sec= 0.052211 rate=0.000514
2019-02-19 08:46:50,093 - main - INFO - [ 18] T/loss=3.656614 T/acc1=0.572258 T/acc2=0.000000 T/sec= 2.323638 D/loss=8.965034 D/acc1=0.111311 D/acc2=0.285030 D/sec= 0.053043 rate=0.000526
2019-02-19 08:46:52,393 - main - INFO - [ 19] T/loss=3.517671 T/acc1=0.603018 T/acc2=0.000000 T/sec= 2.250471 D/loss=4.707674 D/acc1=0.344704 D/acc2=0.349275 D/sec= 0.049024 rate=0.000538
2019-02-19 08:46:54,790 - main - INFO - [ 20] T/loss=3.592929 T/acc1=0.580963 T/acc2=0.000000 T/sec= 2.349080 D/loss=5.238490 D/acc1=0.253142 D/acc2=0.415345 D/sec= 0.048116 rate=0.000550
2019-02-19 08:46:57,379 - main - INFO - [ 21] T/loss=3.420913 T/acc1=0.592571 T/acc2=0.000000 T/sec= 2.485410 D/loss=5.026039 D/acc1=0.371634 D/acc2=0.450415 D/sec= 0.104238 rate=0.000561
2019-02-19 08:46:59,701 - main - INFO - [ 22] T/loss=3.546271 T/acc1=0.595473 T/acc2=0.000000 T/sec= 2.271566 D/loss=4.951169 D/acc1=0.511670 D/acc2=0.451848 D/sec= 0.050399 rate=0.000572
2019-02-19 08:47:02,021 - main - INFO - [ 23] T/loss=3.593976 T/acc1=0.573999 T/acc2=0.000000 T/sec= 2.259352 D/loss=5.060758 D/acc1=0.526032 D/acc2=0.466460 D/sec= 0.059801 rate=0.000582
2019-02-19 08:47:04,680 - main - INFO - [ 24] T/loss=3.572273 T/acc1=0.582705 T/acc2=0.000000 T/sec= 2.555077 D/loss=5.009515 D/acc1=0.269300 D/acc2=0.446776 D/sec= 0.104091 rate=0.000592
2019-02-19 08:47:07,082 - main - INFO - [ 25] T/loss=3.637713 T/acc1=0.571677 T/acc2=0.000000 T/sec= 2.350305 D/loss=6.913503 D/acc1=0.454219 D/acc2=0.454897 D/sec= 0.051990 rate=0.000602
2019-02-19 08:47:09,396 - main - INFO - [ 26] T/loss=3.568476 T/acc1=0.593732 T/acc2=0.000000 T/sec= 2.264833 D/loss=8.093328 D/acc1=0.120287 D/acc2=0.306747 D/sec= 0.049596 rate=0.000611
2019-02-19 08:47:11,774 - main - INFO - [ 27] T/loss=3.616155 T/acc1=0.570517 T/acc2=0.000000 T/sec= 2.327089 D/loss=6.773499 D/acc1=0.409336 D/acc2=0.414623 D/sec= 0.050211 rate=0.000621
2019-02-19 08:47:14,072 - main - INFO - [ 28] T/loss=3.455214 T/acc1=0.609402 T/acc2=0.000000 T/sec= 2.249675 D/loss=6.477972 D/acc1=0.536804 D/acc2=0.309725 D/sec= 0.048520 rate=0.000629
2019-02-19 08:47:16,436 - main - INFO - [ 29] T/loss=3.556443 T/acc1=0.589089 T/acc2=0.000000 T/sec= 2.315565 D/loss=5.625057 D/acc1=0.328546 D/acc2=0.447737 D/sec= 0.048850 rate=0.000638
2019-02-19 08:47:19,125 - main - INFO - [ 30] T/loss=3.510573 T/acc1=0.598955 T/acc2=0.000000 T/sec= 2.583656 D/loss=12.851795 D/acc1=0.064632 D/acc2=0.258869 D/sec= 0.105097 rate=0.000646
2019-02-19 08:47:21,532 - main - INFO - [ 31] T/loss=3.537387 T/acc1=0.587348 T/acc2=0.000000 T/sec= 2.357809 D/loss=7.607593 D/acc1=0.500898 D/acc2=0.389161 D/sec= 0.048644 rate=0.000654
2019-02-19 08:47:23,824 - main - INFO - [ 32] T/loss=3.564185 T/acc1=0.594893 T/acc2=0.000000 T/sec= 2.240043 D/loss=5.616833 D/acc1=0.385996 D/acc2=0.425816 D/sec= 0.052859 rate=0.000662
2019-02-19 08:47:26,378 - main - INFO - [ 33] T/loss=3.556234 T/acc1=0.599536 T/acc2=0.000000 T/sec= 2.446363 D/loss=4.497409 D/acc1=0.368043 D/acc2=0.367261 D/sec= 0.106884 rate=0.000669
2019-02-19 08:47:28,755 - main - INFO - [ 34] T/loss=3.605247 T/acc1=0.589089 T/acc2=0.000000 T/sec= 2.323827 D/loss=6.091063 D/acc1=0.429084 D/acc2=0.459035 D/sec= 0.053305 rate=0.000677
2019-02-19 08:47:31,020 - main - INFO - [ 35] T/loss=3.625285 T/acc1=0.585026 T/acc2=0.000000 T/sec= 2.216454 D/loss=5.556927 D/acc1=0.247756 D/acc2=0.277447 D/sec= 0.048279 rate=0.000684
2019-02-19 08:47:33,529 - main - INFO - [ 36] T/loss=3.588178 T/acc1=0.601857 T/acc2=0.000000 T/sec= 2.458279 D/loss=6.200682 D/acc1=0.558348 D/acc2=0.347595 D/sec= 0.051374 rate=0.000691
2019-02-19 08:47:35,906 - main - INFO - [ 37] T/loss=3.582425 T/acc1=0.603018 T/acc2=0.000000 T/sec= 2.327402 D/loss=5.940868 D/acc1=0.472172 D/acc2=0.472663 D/sec= 0.048921 rate=0.000697
2019-02-19 08:47:38,301 - main - INFO - [ 38] T/loss=3.745222 T/acc1=0.585026 T/acc2=0.000000 T/sec= 2.347093 D/loss=8.555580 D/acc1=0.290844 D/acc2=0.312370 D/sec= 0.048457 rate=0.000704
2019-02-19 08:47:40,833 - main - INFO - [ 39] T/loss=3.610162 T/acc1=0.587928 T/acc2=0.000000 T/sec= 2.425106 D/loss=5.544186 D/acc1=0.402154 D/acc2=0.487892 D/sec= 0.107103 rate=0.000710
2019-02-19 08:47:43,139 - main - INFO - [ 40] T/loss=3.588496 T/acc1=0.603598 T/acc2=0.000000 T/sec= 2.255597 D/loss=7.015100 D/acc1=0.127469 D/acc2=0.326032 D/sec= 0.049728 rate=0.000717
2019-02-19 08:47:45,527 - main - INFO - [ 41] T/loss=3.549290 T/acc1=0.611143 T/acc2=0.000000 T/sec= 2.327842 D/loss=7.433328 D/acc1=0.312388 D/acc2=0.356782 D/sec= 0.060942 rate=0.000723
2019-02-19 08:47:48,078 - main - INFO - [ 42] T/loss=3.766107 T/acc1=0.570517 T/acc2=0.000000 T/sec= 2.445586 D/loss=5.552824 D/acc1=0.281867 D/acc2=0.440604 D/sec= 0.104542 rate=0.000728
2019-02-19 08:47:50,427 - main - INFO - [ 43] T/loss=3.615690 T/acc1=0.596634 T/acc2=0.000000 T/sec= 2.295067 D/loss=7.169796 D/acc1=0.289048 D/acc2=0.357819 D/sec= 0.054122 rate=0.000734
2019-02-19 08:47:52,686 - main - INFO - [ 44] T/loss=3.656843 T/acc1=0.563552 T/acc2=0.000000 T/sec= 2.209662 D/loss=5.607018 D/acc1=0.333932 D/acc2=0.436289 D/sec= 0.049392 rate=0.000740
2019-02-19 08:47:55,072 - main - INFO - [ 45] T/loss=3.584857 T/acc1=0.587348 T/acc2=0.000000 T/sec= 2.329166 D/loss=5.750747 D/acc1=0.294434 D/acc2=0.412876 D/sec= 0.056616 rate=0.000745
2019-02-19 08:47:57,629 - main - INFO - [ 46] T/loss=3.619609 T/acc1=0.580383 T/acc2=0.000000 T/sec= 2.451409 D/loss=6.380405 D/acc1=0.378815 D/acc2=0.436132 D/sec= 0.106112 rate=0.000751
2019-02-19 08:48:00,046 - main - INFO - [ 47] T/loss=3.576482 T/acc1=0.599536 T/acc2=0.000000 T/sec= 2.366273 D/loss=5.217946 D/acc1=0.231598 D/acc2=0.348276 D/sec= 0.050645 rate=0.000756
2019-02-19 08:48:02,343 - main - INFO - [ 48] T/loss=3.777775 T/acc1=0.582124 T/acc2=0.000000 T/sec= 2.244485 D/loss=6.893939 D/acc1=0.445242 D/acc2=0.456724 D/sec= 0.052844 rate=0.000761
2019-02-19 08:48:04,712 - main - INFO - [ 49] T/loss=3.644427 T/acc1=0.589669 T/acc2=0.000000 T/sec= 2.318039 D/loss=4.406930 D/acc1=0.513465 D/acc2=0.515436 D/sec= 0.050305 rate=0.000766
saving early-stopped model (uar) at epoch 49
2019-02-19 08:48:07,588 - main - INFO - [ 50] T/loss=3.649501 T/acc1=0.570517 T/acc2=0.000000 T/sec= 2.819855 D/loss=6.597383 D/acc1=0.470377 D/acc2=0.342066 D/sec= 0.056232 rate=0.000770
2019-02-19 08:48:10,215 - main - INFO - [ 51] T/loss=3.707498 T/acc1=0.580383 T/acc2=0.000000 T/sec= 2.540683 D/loss=5.859063 D/acc1=0.517056 D/acc2=0.409354 D/sec= 0.086751 rate=0.000775
2019-02-19 08:48:12,756 - main - INFO - [ 52] T/loss=3.796326 T/acc1=0.561811 T/acc2=0.000000 T/sec= 2.484873 D/loss=7.934095 D/acc1=0.312388 D/acc2=0.418732 D/sec= 0.056230 rate=0.000780
2019-02-19 08:48:15,147 - main - INFO - [ 53] T/loss=3.741907 T/acc1=0.576901 T/acc2=0.000000 T/sec= 2.324253 D/loss=6.146232 D/acc1=0.260323 D/acc2=0.403905 D/sec= 0.066535 rate=0.000784
2019-02-19 08:48:17,702 - main - INFO - [ 54] T/loss=3.622764 T/acc1=0.582124 T/acc2=0.000000 T/sec= 2.498020 D/loss=6.114308 D/acc1=0.283662 D/acc2=0.290054 D/sec= 0.057334 rate=0.000789
2019-02-19 08:48:20,246 - main - INFO - [ 55] T/loss=3.596036 T/acc1=0.590250 T/acc2=0.000000 T/sec= 2.492970 D/loss=7.322453 D/acc1=0.240575 D/acc2=0.329735 D/sec= 0.050184 rate=0.000793
2019-02-19 08:48:22,779 - main - INFO - [ 56] T/loss=3.601095 T/acc1=0.596634 T/acc2=0.000000 T/sec= 2.483275 D/loss=7.671337 D/acc1=0.127469 D/acc2=0.318309 D/sec= 0.049734 rate=0.000797
2019-02-19 08:48:25,120 - main - INFO - [ 57] T/loss=3.746246 T/acc1=0.568195 T/acc2=0.000000 T/sec= 2.287633 D/loss=5.893108 D/acc1=0.391382 D/acc2=0.439066 D/sec= 0.053546 rate=0.000801
2019-02-19 08:48:27,626 - main - INFO - [ 58] T/loss=3.837052 T/acc1=0.562972 T/acc2=0.000000 T/sec= 2.451975 D/loss=7.507667 D/acc1=0.222621 D/acc2=0.337352 D/sec= 0.053802 rate=0.000805
2019-02-19 08:48:30,050 - main - INFO - [ 59] T/loss=3.794200 T/acc1=0.561811 T/acc2=0.000000 T/sec= 2.369459 D/loss=5.923298 D/acc1=0.585278 D/acc2=0.438010 D/sec= 0.054500 rate=0.000809
2019-02-19 08:48:32,727 - main - INFO - [ 60] T/loss=3.851544 T/acc1=0.559489 T/acc2=0.000000 T/sec= 2.557961 D/loss=7.553539 D/acc1=0.531418 D/acc2=0.268935 D/sec= 0.119453 rate=0.000813
2019-02-19 08:48:35,119 - main - INFO - [ 61] T/loss=3.736447 T/acc1=0.556587 T/acc2=0.000000 T/sec= 2.338876 D/loss=4.601962 D/acc1=0.353680 D/acc2=0.520758 D/sec= 0.052760 rate=0.000816
saving early-stopped model (uar) at epoch 61
2019-02-19 08:48:38,064 - main - INFO - [ 62] T/loss=3.634213 T/acc1=0.585607 T/acc2=0.000000 T/sec= 2.838121 D/loss=4.642171 D/acc1=0.308797 D/acc2=0.438773 D/sec= 0.106995 rate=0.000820
2019-02-19 08:48:40,499 - main - INFO - [ 63] T/loss=3.785377 T/acc1=0.577481 T/acc2=0.000000 T/sec= 2.381591 D/loss=5.885542 D/acc1=0.308797 D/acc2=0.379775 D/sec= 0.053508 rate=0.000824
2019-02-19 08:48:42,819 - main - INFO - [ 64] T/loss=3.722096 T/acc1=0.587928 T/acc2=0.000000 T/sec= 2.268683 D/loss=7.207048 D/acc1=0.360862 D/acc2=0.319727 D/sec= 0.051264 rate=0.000827
2019-02-19 08:48:45,440 - main - INFO - [ 65] T/loss=3.698404 T/acc1=0.593732 T/acc2=0.000000 T/sec= 2.569117 D/loss=5.147214 D/acc1=0.491921 D/acc2=0.457146 D/sec= 0.052189 rate=0.000831
2019-02-19 08:48:47,916 - main - INFO - [ 66] T/loss=3.671767 T/acc1=0.583865 T/acc2=0.000000 T/sec= 2.368593 D/loss=5.858688 D/acc1=0.335727 D/acc2=0.372619 D/sec= 0.106889 rate=0.000834
2019-02-19 08:48:50,277 - main - INFO - [ 67] T/loss=3.840243 T/acc1=0.551364 T/acc2=0.000000 T/sec= 2.311239 D/loss=5.639768 D/acc1=0.524237 D/acc2=0.375570 D/sec= 0.050517 rate=0.000837
2019-02-19 08:48:52,607 - main - INFO - [ 68] T/loss=3.789926 T/acc1=0.565293 T/acc2=0.000000 T/sec= 2.266541 D/loss=10.712521 D/acc1=0.077199 D/acc2=0.253260 D/sec= 0.063469 rate=0.000840
2019-02-19 08:48:55,345 - main - INFO - [ 69] T/loss=3.835791 T/acc1=0.569356 T/acc2=0.000000 T/sec= 2.627955 D/loss=6.707590 D/acc1=0.206463 D/acc2=0.369278 D/sec= 0.109928 rate=0.000843
2019-02-19 08:48:57,709 - main - INFO - [ 70] T/loss=3.753140 T/acc1=0.571097 T/acc2=0.000000 T/sec= 2.310936 D/loss=9.721697 D/acc1=0.111311 D/acc2=0.282106 D/sec= 0.052379 rate=0.000846
2019-02-19 08:48:59,980 - main - INFO - [ 71] T/loss=3.686486 T/acc1=0.576901 T/acc2=0.000000 T/sec= 2.222693 D/loss=5.444259 D/acc1=0.576302 D/acc2=0.395273 D/sec= 0.048463 rate=0.000849
2019-02-19 08:49:02,472 - main - INFO - [ 72] T/loss=3.733747 T/acc1=0.568775 T/acc2=0.000000 T/sec= 2.442082 D/loss=5.420497 D/acc1=0.355476 D/acc2=0.462133 D/sec= 0.050435 rate=0.000852
2019-02-19 08:49:05,083 - main - INFO - [ 73] T/loss=3.716612 T/acc1=0.568775 T/acc2=0.000000 T/sec= 2.506217 D/loss=7.384489 D/acc1=0.210054 D/acc2=0.354373 D/sec= 0.104276 rate=0.000855
2019-02-19 08:49:07,550 - main - INFO - [ 74] T/loss=3.756663 T/acc1=0.578642 T/acc2=0.000000 T/sec= 2.416759 D/loss=6.428975 D/acc1=0.536804 D/acc2=0.289867 D/sec= 0.050771 rate=0.000858
2019-02-19 08:49:09,869 - main - INFO - [ 75] T/loss=3.760463 T/acc1=0.561230 T/acc2=0.000000 T/sec= 2.264675 D/loss=8.953158 D/acc1=0.287253 D/acc2=0.313419 D/sec= 0.054365 rate=0.000861
2019-02-19 08:49:12,605 - main - INFO - [ 76] T/loss=3.791547 T/acc1=0.569356 T/acc2=0.000000 T/sec= 2.629199 D/loss=4.675760 D/acc1=0.605027 D/acc2=0.420293 D/sec= 0.106525 rate=0.000863
2019-02-19 08:49:14,990 - main - INFO - [ 77] T/loss=3.782163 T/acc1=0.560650 T/acc2=0.000000 T/sec= 2.330861 D/loss=8.700086 D/acc1=0.113106 D/acc2=0.317851 D/sec= 0.054275 rate=0.000866
2019-02-19 08:49:17,360 - main - INFO - [ 78] T/loss=3.799303 T/acc1=0.569356 T/acc2=0.000000 T/sec= 2.320240 D/loss=5.185473 D/acc1=0.565530 D/acc2=0.469285 D/sec= 0.049684 rate=0.000869
2019-02-19 08:49:19,887 - main - INFO - [ 79] T/loss=3.823330 T/acc1=0.571677 T/acc2=0.000000 T/sec= 2.464582 D/loss=4.938901 D/acc1=0.323160 D/acc2=0.454712 D/sec= 0.062386 rate=0.000871
2019-02-19 08:49:22,486 - main - INFO - [ 80] T/loss=3.747741 T/acc1=0.580383 T/acc2=0.000000 T/sec= 2.495938 D/loss=6.479958 D/acc1=0.364452 D/acc2=0.415910 D/sec= 0.102865 rate=0.000874
2019-02-19 08:49:25,010 - main - INFO - [ 81] T/loss=3.695311 T/acc1=0.588508 T/acc2=0.000000 T/sec= 2.472959 D/loss=5.827053 D/acc1=0.278276 D/acc2=0.388171 D/sec= 0.051453 rate=0.000876
2019-02-19 08:49:27,361 - main - INFO - [ 82] T/loss=3.754218 T/acc1=0.578062 T/acc2=0.000000 T/sec= 2.293475 D/loss=4.879099 D/acc1=0.382406 D/acc2=0.417901 D/sec= 0.057530 rate=0.000878
2019-02-19 08:49:30,187 - main - INFO - [ 83] T/loss=3.787542 T/acc1=0.557748 T/acc2=0.000000 T/sec= 2.773141 D/loss=5.112749 D/acc1=0.561939 D/acc2=0.436038 D/sec= 0.052903 rate=0.000881
2019-02-19 08:49:32,752 - main - INFO - [ 84] T/loss=3.879430 T/acc1=0.556587 T/acc2=0.000000 T/sec= 2.506300 D/loss=4.703260 D/acc1=0.502693 D/acc2=0.470367 D/sec= 0.057977 rate=0.000883
2019-02-19 08:49:35,206 - main - INFO - [ 85] T/loss=3.816998 T/acc1=0.568195 T/acc2=0.000000 T/sec= 2.366708 D/loss=6.860703 D/acc1=0.278276 D/acc2=0.356218 D/sec= 0.087935 rate=0.000885
2019-02-19 08:49:37,838 - main - INFO - [ 86] T/loss=3.927891 T/acc1=0.543239 T/acc2=0.000000 T/sec= 2.558544 D/loss=6.032267 D/acc1=0.393178 D/acc2=0.408157 D/sec= 0.073581 rate=0.000887
2019-02-19 08:49:40,504 - main - INFO - [ 87] T/loss=3.788265 T/acc1=0.575160 T/acc2=0.000000 T/sec= 2.552234 D/loss=7.293071 D/acc1=0.533214 D/acc2=0.279821 D/sec= 0.113134 rate=0.000890
2019-02-19 08:49:43,248 - main - INFO - [ 88] T/loss=3.771023 T/acc1=0.554266 T/acc2=0.000000 T/sec= 2.693063 D/loss=5.424074 D/acc1=0.560144 D/acc2=0.397309 D/sec= 0.051757 rate=0.000892
2019-02-19 08:49:45,472 - main - INFO - [ 89] T/loss=3.899065 T/acc1=0.547882 T/acc2=0.000000 T/sec= 2.171051 D/loss=6.138648 D/acc1=0.233393 D/acc2=0.401519 D/sec= 0.052734 rate=0.000894
2019-02-19 08:49:48,078 - main - INFO - [ 90] T/loss=3.719067 T/acc1=0.559489 T/acc2=0.000000 T/sec= 2.498381 D/loss=5.401670 D/acc1=0.479354 D/acc2=0.385319 D/sec= 0.107211 rate=0.000896
2019-02-19 08:49:50,618 - main - INFO - [ 91] T/loss=3.703969 T/acc1=0.580383 T/acc2=0.000000 T/sec= 2.482544 D/loss=6.784434 D/acc1=0.210054 D/acc2=0.359733 D/sec= 0.057616 rate=0.000898
2019-02-19 08:49:53,405 - main - INFO - [ 92] T/loss=3.799711 T/acc1=0.567615 T/acc2=0.000000 T/sec= 2.703259 D/loss=6.056638 D/acc1=0.570916 D/acc2=0.357562 D/sec= 0.084017 rate=0.000900
2019-02-19 08:49:55,868 - main - INFO - [ 93] T/loss=3.845236 T/acc1=0.571097 T/acc2=0.000000 T/sec= 2.407364 D/loss=6.014553 D/acc1=0.314183 D/acc2=0.377746 D/sec= 0.055535 rate=0.000901
2019-02-19 08:49:58,474 - main - INFO - [ 94] T/loss=3.847010 T/acc1=0.560650 T/acc2=0.000000 T/sec= 2.556799 D/loss=6.045932 D/acc1=0.366248 D/acc2=0.419485 D/sec= 0.049206 rate=0.000903
2019-02-19 08:50:01,242 - main - INFO - [ 95] T/loss=3.742109 T/acc1=0.596634 T/acc2=0.000000 T/sec= 2.712937 D/loss=6.231348 D/acc1=0.515260 D/acc2=0.384196 D/sec= 0.054524 rate=0.000905
2019-02-19 08:50:04,122 - main - INFO - [ 96] T/loss=3.742507 T/acc1=0.573999 T/acc2=0.000000 T/sec= 2.764265 D/loss=7.453322 D/acc1=0.272890 D/acc2=0.365190 D/sec= 0.115721 rate=0.000907
2019-02-19 08:50:06,851 - main - INFO - [ 97] T/loss=3.812020 T/acc1=0.567034 T/acc2=0.000000 T/sec= 2.678607 D/loss=4.878212 D/acc1=0.335727 D/acc2=0.473556 D/sec= 0.051159 rate=0.000909
2019-02-19 08:50:09,266 - main - INFO - [ 98] T/loss=3.868557 T/acc1=0.560070 T/acc2=0.000000 T/sec= 2.339271 D/loss=6.155181 D/acc1=0.531418 D/acc2=0.354939 D/sec= 0.074999 rate=0.000910
2019-02-19 08:50:11,855 - main - INFO - [ 99] T/loss=3.821236 T/acc1=0.560650 T/acc2=0.000000 T/sec= 2.538094 D/loss=4.878152 D/acc1=0.312388 D/acc2=0.500561 D/sec= 0.051269 rate=0.000912
2019-02-19 08:50:14,276 - main - INFO - [100] T/loss=3.947137 T/acc1=0.547882 T/acc2=0.000000 T/sec= 2.366314 D/loss=4.690916 D/acc1=0.389587 D/acc2=0.419392 D/sec= 0.055014 rate=0.000914
2019-02-19 08:50:16,931 - main - INFO - [101] T/loss=3.742307 T/acc1=0.568195 T/acc2=0.000000 T/sec= 2.548086 D/loss=5.158639 D/acc1=0.491921 D/acc2=0.391071 D/sec= 0.106635 rate=0.000915
2019-02-19 08:50:19,337 - main - INFO - [102] T/loss=3.855423 T/acc1=0.550784 T/acc2=0.000000 T/sec= 2.350055 D/loss=7.734999 D/acc1=0.202873 D/acc2=0.334365 D/sec= 0.055409 rate=0.000917
2019-02-19 08:50:21,582 - main - INFO - [103] T/loss=3.902864 T/acc1=0.540917 T/acc2=0.000000 T/sec= 2.195952 D/loss=8.273744 D/acc1=0.267504 D/acc2=0.269785 D/sec= 0.049737 rate=0.000918
2019-02-19 08:50:24,045 - main - INFO - [104] T/loss=3.935597 T/acc1=0.557168 T/acc2=0.000000 T/sec= 2.409741 D/loss=7.346698 D/acc1=0.533214 D/acc2=0.328841 D/sec= 0.052594 rate=0.000920
2019-02-19 08:50:26,574 - main - INFO - [105] T/loss=3.780966 T/acc1=0.558328 T/acc2=0.000000 T/sec= 2.424392 D/loss=7.944609 D/acc1=0.251346 D/acc2=0.386273 D/sec= 0.104665 rate=0.000921
2019-02-19 08:50:29,213 - main - INFO - [106] T/loss=3.833383 T/acc1=0.561811 T/acc2=0.000000 T/sec= 2.569592 D/loss=6.214175 D/acc1=0.558348 D/acc2=0.358313 D/sec= 0.069816 rate=0.000923
2019-02-19 08:50:31,581 - main - INFO - [107] T/loss=3.870018 T/acc1=0.554266 T/acc2=0.000000 T/sec= 2.314846 D/loss=6.697385 D/acc1=0.195691 D/acc2=0.374058 D/sec= 0.053218 rate=0.000924
2019-02-19 08:50:34,242 - main - INFO - [108] T/loss=3.840515 T/acc1=0.561811 T/acc2=0.000000 T/sec= 2.609305 D/loss=5.080167 D/acc1=0.450628 D/acc2=0.402148 D/sec= 0.051675 rate=0.000926
2019-02-19 08:50:36,559 - main - INFO - [109] T/loss=3.941742 T/acc1=0.553105 T/acc2=0.000000 T/sec= 2.261595 D/loss=5.666680 D/acc1=0.536804 D/acc2=0.425319 D/sec= 0.055307 rate=0.000927
2019-02-19 08:50:39,102 - main - INFO - [110] T/loss=3.975814 T/acc1=0.520023 T/acc2=0.000000 T/sec= 2.441521 D/loss=6.674741 D/acc1=0.235189 D/acc2=0.369758 D/sec= 0.101745 rate=0.000928
2019-02-19 08:50:41,430 - main - INFO - [111] T/loss=3.828046 T/acc1=0.546721 T/acc2=0.000000 T/sec= 2.272036 D/loss=5.733283 D/acc1=0.355476 D/acc2=0.338233 D/sec= 0.056008 rate=0.000930
2019-02-19 08:50:43,688 - main - INFO - [112] T/loss=3.920157 T/acc1=0.548462 T/acc2=0.000000 T/sec= 2.205385 D/loss=7.398193 D/acc1=0.188510 D/acc2=0.381995 D/sec= 0.052042 rate=0.000931
2019-02-19 08:50:46,204 - main - INFO - [113] T/loss=3.817440 T/acc1=0.572838 T/acc2=0.000000 T/sec= 2.464682 D/loss=5.936039 D/acc1=0.220826 D/acc2=0.276535 D/sec= 0.051547 rate=0.000932
2019-02-19 08:50:48,766 - main - INFO - [114] T/loss=3.913185 T/acc1=0.567615 T/acc2=0.000000 T/sec= 2.453497 D/loss=7.091291 D/acc1=0.231598 D/acc2=0.385874 D/sec= 0.108728 rate=0.000934
2019-02-19 08:50:51,189 - main - INFO - [115] T/loss=3.863497 T/acc1=0.571097 T/acc2=0.000000 T/sec= 2.370379 D/loss=5.315713 D/acc1=0.368043 D/acc2=0.324012 D/sec= 0.052409 rate=0.000935
2019-02-19 08:50:53,404 - main - INFO - [116] T/loss=3.852370 T/acc1=0.569356 T/acc2=0.000000 T/sec= 2.163168 D/loss=5.868473 D/acc1=0.321364 D/acc2=0.423353 D/sec= 0.052308 rate=0.000936
2019-02-19 08:50:55,784 - main - INFO - [117] T/loss=3.995501 T/acc1=0.546721 T/acc2=0.000000 T/sec= 2.327880 D/loss=5.224537 D/acc1=0.450628 D/acc2=0.495199 D/sec= 0.051646 rate=0.000937
2019-02-19 08:50:58,102 - main - INFO - [118] T/loss=3.890725 T/acc1=0.557748 T/acc2=0.000000 T/sec= 2.260551 D/loss=5.361822 D/acc1=0.430880 D/acc2=0.429272 D/sec= 0.057169 rate=0.000938
2019-02-19 08:51:00,653 - main - INFO - [119] T/loss=3.863848 T/acc1=0.547882 T/acc2=0.000000 T/sec= 2.442812 D/loss=7.384342 D/acc1=0.263914 D/acc2=0.268380 D/sec= 0.108532 rate=0.000940
2019-02-19 08:51:03,004 - main - INFO - [120] T/loss=3.807625 T/acc1=0.550203 T/acc2=0.000000 T/sec= 2.298515 D/loss=8.452360 D/acc1=0.105925 D/acc2=0.281317 D/sec= 0.052120 rate=0.000941
2019-02-19 08:51:05,454 - main - INFO - [121] T/loss=3.837718 T/acc1=0.556587 T/acc2=0.000000 T/sec= 2.376479 D/loss=5.361239 D/acc1=0.579892 D/acc2=0.360102 D/sec= 0.073794 rate=0.000942
2019-02-19 08:51:07,843 - main - INFO - [122] T/loss=3.856506 T/acc1=0.557168 T/acc2=0.000000 T/sec= 2.338042 D/loss=5.365349 D/acc1=0.276481 D/acc2=0.319924 D/sec= 0.051061 rate=0.000943
2019-02-19 08:51:10,058 - main - INFO - [123] T/loss=3.892902 T/acc1=0.568775 T/acc2=0.000000 T/sec= 2.161620 D/loss=4.926511 D/acc1=0.450628 D/acc2=0.518284 D/sec= 0.053720 rate=0.000944
2019-02-19 08:51:12,490 - main - INFO - [124] T/loss=3.925741 T/acc1=0.541497 T/acc2=0.000000 T/sec= 2.381541 D/loss=6.269491 D/acc1=0.326750 D/acc2=0.413620 D/sec= 0.050345 rate=0.000945
2019-02-19 08:51:14,755 - main - INFO - [125] T/loss=3.906932 T/acc1=0.557168 T/acc2=0.000000 T/sec= 2.210227 D/loss=7.395202 D/acc1=0.131059 D/acc2=0.315793 D/sec= 0.054006 rate=0.000946
2019-02-19 08:51:17,231 - main - INFO - [126] T/loss=3.930084 T/acc1=0.531631 T/acc2=0.000000 T/sec= 2.371843 D/loss=4.864620 D/acc1=0.540395 D/acc2=0.517159 D/sec= 0.104357 rate=0.000947
2019-02-19 08:51:19,506 - main - INFO - [127] T/loss=3.844208 T/acc1=0.556007 T/acc2=0.000000 T/sec= 2.221469 D/loss=8.254486 D/acc1=0.249551 D/acc2=0.262420 D/sec= 0.053860 rate=0.000948
2019-02-19 08:51:21,773 - main - INFO - [128] T/loss=3.870273 T/acc1=0.558328 T/acc2=0.000000 T/sec= 2.217581 D/loss=5.717045 D/acc1=0.355476 D/acc2=0.406218 D/sec= 0.049592 rate=0.000949
2019-02-19 08:51:24,265 - main - INFO - [129] T/loss=3.938375 T/acc1=0.554846 T/acc2=0.000000 T/sec= 2.441548 D/loss=5.027281 D/acc1=0.342908 D/acc2=0.383628 D/sec= 0.050175 rate=0.000950
2019-02-19 08:51:26,648 - main - INFO - [130] T/loss=3.927221 T/acc1=0.559489 T/acc2=0.000000 T/sec= 2.276619 D/loss=8.510896 D/acc1=0.303411 D/acc2=0.348250 D/sec= 0.106441 rate=0.000951
2019-02-19 08:51:29,046 - main - INFO - [131] T/loss=4.078195 T/acc1=0.532211 T/acc2=0.000000 T/sec= 2.348359 D/loss=9.036629 D/acc1=0.526032 D/acc2=0.279833 D/sec= 0.049573 rate=0.000952
2019-02-19 08:51:31,254 - main - INFO - [132] T/loss=4.005969 T/acc1=0.547882 T/acc2=0.000000 T/sec= 2.154562 D/loss=6.594469 D/acc1=0.452424 D/acc2=0.366965 D/sec= 0.053372 rate=0.000952
2019-02-19 08:51:33,816 - main - INFO - [133] T/loss=3.889868 T/acc1=0.562972 T/acc2=0.000000 T/sec= 2.463077 D/loss=10.384125 D/acc1=0.296230 D/acc2=0.275857 D/sec= 0.098626 rate=0.000953
2019-02-19 08:51:36,086 - main - INFO - [134] T/loss=3.912223 T/acc1=0.562972 T/acc2=0.000000 T/sec= 2.218287 D/loss=6.029010 D/acc1=0.511670 D/acc2=0.398148 D/sec= 0.052223 rate=0.000954
2019-02-19 08:51:38,338 - main - INFO - [135] T/loss=3.890581 T/acc1=0.547882 T/acc2=0.000000 T/sec= 2.203438 D/loss=4.885466 D/acc1=0.596050 D/acc2=0.407889 D/sec= 0.048628 rate=0.000955
2019-02-19 08:51:40,710 - main - INFO - [136] T/loss=3.954751 T/acc1=0.561230 T/acc2=0.000000 T/sec= 2.320532 D/loss=4.752654 D/acc1=0.475763 D/acc2=0.379940 D/sec= 0.051652 rate=0.000956
2019-02-19 08:51:43,157 - main - INFO - [137] T/loss=4.005390 T/acc1=0.554846 T/acc2=0.000000 T/sec= 2.339006 D/loss=6.755818 D/acc1=0.292639 D/acc2=0.353732 D/sec= 0.107796 rate=0.000957
2019-02-19 08:51:45,518 - main - INFO - [138] T/loss=3.924168 T/acc1=0.551944 T/acc2=0.000000 T/sec= 2.310559 D/loss=6.950121 D/acc1=0.515260 D/acc2=0.370484 D/sec= 0.049954 rate=0.000957
2019-02-19 08:51:47,731 - main - INFO - [139] T/loss=3.897369 T/acc1=0.540337 T/acc2=0.000000 T/sec= 2.135363 D/loss=6.452919 D/acc1=0.251346 D/acc2=0.377593 D/sec= 0.078220 rate=0.000958
2019-02-19 08:51:50,329 - main - INFO - [140] T/loss=3.919920 T/acc1=0.542078 T/acc2=0.000000 T/sec= 2.492911 D/loss=5.267841 D/acc1=0.335727 D/acc2=0.442850 D/sec= 0.105031 rate=0.000959
2019-02-19 08:51:52,673 - main - INFO - [141] T/loss=3.884972 T/acc1=0.565293 T/acc2=0.000000 T/sec= 2.287957 D/loss=8.911728 D/acc1=0.102334 D/acc2=0.279442 D/sec= 0.056161 rate=0.000960
2019-02-19 08:51:54,891 - main - INFO - [142] T/loss=4.144635 T/acc1=0.513059 T/acc2=0.000000 T/sec= 2.168204 D/loss=4.983692 D/acc1=0.287253 D/acc2=0.444860 D/sec= 0.049207 rate=0.000960
2019-02-19 08:51:57,219 - main - INFO - [143] T/loss=3.996226 T/acc1=0.531631 T/acc2=0.000000 T/sec= 2.275473 D/loss=5.000662 D/acc1=0.540395 D/acc2=0.380682 D/sec= 0.052644 rate=0.000961
2019-02-19 08:51:59,340 - main - INFO - [144] T/loss=3.965537 T/acc1=0.544980 T/acc2=0.000000 T/sec= 2.065429 D/loss=5.513949 D/acc1=0.206463 D/acc2=0.425289 D/sec= 0.056051 rate=0.000962
2019-02-19 08:52:01,621 - main - INFO - [145] T/loss=3.962490 T/acc1=0.549042 T/acc2=0.000000 T/sec= 2.230560 D/loss=4.491138 D/acc1=0.350090 D/acc2=0.375645 D/sec= 0.049657 rate=0.000963
2019-02-19 08:52:03,996 - main - INFO - [146] T/loss=3.887624 T/acc1=0.548462 T/acc2=0.000000 T/sec= 2.323329 D/loss=5.076590 D/acc1=0.396768 D/acc2=0.448215 D/sec= 0.051910 rate=0.000963
2019-02-19 08:52:06,741 - main - INFO - [147] T/loss=3.995015 T/acc1=0.539756 T/acc2=0.000000 T/sec= 2.635752 D/loss=7.931365 D/acc1=0.201077 D/acc2=0.318467 D/sec= 0.109896 rate=0.000964
2019-02-19 08:52:09,120 - main - INFO - [148] T/loss=3.937095 T/acc1=0.573418 T/acc2=0.000000 T/sec= 2.323975 D/loss=4.844061 D/acc1=0.558348 D/acc2=0.466916 D/sec= 0.054936 rate=0.000965
2019-02-19 08:52:11,588 - main - INFO - [149] T/loss=4.138441 T/acc1=0.509576 T/acc2=0.000000 T/sec= 2.331075 D/loss=9.843887 D/acc1=0.104129 D/acc2=0.272326 D/sec= 0.136373 rate=0.000965
2019-02-19 08:52:13,936 - main - INFO - [150] T/loss=4.057866 T/acc1=0.532211 T/acc2=0.000000 T/sec= 2.297741 D/loss=5.475129 D/acc1=0.233393 D/acc2=0.380607 D/sec= 0.050507 rate=0.000966
2019-02-19 08:52:16,104 - main - INFO - [151] T/loss=4.079995 T/acc1=0.517702 T/acc2=0.000000 T/sec= 2.114740 D/loss=5.417604 D/acc1=0.315978 D/acc2=0.400256 D/sec= 0.053208 rate=0.000966
2019-02-19 08:52:18,356 - main - INFO - [152] T/loss=3.883370 T/acc1=0.585026 T/acc2=0.000000 T/sec= 2.201349 D/loss=6.383695 D/acc1=0.461400 D/acc2=0.400967 D/sec= 0.050795 rate=0.000967
2019-02-19 08:52:20,567 - main - INFO - [153] T/loss=4.038937 T/acc1=0.539756 T/acc2=0.000000 T/sec= 2.150661 D/loss=7.561375 D/acc1=0.509874 D/acc2=0.297424 D/sec= 0.059785 rate=0.000968
2019-02-19 08:52:22,930 - main - INFO - [154] T/loss=4.125725 T/acc1=0.528149 T/acc2=0.000000 T/sec= 2.252646 D/loss=4.782573 D/acc1=0.233393 D/acc2=0.377901 D/sec= 0.111269 rate=0.000968
2019-02-19 08:52:25,293 - main - INFO - [155] T/loss=4.024399 T/acc1=0.535694 T/acc2=0.000000 T/sec= 2.309283 D/loss=4.970095 D/acc1=0.292639 D/acc2=0.358696 D/sec= 0.053308 rate=0.000969
2019-02-19 08:52:27,397 - main - INFO - [156] T/loss=3.933256 T/acc1=0.557748 T/acc2=0.000000 T/sec= 2.047150 D/loss=5.708560 D/acc1=0.215440 D/acc2=0.409648 D/sec= 0.056973 rate=0.000969
2019-02-19 08:52:29,781 - main - INFO - [157] T/loss=3.891037 T/acc1=0.537435 T/acc2=0.000000 T/sec= 2.331311 D/loss=6.724906 D/acc1=0.283662 D/acc2=0.372813 D/sec= 0.052463 rate=0.000970
2019-02-19 08:52:31,972 - main - INFO - [158] T/loss=3.964377 T/acc1=0.543819 T/acc2=0.000000 T/sec= 2.135895 D/loss=6.628831 D/acc1=0.285458 D/acc2=0.431682 D/sec= 0.054974 rate=0.000971
2019-02-19 08:52:34,477 - main - INFO - [159] T/loss=3.892153 T/acc1=0.560070 T/acc2=0.000000 T/sec= 2.399503 D/loss=4.864920 D/acc1=0.554758 D/acc2=0.539064 D/sec= 0.105972 rate=0.000971
saving early-stopped model (uar) at epoch 159
2019-02-19 08:52:37,285 - main - INFO - [160] T/loss=3.869884 T/acc1=0.560650 T/acc2=0.000000 T/sec= 2.752618 D/loss=6.155263 D/acc1=0.538600 D/acc2=0.316545 D/sec= 0.054651 rate=0.000972
2019-02-19 08:52:39,688 - main - INFO - [161] T/loss=3.936119 T/acc1=0.578642 T/acc2=0.000000 T/sec= 2.278853 D/loss=8.377523 D/acc1=0.506284 D/acc2=0.333983 D/sec= 0.124911 rate=0.000972
2019-02-19 08:52:41,979 - main - INFO - [162] T/loss=3.854819 T/acc1=0.550784 T/acc2=0.000000 T/sec= 2.236850 D/loss=4.786356 D/acc1=0.335727 D/acc2=0.332786 D/sec= 0.053381 rate=0.000973
2019-02-19 08:52:44,065 - main - INFO - [163] T/loss=3.887125 T/acc1=0.548462 T/acc2=0.000000 T/sec= 2.031202 D/loss=7.371130 D/acc1=0.271095 D/acc2=0.271864 D/sec= 0.054870 rate=0.000973
2019-02-19 08:52:46,302 - main - INFO - [164] T/loss=4.011707 T/acc1=0.548462 T/acc2=0.000000 T/sec= 2.185656 D/loss=5.120462 D/acc1=0.332136 D/acc2=0.468411 D/sec= 0.052141 rate=0.000974
2019-02-19 08:52:48,475 - main - INFO - [165] T/loss=3.999807 T/acc1=0.554846 T/acc2=0.000000 T/sec= 2.118968 D/loss=4.812912 D/acc1=0.504488 D/acc2=0.379440 D/sec= 0.053635 rate=0.000974
2019-02-19 08:52:50,979 - main - INFO - [166] T/loss=3.983664 T/acc1=0.555427 T/acc2=0.000000 T/sec= 2.396657 D/loss=4.700164 D/acc1=0.281867 D/acc2=0.352656 D/sec= 0.107012 rate=0.000975
2019-02-19 08:52:53,246 - main - INFO - [167] T/loss=4.042315 T/acc1=0.531631 T/acc2=0.000000 T/sec= 2.213961 D/loss=6.094561 D/acc1=0.305206 D/acc2=0.430311 D/sec= 0.053286 rate=0.000975
2019-02-19 08:52:55,371 - main - INFO - [168] T/loss=3.902031 T/acc1=0.571097 T/acc2=0.000000 T/sec= 2.071424 D/loss=4.910267 D/acc1=0.502693 D/acc2=0.432141 D/sec= 0.053653 rate=0.000975
2019-02-19 08:52:57,696 - main - INFO - [169] T/loss=3.859458 T/acc1=0.579803 T/acc2=0.000000 T/sec= 2.274844 D/loss=4.535856 D/acc1=0.459605 D/acc2=0.494593 D/sec= 0.050257 rate=0.000976
2019-02-19 08:52:59,816 - main - INFO - [170] T/loss=3.855028 T/acc1=0.569936 T/acc2=0.000000 T/sec= 2.065774 D/loss=5.827363 D/acc1=0.450628 D/acc2=0.435935 D/sec= 0.054489 rate=0.000976
2019-02-19 08:53:02,202 - main - INFO - [171] T/loss=3.939161 T/acc1=0.550784 T/acc2=0.000000 T/sec= 2.277318 D/loss=5.045230 D/acc1=0.398564 D/acc2=0.505709 D/sec= 0.108637 rate=0.000977
2019-02-19 08:53:04,486 - main - INFO - [172] T/loss=3.900776 T/acc1=0.554266 T/acc2=0.000000 T/sec= 2.230568 D/loss=6.315421 D/acc1=0.233393 D/acc2=0.367246 D/sec= 0.053499 rate=0.000977
2019-02-19 08:53:06,902 - main - INFO - [173] T/loss=3.870377 T/acc1=0.572838 T/acc2=0.000000 T/sec= 2.302324 D/loss=6.908202 D/acc1=0.226212 D/acc2=0.398931 D/sec= 0.112972 rate=0.000978
2019-02-19 08:53:09,215 - main - INFO - [174] T/loss=3.974493 T/acc1=0.538595 T/acc2=0.000000 T/sec= 2.263164 D/loss=6.551313 D/acc1=0.387792 D/acc2=0.417412 D/sec= 0.050420 rate=0.000978
2019-02-19 08:53:11,234 - main - INFO - [175] T/loss=4.007858 T/acc1=0.538595 T/acc2=0.000000 T/sec= 1.964171 D/loss=4.882097 D/acc1=0.473968 D/acc2=0.434501 D/sec= 0.054669 rate=0.000978
2019-02-19 08:53:13,594 - main - INFO - [176] T/loss=4.076803 T/acc1=0.533372 T/acc2=0.000000 T/sec= 2.256810 D/loss=4.988671 D/acc1=0.556553 D/acc2=0.365771 D/sec= 0.102876 rate=0.000979
2019-02-19 08:53:15,897 - main - INFO - [177] T/loss=4.049894 T/acc1=0.538015 T/acc2=0.000000 T/sec= 2.247960 D/loss=6.238767 D/acc1=0.529623 D/acc2=0.375299 D/sec= 0.054787 rate=0.000979
2019-02-19 08:53:18,296 - main - INFO - [178] T/loss=3.973079 T/acc1=0.542658 T/acc2=0.000000 T/sec= 2.286334 D/loss=10.224677 D/acc1=0.307002 D/acc2=0.283101 D/sec= 0.113382 rate=0.000980
2019-02-19 08:53:20,677 - main - INFO - [179] T/loss=3.946749 T/acc1=0.543239 T/acc2=0.000000 T/sec= 2.325054 D/loss=9.055384 D/acc1=0.122083 D/acc2=0.294138 D/sec= 0.055400 rate=0.000980
2019-02-19 08:53:22,730 - main - INFO - [180] T/loss=3.969418 T/acc1=0.537435 T/acc2=0.000000 T/sec= 2.001211 D/loss=9.028108 D/acc1=0.360862 D/acc2=0.305199 D/sec= 0.052308 rate=0.000980
2019-02-19 08:53:25,135 - main - INFO - [181] T/loss=4.057544 T/acc1=0.534533 T/acc2=0.000000 T/sec= 2.295140 D/loss=5.379190 D/acc1=0.231598 D/acc2=0.401855 D/sec= 0.109378 rate=0.000981
2019-02-19 08:53:27,350 - main - INFO - [182] T/loss=4.017551 T/acc1=0.538015 T/acc2=0.000000 T/sec= 2.163353 D/loss=9.354512 D/acc1=0.129264 D/acc2=0.291449 D/sec= 0.051622 rate=0.000981
2019-02-19 08:53:29,573 - main - INFO - [183] T/loss=4.146772 T/acc1=0.534533 T/acc2=0.000000 T/sec= 2.100605 D/loss=5.702333 D/acc1=0.581688 D/acc2=0.365549 D/sec= 0.122902 rate=0.000981
2019-02-19 08:53:31,953 - main - INFO - [184] T/loss=4.018270 T/acc1=0.539176 T/acc2=0.000000 T/sec= 2.325407 D/loss=6.056371 D/acc1=0.543986 D/acc2=0.290110 D/sec= 0.054083 rate=0.000982
2019-02-19 08:53:34,047 - main - INFO - [185] T/loss=4.038131 T/acc1=0.542078 T/acc2=0.000000 T/sec= 2.037674 D/loss=10.236230 D/acc1=0.235189 D/acc2=0.322721 D/sec= 0.056870 rate=0.000982
2019-02-19 08:53:36,363 - main - INFO - [186] T/loss=4.073075 T/acc1=0.535694 T/acc2=0.000000 T/sec= 2.211921 D/loss=5.135782 D/acc1=0.506284 D/acc2=0.415755 D/sec= 0.104194 rate=0.000982
2019-02-19 08:53:38,541 - main - INFO - [187] T/loss=3.979910 T/acc1=0.527568 T/acc2=0.000000 T/sec= 2.124776 D/loss=5.044678 D/acc1=0.457810 D/acc2=0.422078 D/sec= 0.052882 rate=0.000983
2019-02-19 08:53:40,546 - main - INFO - [188] T/loss=4.138098 T/acc1=0.536854 T/acc2=0.000000 T/sec= 1.945766 D/loss=11.161655 D/acc1=0.059246 D/acc2=0.254238 D/sec= 0.059222 rate=0.000983
2019-02-19 08:53:42,785 - main - INFO - [189] T/loss=4.137569 T/acc1=0.524666 T/acc2=0.000000 T/sec= 2.187810 D/loss=5.822822 D/acc1=0.280072 D/acc2=0.389487 D/sec= 0.051588 rate=0.000983
2019-02-19 08:53:44,946 - main - INFO - [190] T/loss=3.987568 T/acc1=0.545560 T/acc2=0.000000 T/sec= 2.106667 D/loss=5.433951 D/acc1=0.380610 D/acc2=0.418415 D/sec= 0.053609 rate=0.000984
2019-02-19 08:53:47,244 - main - INFO - [191] T/loss=4.148536 T/acc1=0.523506 T/acc2=0.000000 T/sec= 2.195049 D/loss=4.576065 D/acc1=0.542190 D/acc2=0.462235 D/sec= 0.103102 rate=0.000984
2019-02-19 08:53:49,481 - main - INFO - [192] T/loss=4.053395 T/acc1=0.548462 T/acc2=0.000000 T/sec= 2.183564 D/loss=5.233972 D/acc1=0.626571 D/acc2=0.413915 D/sec= 0.053765 rate=0.000984
2019-02-19 08:53:51,542 - main - INFO - [193] T/loss=3.990024 T/acc1=0.549042 T/acc2=0.000000 T/sec= 2.001121 D/loss=6.602704 D/acc1=0.531418 D/acc2=0.407840 D/sec= 0.059338 rate=0.000984
2019-02-19 08:53:53,850 - main - INFO - [194] T/loss=3.915362 T/acc1=0.546721 T/acc2=0.000000 T/sec= 2.254463 D/loss=6.449398 D/acc1=0.493716 D/acc2=0.426597 D/sec= 0.053891 rate=0.000985
2019-02-19 08:53:56,090 - main - INFO - [195] T/loss=4.028530 T/acc1=0.561811 T/acc2=0.000000 T/sec= 2.182577 D/loss=4.657888 D/acc1=0.495512 D/acc2=0.380541 D/sec= 0.057455 rate=0.000985
2019-02-19 08:53:58,485 - main - INFO - [196] T/loss=4.007396 T/acc1=0.544980 T/acc2=0.000000 T/sec= 2.236548 D/loss=5.277565 D/acc1=0.219031 D/acc2=0.409634 D/sec= 0.158506 rate=0.000985
2019-02-19 08:54:00,722 - main - INFO - [197] T/loss=4.023587 T/acc1=0.529890 T/acc2=0.000000 T/sec= 2.185180 D/loss=5.522159 D/acc1=0.538600 D/acc2=0.426037 D/sec= 0.051311 rate=0.000986
2019-02-19 08:54:02,701 - main - INFO - [198] T/loss=4.028047 T/acc1=0.541497 T/acc2=0.000000 T/sec= 1.926316 D/loss=4.872810 D/acc1=0.337522 D/acc2=0.501835 D/sec= 0.053211 rate=0.000986
2019-02-19 08:54:04,911 - main - INFO - [199] T/loss=3.989644 T/acc1=0.555427 T/acc2=0.000000 T/sec= 2.157506 D/loss=5.116150 D/acc1=0.587074 D/acc2=0.422516 D/sec= 0.051957 rate=0.000986
2019-02-19 08:54:07,110 - main - INFO - [200] T/loss=4.035580 T/acc1=0.522345 T/acc2=0.000000 T/sec= 2.138821 D/loss=4.769975 D/acc1=0.324955 D/acc2=0.376749 D/sec= 0.060616 rate=0.000986
2019-02-19 08:54:09,512 - main - INFO - [201] T/loss=4.153908 T/acc1=0.529309 T/acc2=0.000000 T/sec= 2.290744 D/loss=8.831376 D/acc1=0.515260 D/acc2=0.285967 D/sec= 0.111470 rate=0.000987
2019-02-19 08:54:11,865 - main - INFO - [202] T/loss=4.020520 T/acc1=0.541497 T/acc2=0.000000 T/sec= 2.302657 D/loss=5.333688 D/acc1=0.274686 D/acc2=0.411797 D/sec= 0.050381 rate=0.000987
2019-02-19 08:54:14,027 - main - INFO - [203] T/loss=4.006381 T/acc1=0.505514 T/acc2=0.000000 T/sec= 2.106109 D/loss=4.927414 D/acc1=0.543986 D/acc2=0.388540 D/sec= 0.055399 rate=0.000987
2019-02-19 08:54:16,623 - main - INFO - [204] T/loss=4.116652 T/acc1=0.522345 T/acc2=0.000000 T/sec= 2.486491 D/loss=4.801836 D/acc1=0.398564 D/acc2=0.399851 D/sec= 0.109710 rate=0.000987
2019-02-19 08:54:18,771 - main - INFO - [205] T/loss=4.060664 T/acc1=0.540917 T/acc2=0.000000 T/sec= 2.096381 D/loss=5.797005 D/acc1=0.206463 D/acc2=0.260866 D/sec= 0.051344 rate=0.000987
2019-02-19 08:54:20,814 - main - INFO - [206] T/loss=4.073124 T/acc1=0.541497 T/acc2=0.000000 T/sec= 1.988046 D/loss=5.066623 D/acc1=0.382406 D/acc2=0.362852 D/sec= 0.054989 rate=0.000988
2019-02-19 08:54:23,073 - main - INFO - [207] T/loss=3.955438 T/acc1=0.539756 T/acc2=0.000000 T/sec= 2.207576 D/loss=5.899644 D/acc1=0.542190 D/acc2=0.400929 D/sec= 0.051898 rate=0.000988
2019-02-19 08:54:25,237 - main - INFO - [208] T/loss=3.910094 T/acc1=0.556007 T/acc2=0.000000 T/sec= 2.107216 D/loss=6.475678 D/acc1=0.150808 D/acc2=0.350688 D/sec= 0.056452 rate=0.000988
2019-02-19 08:54:27,493 - main - INFO - [209] T/loss=4.132806 T/acc1=0.529309 T/acc2=0.000000 T/sec= 2.147357 D/loss=6.453306 D/acc1=0.192101 D/acc2=0.357716 D/sec= 0.108731 rate=0.000988
2019-02-19 08:54:29,912 - main - INFO - [210] T/loss=3.999004 T/acc1=0.535694 T/acc2=0.000000 T/sec= 2.367294 D/loss=12.520259 D/acc1=0.093357 D/acc2=0.283289 D/sec= 0.051773 rate=0.000989
2019-02-19 08:54:31,931 - main - INFO - [211] T/loss=4.043861 T/acc1=0.531050 T/acc2=0.000000 T/sec= 1.963856 D/loss=6.168938 D/acc1=0.526032 D/acc2=0.425053 D/sec= 0.055003 rate=0.000989
2019-02-19 08:54:34,745 - main - INFO - [212] T/loss=4.115471 T/acc1=0.536274 T/acc2=0.000000 T/sec= 2.602936 D/loss=5.529287 D/acc1=0.560144 D/acc2=0.384110 D/sec= 0.211008 rate=0.000989
2019-02-19 08:54:36,906 - main - INFO - [213] T/loss=4.036098 T/acc1=0.538595 T/acc2=0.000000 T/sec= 2.105595 D/loss=5.094693 D/acc1=0.533214 D/acc2=0.375049 D/sec= 0.055216 rate=0.000989
2019-02-19 08:54:38,860 - main - INFO - [214] T/loss=4.078894 T/acc1=0.542078 T/acc2=0.000000 T/sec= 1.902158 D/loss=6.935411 D/acc1=0.253142 D/acc2=0.402990 D/sec= 0.052416 rate=0.000989
2019-02-19 08:54:41,279 - main - INFO - [215] T/loss=4.098601 T/acc1=0.536274 T/acc2=0.000000 T/sec= 2.341294 D/loss=4.275796 D/acc1=0.482944 D/acc2=0.444528 D/sec= 0.077410 rate=0.000990
2019-02-19 08:54:43,403 - main - INFO - [216] T/loss=4.022460 T/acc1=0.563552 T/acc2=0.000000 T/sec= 2.069135 D/loss=5.771138 D/acc1=0.482944 D/acc2=0.427156 D/sec= 0.054664 rate=0.000990
2019-02-19 08:54:45,366 - main - INFO - [217] T/loss=4.119902 T/acc1=0.549042 T/acc2=0.000000 T/sec= 1.907760 D/loss=6.371442 D/acc1=0.552962 D/acc2=0.478464 D/sec= 0.055337 rate=0.000990
2019-02-19 08:54:47,564 - main - INFO - [218] T/loss=4.085989 T/acc1=0.538595 T/acc2=0.000000 T/sec= 2.144650 D/loss=7.320626 D/acc1=0.296230 D/acc2=0.328707 D/sec= 0.053978 rate=0.000990
2019-02-19 08:54:49,613 - main - INFO - [219] T/loss=4.061432 T/acc1=0.544980 T/acc2=0.000000 T/sec= 1.991614 D/loss=7.462537 D/acc1=0.222621 D/acc2=0.343570 D/sec= 0.056886 rate=0.000990
2019-02-19 08:54:51,753 - main - INFO - [220] T/loss=4.231513 T/acc1=0.514219 T/acc2=0.000000 T/sec= 2.016466 D/loss=7.182127 D/acc1=0.339318 D/acc2=0.375748 D/sec= 0.123839 rate=0.000990
2019-02-19 08:54:53,930 - main - INFO - [221] T/loss=4.042006 T/acc1=0.546721 T/acc2=0.000000 T/sec= 2.124726 D/loss=5.984618 D/acc1=0.299820 D/acc2=0.323928 D/sec= 0.052465 rate=0.000991
2019-02-19 08:54:56,159 - main - INFO - [222] T/loss=4.139236 T/acc1=0.515380 T/acc2=0.000000 T/sec= 2.166795 D/loss=6.779439 D/acc1=0.560144 D/acc2=0.318734 D/sec= 0.061793 rate=0.000991
2019-02-19 08:54:59,139 - main - INFO - [223] T/loss=4.022603 T/acc1=0.532211 T/acc2=0.000000 T/sec= 2.782629 D/loss=5.600574 D/acc1=0.448833 D/acc2=0.486798 D/sec= 0.197035 rate=0.000991
2019-02-19 08:55:01,462 - main - INFO - [224] T/loss=4.091960 T/acc1=0.543819 T/acc2=0.000000 T/sec= 2.267763 D/loss=4.539807 D/acc1=0.535009 D/acc2=0.424640 D/sec= 0.055598 rate=0.000991
2019-02-19 08:55:03,774 - main - INFO - [225] T/loss=3.983088 T/acc1=0.534533 T/acc2=0.000000 T/sec= 2.258215 D/loss=8.250213 D/acc1=0.120287 D/acc2=0.302395 D/sec= 0.054085 rate=0.000991
2019-02-19 08:55:06,320 - main - INFO - [226] T/loss=4.139450 T/acc1=0.531050 T/acc2=0.000000 T/sec= 2.437965 D/loss=6.306986 D/acc1=0.375224 D/acc2=0.381064 D/sec= 0.107618 rate=0.000991
2019-02-19 08:55:08,566 - main - INFO - [227] T/loss=4.156812 T/acc1=0.538595 T/acc2=0.000000 T/sec= 2.186978 D/loss=5.174285 D/acc1=0.513465 D/acc2=0.475809 D/sec= 0.059252 rate=0.000992
2019-02-19 08:55:10,747 - main - INFO - [228] T/loss=4.091196 T/acc1=0.525247 T/acc2=0.000000 T/sec= 2.120601 D/loss=5.506801 D/acc1=0.456014 D/acc2=0.395280 D/sec= 0.059931 rate=0.000992
2019-02-19 08:55:13,114 - main - INFO - [229] T/loss=4.087818 T/acc1=0.510157 T/acc2=0.000000 T/sec= 2.314931 D/loss=4.658982 D/acc1=0.341113 D/acc2=0.347582 D/sec= 0.052452 rate=0.000992
2019-02-19 08:55:15,326 - main - INFO - [230] T/loss=4.018514 T/acc1=0.546140 T/acc2=0.000000 T/sec= 2.157437 D/loss=5.244174 D/acc1=0.463196 D/acc2=0.400833 D/sec= 0.054516 rate=0.000992
2019-02-19 08:55:17,540 - main - INFO - [231] T/loss=4.102525 T/acc1=0.511898 T/acc2=0.000000 T/sec= 2.120151 D/loss=6.956092 D/acc1=0.380610 D/acc2=0.408028 D/sec= 0.093719 rate=0.000992
2019-02-19 08:55:19,944 - main - INFO - [232] T/loss=4.190842 T/acc1=0.506674 T/acc2=0.000000 T/sec= 2.347409 D/loss=6.209670 D/acc1=0.427289 D/acc2=0.452048 D/sec= 0.056206 rate=0.000992
2019-02-19 08:55:22,083 - main - INFO - [233] T/loss=4.136407 T/acc1=0.528149 T/acc2=0.000000 T/sec= 2.086547 D/loss=10.639713 D/acc1=0.104129 D/acc2=0.266326 D/sec= 0.053212 rate=0.000992
2019-02-19 08:55:25,175 - main - INFO - [234] T/loss=4.068421 T/acc1=0.547882 T/acc2=0.000000 T/sec= 2.853521 D/loss=5.086424 D/acc1=0.298025 D/acc2=0.449061 D/sec= 0.238660 rate=0.000993
2019-02-19 08:55:27,416 - main - INFO - [235] T/loss=4.037269 T/acc1=0.549623 T/acc2=0.000000 T/sec= 2.186169 D/loss=5.887075 D/acc1=0.285458 D/acc2=0.317455 D/sec= 0.054360 rate=0.000993
2019-02-19 08:55:29,593 - main - INFO - [236] T/loss=4.090584 T/acc1=0.539756 T/acc2=0.000000 T/sec= 2.112921 D/loss=6.371221 D/acc1=0.403950 D/acc2=0.343416 D/sec= 0.063983 rate=0.000993
2019-02-19 08:55:32,303 - main - INFO - [237] T/loss=4.103449 T/acc1=0.554846 T/acc2=0.000000 T/sec= 2.597297 D/loss=4.875618 D/acc1=0.324955 D/acc2=0.377398 D/sec= 0.112765 rate=0.000993
2019-02-19 08:55:34,571 - main - INFO - [238] T/loss=4.039884 T/acc1=0.556007 T/acc2=0.000000 T/sec= 2.212870 D/loss=5.096972 D/acc1=0.470377 D/acc2=0.532492 D/sec= 0.055400 rate=0.000993
2019-02-19 08:55:36,819 - main - INFO - [239] T/loss=4.066176 T/acc1=0.559489 T/acc2=0.000000 T/sec= 2.179770 D/loss=4.648063 D/acc1=0.610413 D/acc2=0.462926 D/sec= 0.067538 rate=0.000993
2019-02-19 08:55:39,157 - main - INFO - [240] T/loss=4.173733 T/acc1=0.526988 T/acc2=0.000000 T/sec= 2.287030 D/loss=6.040895 D/acc1=0.192101 D/acc2=0.250922 D/sec= 0.051550 rate=0.000993
2019-02-19 08:55:41,152 - main - INFO - [241] T/loss=4.190621 T/acc1=0.528149 T/acc2=0.000000 T/sec= 1.941920 D/loss=6.262685 D/acc1=0.380610 D/acc2=0.416344 D/sec= 0.053215 rate=0.000993
2019-02-19 08:55:43,563 - main - INFO - [242] T/loss=3.984585 T/acc1=0.544980 T/acc2=0.000000 T/sec= 2.215427 D/loss=5.567897 D/acc1=0.418312 D/acc2=0.474621 D/sec= 0.195718 rate=0.000994
2019-02-19 08:55:45,888 - main - INFO - [243] T/loss=4.130560 T/acc1=0.526407 T/acc2=0.000000 T/sec= 2.267257 D/loss=4.562598 D/acc1=0.427289 D/acc2=0.507426 D/sec= 0.057102 rate=0.000994
2019-02-19 08:55:48,081 - main - INFO - [244] T/loss=4.069366 T/acc1=0.528149 T/acc2=0.000000 T/sec= 2.125009 D/loss=6.673738 D/acc1=0.262118 D/acc2=0.276382 D/sec= 0.068101 rate=0.000994
2019-02-19 08:55:50,921 - main - INFO - [245] T/loss=4.022682 T/acc1=0.539176 T/acc2=0.000000 T/sec= 2.739246 D/loss=5.105284 D/acc1=0.373429 D/acc2=0.360800 D/sec= 0.101304 rate=0.000994
2019-02-19 08:55:53,112 - main - INFO - [246] T/loss=4.040998 T/acc1=0.543819 T/acc2=0.000000 T/sec= 2.135071 D/loss=5.491297 D/acc1=0.520646 D/acc2=0.436589 D/sec= 0.055290 rate=0.000994
2019-02-19 08:55:55,098 - main - INFO - [247] T/loss=3.911488 T/acc1=0.553105 T/acc2=0.000000 T/sec= 1.927539 D/loss=6.814668 D/acc1=0.274686 D/acc2=0.388834 D/sec= 0.058300 rate=0.000994
2019-02-19 08:55:57,530 - main - INFO - [248] T/loss=3.985250 T/acc1=0.554266 T/acc2=0.000000 T/sec= 2.380273 D/loss=5.818217 D/acc1=0.579892 D/acc2=0.394857 D/sec= 0.052599 rate=0.000994
2019-02-19 08:55:59,613 - main - INFO - [249] T/loss=4.069586 T/acc1=0.540917 T/acc2=0.000000 T/sec= 2.018637 D/loss=4.946688 D/acc1=0.342908 D/acc2=0.379120 D/sec= 0.064301 rate=0.000994
2019-02-19 08:56:01,809 - main - INFO - [250] T/loss=4.030575 T/acc1=0.533952 T/acc2=0.000000 T/sec= 2.077120 D/loss=4.931835 D/acc1=0.538600 D/acc2=0.432525 D/sec= 0.118642 rate=0.000994
2019-02-19 08:56:04,646 - main - INFO - [251] T/loss=4.037997 T/acc1=0.535694 T/acc2=0.000000 T/sec= 2.778506 D/loss=6.964468 D/acc1=0.161580 D/acc2=0.368940 D/sec= 0.058385 rate=0.000995
2019-02-19 08:56:07,356 - main - INFO - [252] T/loss=4.159727 T/acc1=0.535694 T/acc2=0.000000 T/sec= 2.647843 D/loss=8.888910 D/acc1=0.102334 D/acc2=0.289406 D/sec= 0.062256 rate=0.000995
2019-02-19 08:56:10,312 - main - INFO - [253] T/loss=4.145357 T/acc1=0.525247 T/acc2=0.000000 T/sec= 2.757440 D/loss=4.726304 D/acc1=0.416517 D/acc2=0.410867 D/sec= 0.198103 rate=0.000995
2019-02-19 08:56:12,428 - main - INFO - [254] T/loss=4.055712 T/acc1=0.544980 T/acc2=0.000000 T/sec= 2.062077 D/loss=8.020117 D/acc1=0.179533 D/acc2=0.363295 D/sec= 0.054476 rate=0.000995
2019-02-19 08:56:14,436 - main - INFO - [255] T/loss=4.124846 T/acc1=0.529309 T/acc2=0.000000 T/sec= 1.948140 D/loss=5.022813 D/acc1=0.265709 D/acc2=0.314716 D/sec= 0.059876 rate=0.000995
2019-02-19 08:56:17,094 - main - INFO - [256] T/loss=4.033618 T/acc1=0.536854 T/acc2=0.000000 T/sec= 2.552365 D/loss=5.048833 D/acc1=0.430880 D/acc2=0.455323 D/sec= 0.105528 rate=0.000995
2019-02-19 08:56:19,278 - main - INFO - [257] T/loss=3.948113 T/acc1=0.554846 T/acc2=0.000000 T/sec= 2.126136 D/loss=5.184325 D/acc1=0.524237 D/acc2=0.409408 D/sec= 0.058068 rate=0.000995
2019-02-19 08:56:21,387 - main - INFO - [258] T/loss=3.978385 T/acc1=0.546140 T/acc2=0.000000 T/sec= 2.050397 D/loss=6.292893 D/acc1=0.477558 D/acc2=0.421352 D/sec= 0.057803 rate=0.000995
2019-02-19 08:56:23,744 - main - INFO - [259] T/loss=3.959908 T/acc1=0.543239 T/acc2=0.000000 T/sec= 2.298295 D/loss=4.651254 D/acc1=0.389587 D/acc2=0.359100 D/sec= 0.059008 rate=0.000995
2019-02-19 08:56:25,887 - main - INFO - [260] T/loss=4.030818 T/acc1=0.524666 T/acc2=0.000000 T/sec= 2.085070 D/loss=6.133372 D/acc1=0.289048 D/acc2=0.403520 D/sec= 0.057613 rate=0.000995
2019-02-19 08:56:27,899 - main - INFO - [261] T/loss=4.216411 T/acc1=0.508416 T/acc2=0.000000 T/sec= 1.948616 D/loss=4.579072 D/acc1=0.556553 D/acc2=0.469836 D/sec= 0.064281 rate=0.000995
2019-02-19 08:56:30,364 - main - INFO - [262] T/loss=4.020615 T/acc1=0.557748 T/acc2=0.000000 T/sec= 2.410770 D/loss=4.381669 D/acc1=0.603232 D/acc2=0.539257 D/sec= 0.054219 rate=0.000996
saving early-stopped model (uar) at epoch 262
2019-02-19 08:56:33,330 - main - INFO - [263] T/loss=3.999016 T/acc1=0.531631 T/acc2=0.000000 T/sec= 2.905538 D/loss=5.102818 D/acc1=0.233393 D/acc2=0.421971 D/sec= 0.060319 rate=0.000996
2019-02-19 08:56:36,581 - main - INFO - [264] T/loss=4.097923 T/acc1=0.531050 T/acc2=0.000000 T/sec= 3.039539 D/loss=5.038028 D/acc1=0.305206 D/acc2=0.388885 D/sec= 0.210863 rate=0.000996
2019-02-19 08:56:39,544 - main - INFO - [265] T/loss=3.987720 T/acc1=0.561230 T/acc2=0.000000 T/sec= 2.901008 D/loss=6.251985 D/acc1=0.400359 D/acc2=0.412516 D/sec= 0.061863 rate=0.000996
2019-02-19 08:56:41,842 - main - INFO - [266] T/loss=4.004117 T/acc1=0.532792 T/acc2=0.000000 T/sec= 2.236317 D/loss=4.787097 D/acc1=0.373429 D/acc2=0.414939 D/sec= 0.062267 rate=0.000996
2019-02-19 08:56:45,011 - main - INFO - [267] T/loss=4.082615 T/acc1=0.522345 T/acc2=0.000000 T/sec= 3.077895 D/loss=5.518439 D/acc1=0.409336 D/acc2=0.418187 D/sec= 0.090476 rate=0.000996
2019-02-19 08:56:47,356 - main - INFO - [268] T/loss=4.045260 T/acc1=0.544399 T/acc2=0.000000 T/sec= 2.289084 D/loss=4.655242 D/acc1=0.355476 D/acc2=0.430675 D/sec= 0.056650 rate=0.000996
2019-02-19 08:56:49,357 - main - INFO - [269] T/loss=4.054757 T/acc1=0.534533 T/acc2=0.000000 T/sec= 1.943308 D/loss=5.894181 D/acc1=0.394973 D/acc2=0.409778 D/sec= 0.057350 rate=0.000996
2019-02-19 08:56:51,471 - main - INFO - [270] T/loss=4.125624 T/acc1=0.540917 T/acc2=0.000000 T/sec= 2.057052 D/loss=9.533429 D/acc1=0.253142 D/acc2=0.262145 D/sec= 0.057166 rate=0.000996
2019-02-19 08:56:53,616 - main - INFO - [271] T/loss=4.047656 T/acc1=0.530470 T/acc2=0.000000 T/sec= 2.084977 D/loss=5.244578 D/acc1=0.321364 D/acc2=0.332471 D/sec= 0.059980 rate=0.000996
2019-02-19 08:56:55,623 - main - INFO - [272] T/loss=3.940128 T/acc1=0.551364 T/acc2=0.000000 T/sec= 1.943152 D/loss=6.931454 D/acc1=0.116697 D/acc2=0.307795 D/sec= 0.063680 rate=0.000996
2019-02-19 08:56:57,838 - main - INFO - [273] T/loss=4.013948 T/acc1=0.550203 T/acc2=0.000000 T/sec= 2.164319 D/loss=5.519454 D/acc1=0.263914 D/acc2=0.430139 D/sec= 0.050763 rate=0.000996
2019-02-19 08:56:59,961 - main - INFO - [274] T/loss=4.133630 T/acc1=0.509576 T/acc2=0.000000 T/sec= 2.069120 D/loss=7.414031 D/acc1=0.197487 D/acc2=0.351168 D/sec= 0.053410 rate=0.000996
2019-02-19 08:57:02,347 - main - INFO - [275] T/loss=4.007080 T/acc1=0.549623 T/acc2=0.000000 T/sec= 2.332860 D/loss=4.881793 D/acc1=0.290844 D/acc2=0.438403 D/sec= 0.053805 rate=0.000996
2019-02-19 08:57:04,677 - main - INFO - [276] T/loss=4.030305 T/acc1=0.501451 T/acc2=0.000000 T/sec= 2.270633 D/loss=5.577022 D/acc1=0.409336 D/acc2=0.340515 D/sec= 0.058718 rate=0.000997
2019-02-19 08:57:06,988 - main - INFO - [277] T/loss=4.089929 T/acc1=0.524666 T/acc2=0.000000 T/sec= 2.255134 D/loss=4.738204 D/acc1=0.543986 D/acc2=0.549947 D/sec= 0.056770 rate=0.000997
saving early-stopped model (uar) at epoch 277
2019-02-19 08:57:10,367 - main - INFO - [278] T/loss=4.030756 T/acc1=0.518282 T/acc2=0.000000 T/sec= 3.189501 D/loss=5.713134 D/acc1=0.281867 D/acc2=0.316276 D/sec= 0.189268 rate=0.000997
2019-02-19 08:57:12,728 - main - INFO - [279] T/loss=4.034165 T/acc1=0.568195 T/acc2=0.000000 T/sec= 2.306693 D/loss=6.721610 D/acc1=0.414722 D/acc2=0.351903 D/sec= 0.054538 rate=0.000997
2019-02-19 08:57:14,824 - main - INFO - [280] T/loss=4.011611 T/acc1=0.515380 T/acc2=0.000000 T/sec= 2.038208 D/loss=6.456675 D/acc1=0.201077 D/acc2=0.255226 D/sec= 0.057303 rate=0.000997
2019-02-19 08:57:17,626 - main - INFO - [281] T/loss=4.112067 T/acc1=0.528729 T/acc2=0.000000 T/sec= 2.695391 D/loss=6.497551 D/acc1=0.283662 D/acc2=0.374584 D/sec= 0.106738 rate=0.000997
2019-02-19 08:57:19,904 - main - INFO - [282] T/loss=4.128023 T/acc1=0.527568 T/acc2=0.000000 T/sec= 2.224914 D/loss=8.965468 D/acc1=0.265709 D/acc2=0.327940 D/sec= 0.053391 rate=0.000997
2019-02-19 08:57:22,137 - main - INFO - [283] T/loss=4.079615 T/acc1=0.546721 T/acc2=0.000000 T/sec= 2.174723 D/loss=5.031424 D/acc1=0.578097 D/acc2=0.364987 D/sec= 0.057389 rate=0.000997
2019-02-19 08:57:24,584 - main - INFO - [284] T/loss=4.045867 T/acc1=0.528729 T/acc2=0.000000 T/sec= 2.391128 D/loss=4.534528 D/acc1=0.556553 D/acc2=0.405605 D/sec= 0.056091 rate=0.000997
2019-02-19 08:57:26,878 - main - INFO - [285] T/loss=3.989421 T/acc1=0.533372 T/acc2=0.000000 T/sec= 2.237272 D/loss=7.961058 D/acc1=0.149013 D/acc2=0.295112 D/sec= 0.056521 rate=0.000997
2019-02-19 08:57:28,962 - main - INFO - [286] T/loss=3.904497 T/acc1=0.561230 T/acc2=0.000000 T/sec= 2.024663 D/loss=7.544032 D/acc1=0.274686 D/acc2=0.301372 D/sec= 0.060204 rate=0.000997
2019-02-19 08:57:31,224 - main - INFO - [287] T/loss=4.005429 T/acc1=0.542658 T/acc2=0.000000 T/sec= 2.205309 D/loss=8.380523 D/acc1=0.513465 D/acc2=0.301500 D/sec= 0.056685 rate=0.000997
2019-02-19 08:57:33,466 - main - INFO - [288] T/loss=4.006781 T/acc1=0.554846 T/acc2=0.000000 T/sec= 2.184037 D/loss=4.772412 D/acc1=0.360862 D/acc2=0.432095 D/sec= 0.057875 rate=0.000997
2019-02-19 08:57:35,622 - main - INFO - [289] T/loss=3.980496 T/acc1=0.551944 T/acc2=0.000000 T/sec= 2.095973 D/loss=5.466282 D/acc1=0.271095 D/acc2=0.332193 D/sec= 0.059366 rate=0.000997
2019-02-19 08:57:37,906 - main - INFO - [290] T/loss=4.083716 T/acc1=0.531631 T/acc2=0.000000 T/sec= 2.227818 D/loss=5.944666 D/acc1=0.526032 D/acc2=0.394015 D/sec= 0.057013 rate=0.000997
2019-02-19 08:57:40,337 - main - INFO - [291] T/loss=3.983723 T/acc1=0.526407 T/acc2=0.000000 T/sec= 2.372686 D/loss=7.044694 D/acc1=0.398564 D/acc2=0.427814 D/sec= 0.058223 rate=0.000997
2019-02-19 08:57:42,368 - main - INFO - [292] T/loss=3.976264 T/acc1=0.554846 T/acc2=0.000000 T/sec= 1.943500 D/loss=7.985688 D/acc1=0.143627 D/acc2=0.317000 D/sec= 0.086697 rate=0.000997
2019-02-19 08:57:44,625 - main - INFO - [293] T/loss=4.065672 T/acc1=0.507255 T/acc2=0.000000 T/sec= 2.205775 D/loss=8.206134 D/acc1=0.233393 D/acc2=0.366572 D/sec= 0.051866 rate=0.000997
2019-02-19 08:57:46,767 - main - INFO - [294] T/loss=4.142985 T/acc1=0.514219 T/acc2=0.000000 T/sec= 2.089110 D/loss=5.625144 D/acc1=0.551167 D/acc2=0.355735 D/sec= 0.052868 rate=0.000997
2019-02-19 08:57:49,121 - main - INFO - [295] T/loss=4.086764 T/acc1=0.535113 T/acc2=0.000000 T/sec= 2.156350 D/loss=5.096681 D/acc1=0.531418 D/acc2=0.388501 D/sec= 0.197058 rate=0.000998
2019-02-19 08:57:51,260 - main - INFO - [296] T/loss=4.113793 T/acc1=0.529890 T/acc2=0.000000 T/sec= 2.086113 D/loss=6.030205 D/acc1=0.192101 D/acc2=0.250922 D/sec= 0.052900 rate=0.000998
2019-02-19 08:57:53,213 - main - INFO - [297] T/loss=4.242858 T/acc1=0.484039 T/acc2=0.000000 T/sec= 1.899511 D/loss=7.740914 D/acc1=0.253142 D/acc2=0.264833 D/sec= 0.053911 rate=0.000998
2019-02-19 08:57:55,516 - main - INFO - [298] T/loss=4.090312 T/acc1=0.535694 T/acc2=0.000000 T/sec= 2.193423 D/loss=5.917430 D/acc1=0.547576 D/acc2=0.413473 D/sec= 0.109326 rate=0.000998
2019-02-19 08:57:57,917 - main - INFO - [299] T/loss=3.926977 T/acc1=0.538595 T/acc2=0.000000 T/sec= 2.345522 D/loss=6.152095 D/acc1=0.570916 D/acc2=0.383175 D/sec= 0.055281 rate=0.000998
2019-02-19 08:57:59,942 - main - INFO - [300] T/loss=4.088442 T/acc1=0.529890 T/acc2=0.000000 T/sec= 1.973418 D/loss=6.899455 D/acc1=0.543986 D/acc2=0.315991 D/sec= 0.051697 rate=0.000998

==== Confusion matrix 1 (early_stopped-loss) ====

	neu	ang	sad	hap
neu	105	7	27	148
ang	8	11	4	8
sad	17	1	53	62
hap	5	2	7	92

==== Confusion matrix 2 (early_stopped-loss) ====

	neu	ang	sad	hap
neu	0.37	0.02	0.09	0.52
ang	0.26	0.35	0.13	0.26
sad	0.13	0.01	0.40	0.47
hap	0.05	0.02	0.07	0.87

UAR = 0.496778

==== Classification report (early_stopped-loss) ====

             precision    recall  f1-score   support

        ang       0.52      0.35      0.42        31
        hap       0.30      0.87      0.44       106
        neu       0.78      0.37      0.50       287
        sad       0.58      0.40      0.47       133

avg / total       0.63      0.47      0.48       557


==== Confusion matrix 1 (early_stopped-uar) ====

	neu	ang	sad	hap
neu	163	26	42	56
ang	6	19	3	3
sad	24	13	64	32
hap	29	5	15	57

==== Confusion matrix 2 (early_stopped-uar) ====

	neu	ang	sad	hap
neu	0.57	0.09	0.15	0.20
ang	0.19	0.61	0.10	0.10
sad	0.18	0.10	0.48	0.24
hap	0.27	0.05	0.14	0.54

UAR = 0.549947

==== Classification report (early_stopped-uar) ====

             precision    recall  f1-score   support

        ang       0.30      0.61      0.40        31
        hap       0.39      0.54      0.45       106
        neu       0.73      0.57      0.64       287
        sad       0.52      0.48      0.50       133

avg / total       0.59      0.54      0.56       557


==== Confusion matrix 1 (final model) ====

	neu	ang	sad	hap
neu	283	3	1	0
ang	26	5	0	0
sad	114	6	13	0
hap	100	3	1	2

==== Confusion matrix 2 (final model) ====

	neu	ang	sad	hap
neu	0.99	0.01	0.00	0.00
ang	0.84	0.16	0.00	0.00
sad	0.86	0.05	0.10	0.00
hap	0.94	0.03	0.01	0.02

UAR = 0.315991

==== Classification report (final model) ====

             precision    recall  f1-score   support

        ang       0.29      0.16      0.21        31
        hap       1.00      0.02      0.04       106
        neu       0.54      0.99      0.70       287
        sad       0.87      0.10      0.18       133

avg / total       0.69      0.54      0.42       557

2019-02-19 08:58:02,596 - <module> - INFO - time spent: 723.207640 sec

