{
  "gpu": 0,
  "layer": 4,
  "unit": 1000,
  "batchsize": 100,
  "dropout": 0.4,
  "weightdecay": 0.005,
  "epoch": 300,
  "train": "/Data/haradatm/kenkyu/190119/iemocap-smile/datasets/iemocap/smile/emotion/train.txt",
  "valid": "/Data/haradatm/kenkyu/190119/iemocap-smile/datasets/iemocap/smile/emotion/test.txt",
  "out": "iemocap-emotion-mlp-384_u1000_b100_e300_d040_adam_wd0050",
  "noplot": false,
  "optim": "adam",
  "cw": "sum"
}
2019-02-19 09:09:53,291 - load_data - INFO - Loading dataset ... done.
2019-02-19 09:09:53,322 - load_data - INFO - Loading dataset ... done.
# train X: 1723, y: 1723, dim: 384, counts: [812, 258, 475, 178]
# eval  X: 259, y: 259, dim: 1, counts: [144, 7, 51, 57]
# class: 4, labels: {'neu': 0, 'ang': 1, 'sad': 2, 'hap': 3}
# class_weight: [2.1219213 6.6782947 3.6273685 9.679775 ]
2019-02-19 09:09:54,823 - main - INFO - [  1] T/loss=6.053699 T/acc1=0.323273 T/acc2=0.000000 T/sec= 1.410647 D/loss=6.109512 D/acc1=0.405405 D/acc2=0.259960 D/sec= 0.039128 rate=0.000157
saving early-stopped model (loss) at epoch 1
saving early-stopped model (uar) at epoch 1
2019-02-19 09:09:57,536 - main - INFO - [  2] T/loss=5.432747 T/acc1=0.338944 T/acc2=0.000000 T/sec= 2.672339 D/loss=5.139179 D/acc1=0.424710 D/acc2=0.390510 D/sec= 0.040416 rate=0.000192
saving early-stopped model (loss) at epoch 2
saving early-stopped model (uar) at epoch 2
2019-02-19 09:10:00,218 - main - INFO - [  3] T/loss=5.043592 T/acc1=0.372026 T/acc2=0.000000 T/sec= 2.613634 D/loss=5.655810 D/acc1=0.324324 D/acc2=0.340633 D/sec= 0.068897 rate=0.000230
2019-02-19 09:10:02,065 - main - INFO - [  4] T/loss=4.617124 T/acc1=0.445154 T/acc2=0.000000 T/sec= 1.805778 D/loss=5.129781 D/acc1=0.366795 D/acc2=0.396498 D/sec= 0.041309 rate=0.000264
saving early-stopped model (loss) at epoch 4
saving early-stopped model (uar) at epoch 4
2019-02-19 09:10:04,654 - main - INFO - [  5] T/loss=4.242436 T/acc1=0.457922 T/acc2=0.000000 T/sec= 2.547117 D/loss=4.865526 D/acc1=0.397683 D/acc2=0.348577 D/sec= 0.041526 rate=0.000293
saving early-stopped model (loss) at epoch 5
2019-02-19 09:10:06,807 - main - INFO - [  6] T/loss=3.965537 T/acc1=0.529890 T/acc2=0.000000 T/sec= 2.114759 D/loss=5.747111 D/acc1=0.420849 D/acc2=0.438343 D/sec= 0.037980 rate=0.000320
saving early-stopped model (uar) at epoch 6
2019-02-19 09:10:09,007 - main - INFO - [  7] T/loss=3.654453 T/acc1=0.557748 T/acc2=0.000000 T/sec= 2.163704 D/loss=4.887579 D/acc1=0.444015 D/acc2=0.450662 D/sec= 0.036639 rate=0.000344
saving early-stopped model (uar) at epoch 7
2019-02-19 09:10:11,126 - main - INFO - [  8] T/loss=3.524118 T/acc1=0.528729 T/acc2=0.000000 T/sec= 2.086875 D/loss=5.747390 D/acc1=0.305019 D/acc2=0.426077 D/sec= 0.031716 rate=0.000366
2019-02-19 09:10:12,808 - main - INFO - [  9] T/loss=3.513959 T/acc1=0.572838 T/acc2=0.000000 T/sec= 1.647258 D/loss=5.213556 D/acc1=0.397683 D/acc2=0.487957 D/sec= 0.035242 rate=0.000387
saving early-stopped model (uar) at epoch 9
2019-02-19 09:10:14,856 - main - INFO - [ 10] T/loss=3.452450 T/acc1=0.558328 T/acc2=0.000000 T/sec= 2.018026 D/loss=4.928531 D/acc1=0.467181 D/acc2=0.537500 D/sec= 0.029869 rate=0.000406
saving early-stopped model (uar) at epoch 10
2019-02-19 09:10:16,887 - main - INFO - [ 11] T/loss=3.262505 T/acc1=0.576901 T/acc2=0.000000 T/sec= 2.000737 D/loss=5.118360 D/acc1=0.424710 D/acc2=0.518589 D/sec= 0.030083 rate=0.000424
2019-02-19 09:10:18,542 - main - INFO - [ 12] T/loss=3.279540 T/acc1=0.598955 T/acc2=0.000000 T/sec= 1.623064 D/loss=5.791440 D/acc1=0.274131 D/acc2=0.400487 D/sec= 0.031674 rate=0.000441
2019-02-19 09:10:20,160 - main - INFO - [ 13] T/loss=3.277070 T/acc1=0.575740 T/acc2=0.000000 T/sec= 1.587586 D/loss=5.856675 D/acc1=0.339768 D/acc2=0.415650 D/sec= 0.031196 rate=0.000457
2019-02-19 09:10:21,900 - main - INFO - [ 14] T/loss=3.249151 T/acc1=0.601857 T/acc2=0.000000 T/sec= 1.709444 D/loss=6.628379 D/acc1=0.297297 D/acc2=0.389189 D/sec= 0.030003 rate=0.000472
2019-02-19 09:10:23,554 - main - INFO - [ 15] T/loss=3.197264 T/acc1=0.601277 T/acc2=0.000000 T/sec= 1.616512 D/loss=5.156639 D/acc1=0.455598 D/acc2=0.400693 D/sec= 0.037588 rate=0.000487
2019-02-19 09:10:25,195 - main - INFO - [ 16] T/loss=3.151216 T/acc1=0.619269 T/acc2=0.000000 T/sec= 1.611269 D/loss=6.013504 D/acc1=0.305019 D/acc2=0.404363 D/sec= 0.029869 rate=0.000500
2019-02-19 09:10:26,804 - main - INFO - [ 17] T/loss=3.168566 T/acc1=0.611143 T/acc2=0.000000 T/sec= 1.579224 D/loss=6.444248 D/acc1=0.501931 D/acc2=0.424738 D/sec= 0.029816 rate=0.000514
2019-02-19 09:10:28,434 - main - INFO - [ 18] T/loss=3.072782 T/acc1=0.608241 T/acc2=0.000000 T/sec= 1.601798 D/loss=5.243419 D/acc1=0.478764 D/acc2=0.485398 D/sec= 0.027951 rate=0.000526
2019-02-19 09:10:30,057 - main - INFO - [ 19] T/loss=3.013566 T/acc1=0.616947 T/acc2=0.000000 T/sec= 1.593982 D/loss=5.115631 D/acc1=0.482625 D/acc2=0.339144 D/sec= 0.028780 rate=0.000538
2019-02-19 09:10:31,677 - main - INFO - [ 20] T/loss=3.165340 T/acc1=0.624492 T/acc2=0.000000 T/sec= 1.588296 D/loss=6.854172 D/acc1=0.517375 D/acc2=0.442984 D/sec= 0.032250 rate=0.000550
2019-02-19 09:10:33,372 - main - INFO - [ 21] T/loss=3.043901 T/acc1=0.628555 T/acc2=0.000000 T/sec= 1.662037 D/loss=6.307399 D/acc1=0.355212 D/acc2=0.406765 D/sec= 0.032471 rate=0.000561
2019-02-19 09:10:35,196 - main - INFO - [ 22] T/loss=3.145627 T/acc1=0.622171 T/acc2=0.000000 T/sec= 1.795885 D/loss=4.858464 D/acc1=0.332046 D/acc2=0.412672 D/sec= 0.028626 rate=0.000572
saving early-stopped model (loss) at epoch 22
2019-02-19 09:10:37,199 - main - INFO - [ 23] T/loss=3.135125 T/acc1=0.631457 T/acc2=0.000000 T/sec= 1.973610 D/loss=6.038739 D/acc1=0.474903 D/acc2=0.452965 D/sec= 0.029389 rate=0.000582
2019-02-19 09:10:39,004 - main - INFO - [ 24] T/loss=3.065362 T/acc1=0.627394 T/acc2=0.000000 T/sec= 1.775117 D/loss=5.313864 D/acc1=0.505791 D/acc2=0.407103 D/sec= 0.029607 rate=0.000592
2019-02-19 09:10:40,808 - main - INFO - [ 25] T/loss=3.003154 T/acc1=0.648288 T/acc2=0.000000 T/sec= 1.776364 D/loss=5.664957 D/acc1=0.471042 D/acc2=0.475780 D/sec= 0.028234 rate=0.000602
2019-02-19 09:10:42,493 - main - INFO - [ 26] T/loss=3.076478 T/acc1=0.629135 T/acc2=0.000000 T/sec= 1.648872 D/loss=5.629193 D/acc1=0.459459 D/acc2=0.433241 D/sec= 0.035386 rate=0.000611
2019-02-19 09:10:44,089 - main - INFO - [ 27] T/loss=3.063315 T/acc1=0.622751 T/acc2=0.000000 T/sec= 1.567471 D/loss=5.224868 D/acc1=0.266409 D/acc2=0.375208 D/sec= 0.028698 rate=0.000621
2019-02-19 09:10:45,671 - main - INFO - [ 28] T/loss=3.220144 T/acc1=0.621010 T/acc2=0.000000 T/sec= 1.551381 D/loss=5.562519 D/acc1=0.567568 D/acc2=0.444309 D/sec= 0.030263 rate=0.000629
2019-02-19 09:10:47,268 - main - INFO - [ 29] T/loss=3.151700 T/acc1=0.616367 T/acc2=0.000000 T/sec= 1.568598 D/loss=4.907738 D/acc1=0.513514 D/acc2=0.383659 D/sec= 0.028556 rate=0.000638
2019-02-19 09:10:49,050 - main - INFO - [ 30] T/loss=3.245282 T/acc1=0.605340 T/acc2=0.000000 T/sec= 1.752430 D/loss=5.549543 D/acc1=0.625483 D/acc2=0.498843 D/sec= 0.029905 rate=0.000646
2019-02-19 09:10:50,674 - main - INFO - [ 31] T/loss=3.284677 T/acc1=0.600116 T/acc2=0.000000 T/sec= 1.593839 D/loss=4.959461 D/acc1=0.463320 D/acc2=0.501786 D/sec= 0.030209 rate=0.000654
2019-02-19 09:10:52,330 - main - INFO - [ 32] T/loss=3.210715 T/acc1=0.620429 T/acc2=0.000000 T/sec= 1.616391 D/loss=5.025243 D/acc1=0.444015 D/acc2=0.345631 D/sec= 0.039392 rate=0.000662
2019-02-19 09:10:54,051 - main - INFO - [ 33] T/loss=3.157160 T/acc1=0.634939 T/acc2=0.000000 T/sec= 1.691238 D/loss=6.389514 D/acc1=0.471042 D/acc2=0.428998 D/sec= 0.030122 rate=0.000669
2019-02-19 09:10:55,700 - main - INFO - [ 34] T/loss=3.224421 T/acc1=0.633198 T/acc2=0.000000 T/sec= 1.611995 D/loss=4.853580 D/acc1=0.389961 D/acc2=0.372937 D/sec= 0.036429 rate=0.000677
saving early-stopped model (loss) at epoch 34
2019-02-19 09:10:57,681 - main - INFO - [ 35] T/loss=3.153297 T/acc1=0.636100 T/acc2=0.000000 T/sec= 1.939834 D/loss=4.365063 D/acc1=0.467181 D/acc2=0.432986 D/sec= 0.041872 rate=0.000684
saving early-stopped model (loss) at epoch 35
2019-02-19 09:10:59,707 - main - INFO - [ 36] T/loss=3.041610 T/acc1=0.634359 T/acc2=0.000000 T/sec= 1.992842 D/loss=4.784913 D/acc1=0.482625 D/acc2=0.351947 D/sec= 0.032962 rate=0.000691
2019-02-19 09:11:01,380 - main - INFO - [ 37] T/loss=3.075189 T/acc1=0.633198 T/acc2=0.000000 T/sec= 1.645020 D/loss=5.702471 D/acc1=0.305019 D/acc2=0.418128 D/sec= 0.027650 rate=0.000697
2019-02-19 09:11:02,981 - main - INFO - [ 38] T/loss=3.312724 T/acc1=0.608822 T/acc2=0.000000 T/sec= 1.571918 D/loss=4.869628 D/acc1=0.467181 D/acc2=0.514823 D/sec= 0.029134 rate=0.000704
2019-02-19 09:11:04,654 - main - INFO - [ 39] T/loss=3.189281 T/acc1=0.634939 T/acc2=0.000000 T/sec= 1.642286 D/loss=4.922118 D/acc1=0.409266 D/acc2=0.404410 D/sec= 0.030921 rate=0.000710
2019-02-19 09:11:06,275 - main - INFO - [ 40] T/loss=3.269063 T/acc1=0.608241 T/acc2=0.000000 T/sec= 1.591134 D/loss=5.310011 D/acc1=0.447876 D/acc2=0.326870 D/sec= 0.029646 rate=0.000717
2019-02-19 09:11:07,911 - main - INFO - [ 41] T/loss=3.279055 T/acc1=0.627974 T/acc2=0.000000 T/sec= 1.608516 D/loss=5.636931 D/acc1=0.451737 D/acc2=0.525302 D/sec= 0.028045 rate=0.000723
2019-02-19 09:11:09,538 - main - INFO - [ 42] T/loss=3.266559 T/acc1=0.614045 T/acc2=0.000000 T/sec= 1.597479 D/loss=5.417911 D/acc1=0.277992 D/acc2=0.423938 D/sec= 0.029271 rate=0.000728
2019-02-19 09:11:11,210 - main - INFO - [ 43] T/loss=3.238445 T/acc1=0.607661 T/acc2=0.000000 T/sec= 1.643307 D/loss=6.384432 D/acc1=0.447876 D/acc2=0.498169 D/sec= 0.028825 rate=0.000734
2019-02-19 09:11:12,828 - main - INFO - [ 44] T/loss=3.233421 T/acc1=0.620429 T/acc2=0.000000 T/sec= 1.577897 D/loss=4.780871 D/acc1=0.440154 D/acc2=0.523284 D/sec= 0.040068 rate=0.000740
2019-02-19 09:11:14,401 - main - INFO - [ 45] T/loss=3.199369 T/acc1=0.626814 T/acc2=0.000000 T/sec= 1.543768 D/loss=5.738794 D/acc1=0.370656 D/acc2=0.423793 D/sec= 0.028860 rate=0.000745
2019-02-19 09:11:16,048 - main - INFO - [ 46] T/loss=3.125714 T/acc1=0.626814 T/acc2=0.000000 T/sec= 1.614517 D/loss=4.829100 D/acc1=0.378378 D/acc2=0.534923 D/sec= 0.032851 rate=0.000751
2019-02-19 09:11:17,879 - main - INFO - [ 47] T/loss=3.164874 T/acc1=0.622751 T/acc2=0.000000 T/sec= 1.786062 D/loss=4.998969 D/acc1=0.362934 D/acc2=0.438568 D/sec= 0.044630 rate=0.000756
2019-02-19 09:11:19,567 - main - INFO - [ 48] T/loss=3.196503 T/acc1=0.621010 T/acc2=0.000000 T/sec= 1.658321 D/loss=6.402069 D/acc1=0.444015 D/acc2=0.450522 D/sec= 0.029235 rate=0.000761
2019-02-19 09:11:21,260 - main - INFO - [ 49] T/loss=3.393418 T/acc1=0.618108 T/acc2=0.000000 T/sec= 1.664646 D/loss=5.304450 D/acc1=0.297297 D/acc2=0.389097 D/sec= 0.028370 rate=0.000766
2019-02-19 09:11:22,914 - main - INFO - [ 50] T/loss=3.287429 T/acc1=0.609983 T/acc2=0.000000 T/sec= 1.624918 D/loss=6.261328 D/acc1=0.397683 D/acc2=0.454801 D/sec= 0.029836 rate=0.000770
2019-02-19 09:11:24,636 - main - INFO - [ 51] T/loss=3.290506 T/acc1=0.614626 T/acc2=0.000000 T/sec= 1.686053 D/loss=5.040770 D/acc1=0.478764 D/acc2=0.437022 D/sec= 0.035557 rate=0.000775
2019-02-19 09:11:26,417 - main - INFO - [ 52] T/loss=3.413170 T/acc1=0.596634 T/acc2=0.000000 T/sec= 1.746940 D/loss=5.326191 D/acc1=0.513514 D/acc2=0.455413 D/sec= 0.034027 rate=0.000780
2019-02-19 09:11:28,169 - main - INFO - [ 53] T/loss=3.285043 T/acc1=0.593151 T/acc2=0.000000 T/sec= 1.723654 D/loss=4.707372 D/acc1=0.328185 D/acc2=0.405636 D/sec= 0.028456 rate=0.000784
2019-02-19 09:11:30,164 - main - INFO - [ 54] T/loss=3.234226 T/acc1=0.591410 T/acc2=0.000000 T/sec= 1.964444 D/loss=4.596240 D/acc1=0.332046 D/acc2=0.402988 D/sec= 0.030886 rate=0.000789
2019-02-19 09:11:32,100 - main - INFO - [ 55] T/loss=3.293031 T/acc1=0.617528 T/acc2=0.000000 T/sec= 1.906942 D/loss=4.994842 D/acc1=0.490347 D/acc2=0.474145 D/sec= 0.029090 rate=0.000793
2019-02-19 09:11:33,820 - main - INFO - [ 56] T/loss=3.373329 T/acc1=0.598375 T/acc2=0.000000 T/sec= 1.690797 D/loss=6.898277 D/acc1=0.397683 D/acc2=0.452667 D/sec= 0.028914 rate=0.000797
2019-02-19 09:11:35,577 - main - INFO - [ 57] T/loss=3.455493 T/acc1=0.591410 T/acc2=0.000000 T/sec= 1.721753 D/loss=4.863438 D/acc1=0.532819 D/acc2=0.522367 D/sec= 0.034951 rate=0.000801
2019-02-19 09:11:37,285 - main - INFO - [ 58] T/loss=3.444581 T/acc1=0.584446 T/acc2=0.000000 T/sec= 1.669172 D/loss=5.791296 D/acc1=0.490347 D/acc2=0.452992 D/sec= 0.038966 rate=0.000805
2019-02-19 09:11:38,947 - main - INFO - [ 59] T/loss=3.445440 T/acc1=0.585607 T/acc2=0.000000 T/sec= 1.633431 D/loss=7.234748 D/acc1=0.328185 D/acc2=0.431687 D/sec= 0.028784 rate=0.000809
2019-02-19 09:11:40,580 - main - INFO - [ 60] T/loss=3.391888 T/acc1=0.595473 T/acc2=0.000000 T/sec= 1.602171 D/loss=4.719877 D/acc1=0.451737 D/acc2=0.476551 D/sec= 0.030889 rate=0.000813
2019-02-19 09:11:42,163 - main - INFO - [ 61] T/loss=3.317427 T/acc1=0.596053 T/acc2=0.000000 T/sec= 1.553769 D/loss=4.727636 D/acc1=0.424710 D/acc2=0.491743 D/sec= 0.028643 rate=0.000816
2019-02-19 09:11:43,723 - main - INFO - [ 62] T/loss=3.406702 T/acc1=0.576320 T/acc2=0.000000 T/sec= 1.531252 D/loss=4.993882 D/acc1=0.416988 D/acc2=0.484820 D/sec= 0.028776 rate=0.000820
2019-02-19 09:11:45,421 - main - INFO - [ 63] T/loss=3.381214 T/acc1=0.583285 T/acc2=0.000000 T/sec= 1.668473 D/loss=5.972132 D/acc1=0.455598 D/acc2=0.493576 D/sec= 0.030240 rate=0.000824
2019-02-19 09:11:47,102 - main - INFO - [ 64] T/loss=3.289182 T/acc1=0.585607 T/acc2=0.000000 T/sec= 1.647779 D/loss=4.987182 D/acc1=0.409266 D/acc2=0.351953 D/sec= 0.032411 rate=0.000827
2019-02-19 09:11:48,740 - main - INFO - [ 65] T/loss=3.369089 T/acc1=0.598375 T/acc2=0.000000 T/sec= 1.604335 D/loss=6.705057 D/acc1=0.521236 D/acc2=0.482710 D/sec= 0.034252 rate=0.000831
2019-02-19 09:11:50,369 - main - INFO - [ 66] T/loss=3.293661 T/acc1=0.612885 T/acc2=0.000000 T/sec= 1.597196 D/loss=5.104651 D/acc1=0.397683 D/acc2=0.449525 D/sec= 0.031549 rate=0.000834
2019-02-19 09:11:52,021 - main - INFO - [ 67] T/loss=3.382462 T/acc1=0.598375 T/acc2=0.000000 T/sec= 1.622528 D/loss=5.462094 D/acc1=0.490347 D/acc2=0.467273 D/sec= 0.029764 rate=0.000837
2019-02-19 09:11:53,622 - main - INFO - [ 68] T/loss=3.411402 T/acc1=0.597214 T/acc2=0.000000 T/sec= 1.569806 D/loss=4.578398 D/acc1=0.378378 D/acc2=0.433505 D/sec= 0.030894 rate=0.000840
2019-02-19 09:11:55,264 - main - INFO - [ 69] T/loss=3.421836 T/acc1=0.580383 T/acc2=0.000000 T/sec= 1.612228 D/loss=5.778241 D/acc1=0.424710 D/acc2=0.471222 D/sec= 0.029767 rate=0.000843
2019-02-19 09:11:56,950 - main - INFO - [ 70] T/loss=3.420698 T/acc1=0.567615 T/acc2=0.000000 T/sec= 1.653297 D/loss=4.539323 D/acc1=0.366795 D/acc2=0.346905 D/sec= 0.032742 rate=0.000846
2019-02-19 09:11:58,613 - main - INFO - [ 71] T/loss=3.384276 T/acc1=0.607661 T/acc2=0.000000 T/sec= 1.630765 D/loss=5.046779 D/acc1=0.436293 D/acc2=0.472632 D/sec= 0.031939 rate=0.000849
2019-02-19 09:12:00,244 - main - INFO - [ 72] T/loss=3.525255 T/acc1=0.589669 T/acc2=0.000000 T/sec= 1.603555 D/loss=6.284895 D/acc1=0.494208 D/acc2=0.454398 D/sec= 0.028192 rate=0.000852
2019-02-19 09:12:01,879 - main - INFO - [ 73] T/loss=3.547105 T/acc1=0.579803 T/acc2=0.000000 T/sec= 1.601343 D/loss=6.556674 D/acc1=0.382239 D/acc2=0.413032 D/sec= 0.033227 rate=0.000855
2019-02-19 09:12:03,630 - main - INFO - [ 74] T/loss=3.393026 T/acc1=0.612304 T/acc2=0.000000 T/sec= 1.722494 D/loss=5.746627 D/acc1=0.374517 D/acc2=0.405246 D/sec= 0.028171 rate=0.000858
2019-02-19 09:12:05,426 - main - INFO - [ 75] T/loss=3.440460 T/acc1=0.602438 T/acc2=0.000000 T/sec= 1.764461 D/loss=5.972265 D/acc1=0.370656 D/acc2=0.467715 D/sec= 0.032435 rate=0.000861
2019-02-19 09:12:07,041 - main - INFO - [ 76] T/loss=3.367913 T/acc1=0.594312 T/acc2=0.000000 T/sec= 1.581729 D/loss=4.638420 D/acc1=0.428571 D/acc2=0.364014 D/sec= 0.032753 rate=0.000863
2019-02-19 09:12:08,710 - main - INFO - [ 77] T/loss=3.541814 T/acc1=0.579222 T/acc2=0.000000 T/sec= 1.638836 D/loss=4.498232 D/acc1=0.405405 D/acc2=0.366916 D/sec= 0.029759 rate=0.000866
2019-02-19 09:12:10,551 - main - INFO - [ 78] T/loss=3.347488 T/acc1=0.591410 T/acc2=0.000000 T/sec= 1.792245 D/loss=4.914513 D/acc1=0.389961 D/acc2=0.399481 D/sec= 0.048874 rate=0.000869
2019-02-19 09:12:12,189 - main - INFO - [ 79] T/loss=3.343588 T/acc1=0.601857 T/acc2=0.000000 T/sec= 1.609700 D/loss=4.760762 D/acc1=0.359073 D/acc2=0.375863 D/sec= 0.028636 rate=0.000871
2019-02-19 09:12:13,861 - main - INFO - [ 80] T/loss=3.259794 T/acc1=0.609983 T/acc2=0.000000 T/sec= 1.643051 D/loss=6.902454 D/acc1=0.262548 D/acc2=0.414906 D/sec= 0.028838 rate=0.000874
2019-02-19 09:12:15,506 - main - INFO - [ 81] T/loss=3.486568 T/acc1=0.570517 T/acc2=0.000000 T/sec= 1.611870 D/loss=4.697739 D/acc1=0.494209 D/acc2=0.541072 D/sec= 0.033433 rate=0.000876
saving early-stopped model (uar) at epoch 81
2019-02-19 09:12:17,699 - main - INFO - [ 82] T/loss=3.313087 T/acc1=0.603018 T/acc2=0.000000 T/sec= 2.160170 D/loss=7.012173 D/acc1=0.297297 D/acc2=0.325616 D/sec= 0.032861 rate=0.000878
2019-02-19 09:12:19,342 - main - INFO - [ 83] T/loss=3.432948 T/acc1=0.591410 T/acc2=0.000000 T/sec= 1.614301 D/loss=4.740215 D/acc1=0.494208 D/acc2=0.384476 D/sec= 0.028725 rate=0.000881
2019-02-19 09:12:20,973 - main - INFO - [ 84] T/loss=3.423131 T/acc1=0.592571 T/acc2=0.000000 T/sec= 1.601567 D/loss=5.160170 D/acc1=0.420849 D/acc2=0.461606 D/sec= 0.029499 rate=0.000883
2019-02-19 09:12:22,773 - main - INFO - [ 85] T/loss=3.359113 T/acc1=0.602438 T/acc2=0.000000 T/sec= 1.767414 D/loss=5.450815 D/acc1=0.509652 D/acc2=0.430043 D/sec= 0.032305 rate=0.000885
2019-02-19 09:12:24,491 - main - INFO - [ 86] T/loss=3.401321 T/acc1=0.578642 T/acc2=0.000000 T/sec= 1.682030 D/loss=7.938003 D/acc1=0.285714 D/acc2=0.339519 D/sec= 0.036366 rate=0.000887
2019-02-19 09:12:26,158 - main - INFO - [ 87] T/loss=3.479767 T/acc1=0.573999 T/acc2=0.000000 T/sec= 1.637649 D/loss=7.024189 D/acc1=0.335907 D/acc2=0.408028 D/sec= 0.029243 rate=0.000890
2019-02-19 09:12:27,839 - main - INFO - [ 88] T/loss=3.396966 T/acc1=0.569936 T/acc2=0.000000 T/sec= 1.650667 D/loss=4.695580 D/acc1=0.501930 D/acc2=0.455389 D/sec= 0.030469 rate=0.000892
2019-02-19 09:12:29,629 - main - INFO - [ 89] T/loss=3.496533 T/acc1=0.586187 T/acc2=0.000000 T/sec= 1.754246 D/loss=5.657992 D/acc1=0.266409 D/acc2=0.439975 D/sec= 0.034840 rate=0.000894
2019-02-19 09:12:31,422 - main - INFO - [ 90] T/loss=3.490077 T/acc1=0.568195 T/acc2=0.000000 T/sec= 1.762497 D/loss=5.550378 D/acc1=0.416988 D/acc2=0.499148 D/sec= 0.030677 rate=0.000896
2019-02-19 09:12:33,454 - main - INFO - [ 91] T/loss=3.425281 T/acc1=0.581544 T/acc2=0.000000 T/sec= 2.001534 D/loss=6.302657 D/acc1=0.305019 D/acc2=0.445565 D/sec= 0.030844 rate=0.000898
2019-02-19 09:12:35,511 - main - INFO - [ 92] T/loss=3.473932 T/acc1=0.582124 T/acc2=0.000000 T/sec= 2.026633 D/loss=5.394364 D/acc1=0.447876 D/acc2=0.537215 D/sec= 0.030152 rate=0.000900
2019-02-19 09:12:37,578 - main - INFO - [ 93] T/loss=3.374510 T/acc1=0.589669 T/acc2=0.000000 T/sec= 2.034952 D/loss=4.314552 D/acc1=0.517375 D/acc2=0.410346 D/sec= 0.032461 rate=0.000901
saving early-stopped model (loss) at epoch 93
2019-02-19 09:12:40,011 - main - INFO - [ 94] T/loss=3.422305 T/acc1=0.582705 T/acc2=0.000000 T/sec= 2.402779 D/loss=6.082362 D/acc1=0.397683 D/acc2=0.431422 D/sec= 0.030038 rate=0.000903
2019-02-19 09:12:42,082 - main - INFO - [ 95] T/loss=3.364048 T/acc1=0.600696 T/acc2=0.000000 T/sec= 2.041406 D/loss=5.393083 D/acc1=0.583012 D/acc2=0.504742 D/sec= 0.029632 rate=0.000905
2019-02-19 09:12:44,144 - main - INFO - [ 96] T/loss=3.478294 T/acc1=0.587928 T/acc2=0.000000 T/sec= 2.030656 D/loss=5.867876 D/acc1=0.432432 D/acc2=0.448335 D/sec= 0.031246 rate=0.000907
2019-02-19 09:12:46,250 - main - INFO - [ 97] T/loss=3.440823 T/acc1=0.571097 T/acc2=0.000000 T/sec= 2.066127 D/loss=5.162944 D/acc1=0.370656 D/acc2=0.473554 D/sec= 0.040327 rate=0.000909
2019-02-19 09:12:48,225 - main - INFO - [ 98] T/loss=3.411855 T/acc1=0.605920 T/acc2=0.000000 T/sec= 1.942859 D/loss=5.073376 D/acc1=0.416988 D/acc2=0.562088 D/sec= 0.032120 rate=0.000910
saving early-stopped model (uar) at epoch 98
2019-02-19 09:12:50,470 - main - INFO - [ 99] T/loss=3.294672 T/acc1=0.589089 T/acc2=0.000000 T/sec= 2.208501 D/loss=5.835845 D/acc1=0.270270 D/acc2=0.446941 D/sec= 0.035980 rate=0.000912
2019-02-19 09:12:52,379 - main - INFO - [100] T/loss=3.261939 T/acc1=0.614626 T/acc2=0.000000 T/sec= 1.876124 D/loss=4.928328 D/acc1=0.428571 D/acc2=0.507476 D/sec= 0.033026 rate=0.000914
2019-02-19 09:12:54,197 - main - INFO - [101] T/loss=3.447645 T/acc1=0.590830 T/acc2=0.000000 T/sec= 1.783542 D/loss=6.778224 D/acc1=0.517375 D/acc2=0.446810 D/sec= 0.034210 rate=0.000915
2019-02-19 09:12:56,064 - main - INFO - [102] T/loss=3.554333 T/acc1=0.564132 T/acc2=0.000000 T/sec= 1.827074 D/loss=6.584168 D/acc1=0.320463 D/acc2=0.409619 D/sec= 0.040091 rate=0.000917
2019-02-19 09:12:57,841 - main - INFO - [103] T/loss=3.519838 T/acc1=0.558328 T/acc2=0.000000 T/sec= 1.747621 D/loss=4.460985 D/acc1=0.386100 D/acc2=0.393316 D/sec= 0.029061 rate=0.000918
2019-02-19 09:12:59,636 - main - INFO - [104] T/loss=3.644987 T/acc1=0.534533 T/acc2=0.000000 T/sec= 1.763500 D/loss=6.267048 D/acc1=0.532819 D/acc2=0.511112 D/sec= 0.031919 rate=0.000920
2019-02-19 09:13:01,387 - main - INFO - [105] T/loss=3.589292 T/acc1=0.567615 T/acc2=0.000000 T/sec= 1.721368 D/loss=5.237747 D/acc1=0.467181 D/acc2=0.523781 D/sec= 0.029881 rate=0.000921
2019-02-19 09:13:03,198 - main - INFO - [106] T/loss=3.492128 T/acc1=0.561811 T/acc2=0.000000 T/sec= 1.766304 D/loss=5.861381 D/acc1=0.444015 D/acc2=0.440810 D/sec= 0.044333 rate=0.000923
2019-02-19 09:13:04,927 - main - INFO - [107] T/loss=3.564184 T/acc1=0.550203 T/acc2=0.000000 T/sec= 1.700233 D/loss=4.431932 D/acc1=0.440154 D/acc2=0.357660 D/sec= 0.029029 rate=0.000924
2019-02-19 09:13:07,064 - main - INFO - [108] T/loss=3.444123 T/acc1=0.566454 T/acc2=0.000000 T/sec= 2.099496 D/loss=5.761572 D/acc1=0.305019 D/acc2=0.453068 D/sec= 0.037363 rate=0.000926
2019-02-19 09:13:09,033 - main - INFO - [109] T/loss=3.342868 T/acc1=0.596634 T/acc2=0.000000 T/sec= 1.934634 D/loss=5.978071 D/acc1=0.459459 D/acc2=0.471533 D/sec= 0.034734 rate=0.000927
2019-02-19 09:13:10,910 - main - INFO - [110] T/loss=3.507709 T/acc1=0.557748 T/acc2=0.000000 T/sec= 1.835638 D/loss=5.336063 D/acc1=0.428571 D/acc2=0.533435 D/sec= 0.041232 rate=0.000928
2019-02-19 09:13:12,930 - main - INFO - [111] T/loss=3.417815 T/acc1=0.582124 T/acc2=0.000000 T/sec= 1.983054 D/loss=5.885874 D/acc1=0.366795 D/acc2=0.453315 D/sec= 0.036766 rate=0.000930
2019-02-19 09:13:14,790 - main - INFO - [112] T/loss=3.610607 T/acc1=0.515380 T/acc2=0.000000 T/sec= 1.824676 D/loss=4.387002 D/acc1=0.335907 D/acc2=0.365846 D/sec= 0.035499 rate=0.000931
2019-02-19 09:13:17,032 - main - INFO - [113] T/loss=3.654105 T/acc1=0.546721 T/acc2=0.000000 T/sec= 2.205221 D/loss=4.536999 D/acc1=0.355212 D/acc2=0.398422 D/sec= 0.036688 rate=0.000932
2019-02-19 09:13:18,907 - main - INFO - [114] T/loss=3.500373 T/acc1=0.570517 T/acc2=0.000000 T/sec= 1.837140 D/loss=5.119821 D/acc1=0.355212 D/acc2=0.412349 D/sec= 0.037449 rate=0.000934
2019-02-19 09:13:20,777 - main - INFO - [115] T/loss=3.403054 T/acc1=0.571097 T/acc2=0.000000 T/sec= 1.830925 D/loss=4.972803 D/acc1=0.471042 D/acc2=0.489759 D/sec= 0.039630 rate=0.000935
2019-02-19 09:13:22,689 - main - INFO - [116] T/loss=3.598648 T/acc1=0.546140 T/acc2=0.000000 T/sec= 1.875409 D/loss=6.719781 D/acc1=0.239382 D/acc2=0.359466 D/sec= 0.036529 rate=0.000936
2019-02-19 09:13:24,929 - main - INFO - [117] T/loss=3.551006 T/acc1=0.540917 T/acc2=0.000000 T/sec= 2.212667 D/loss=4.713421 D/acc1=0.463320 D/acc2=0.501340 D/sec= 0.026865 rate=0.000937
2019-02-19 09:13:26,959 - main - INFO - [118] T/loss=3.469971 T/acc1=0.568195 T/acc2=0.000000 T/sec= 1.999983 D/loss=4.423914 D/acc1=0.424710 D/acc2=0.394076 D/sec= 0.029701 rate=0.000938
2019-02-19 09:13:28,613 - main - INFO - [119] T/loss=3.456512 T/acc1=0.567615 T/acc2=0.000000 T/sec= 1.625380 D/loss=4.700470 D/acc1=0.447876 D/acc2=0.411456 D/sec= 0.028908 rate=0.000940
2019-02-19 09:13:30,322 - main - INFO - [120] T/loss=3.369202 T/acc1=0.575160 T/acc2=0.000000 T/sec= 1.680739 D/loss=4.923010 D/acc1=0.455598 D/acc2=0.408898 D/sec= 0.028793 rate=0.000941
2019-02-19 09:13:32,019 - main - INFO - [121] T/loss=3.562334 T/acc1=0.557168 T/acc2=0.000000 T/sec= 1.666692 D/loss=4.647875 D/acc1=0.602317 D/acc2=0.425839 D/sec= 0.030160 rate=0.000942
2019-02-19 09:13:33,732 - main - INFO - [122] T/loss=3.612628 T/acc1=0.547301 T/acc2=0.000000 T/sec= 1.678804 D/loss=6.689094 D/acc1=0.347490 D/acc2=0.421186 D/sec= 0.033496 rate=0.000943
2019-02-19 09:13:35,370 - main - INFO - [123] T/loss=3.694133 T/acc1=0.530470 T/acc2=0.000000 T/sec= 1.610849 D/loss=5.040575 D/acc1=0.312741 D/acc2=0.449977 D/sec= 0.027827 rate=0.000944
2019-02-19 09:13:37,062 - main - INFO - [124] T/loss=3.556018 T/acc1=0.552525 T/acc2=0.000000 T/sec= 1.663493 D/loss=5.838577 D/acc1=0.440154 D/acc2=0.426741 D/sec= 0.028590 rate=0.000945
2019-02-19 09:13:38,742 - main - INFO - [125] T/loss=3.562876 T/acc1=0.557168 T/acc2=0.000000 T/sec= 1.646037 D/loss=5.596779 D/acc1=0.343629 D/acc2=0.455116 D/sec= 0.034094 rate=0.000946
2019-02-19 09:13:40,394 - main - INFO - [126] T/loss=3.495516 T/acc1=0.562391 T/acc2=0.000000 T/sec= 1.623422 D/loss=5.130659 D/acc1=0.432432 D/acc2=0.444868 D/sec= 0.028544 rate=0.000947
2019-02-19 09:13:42,019 - main - INFO - [127] T/loss=3.529599 T/acc1=0.578642 T/acc2=0.000000 T/sec= 1.595353 D/loss=5.201711 D/acc1=0.370656 D/acc2=0.470835 D/sec= 0.028859 rate=0.000948
2019-02-19 09:13:43,644 - main - INFO - [128] T/loss=3.500609 T/acc1=0.562391 T/acc2=0.000000 T/sec= 1.591444 D/loss=5.423629 D/acc1=0.471042 D/acc2=0.475710 D/sec= 0.034147 rate=0.000949
2019-02-19 09:13:45,340 - main - INFO - [129] T/loss=3.608359 T/acc1=0.569936 T/acc2=0.000000 T/sec= 1.665934 D/loss=6.012506 D/acc1=0.420849 D/acc2=0.384696 D/sec= 0.029869 rate=0.000950
2019-02-19 09:13:47,014 - main - INFO - [130] T/loss=3.617316 T/acc1=0.557168 T/acc2=0.000000 T/sec= 1.642676 D/loss=5.928812 D/acc1=0.351351 D/acc2=0.450969 D/sec= 0.031825 rate=0.000951
2019-02-19 09:13:48,621 - main - INFO - [131] T/loss=3.568545 T/acc1=0.573999 T/acc2=0.000000 T/sec= 1.577551 D/loss=5.608118 D/acc1=0.351351 D/acc2=0.452587 D/sec= 0.029291 rate=0.000952
2019-02-19 09:13:50,358 - main - INFO - [132] T/loss=3.477148 T/acc1=0.573418 T/acc2=0.000000 T/sec= 1.708538 D/loss=4.599306 D/acc1=0.316602 D/acc2=0.368467 D/sec= 0.028587 rate=0.000952
2019-02-19 09:13:52,029 - main - INFO - [133] T/loss=3.647219 T/acc1=0.559489 T/acc2=0.000000 T/sec= 1.639708 D/loss=6.041483 D/acc1=0.401544 D/acc2=0.465189 D/sec= 0.030615 rate=0.000953
2019-02-19 09:13:53,583 - main - INFO - [134] T/loss=3.577641 T/acc1=0.557168 T/acc2=0.000000 T/sec= 1.522059 D/loss=5.677734 D/acc1=0.525097 D/acc2=0.420572 D/sec= 0.032088 rate=0.000954
2019-02-19 09:13:55,268 - main - INFO - [135] T/loss=3.634808 T/acc1=0.540917 T/acc2=0.000000 T/sec= 1.655245 D/loss=5.056736 D/acc1=0.428571 D/acc2=0.486933 D/sec= 0.029748 rate=0.000955
2019-02-19 09:13:57,070 - main - INFO - [136] T/loss=3.523771 T/acc1=0.566454 T/acc2=0.000000 T/sec= 1.771681 D/loss=4.630469 D/acc1=0.289575 D/acc2=0.327636 D/sec= 0.029928 rate=0.000956
2019-02-19 09:13:58,630 - main - INFO - [137] T/loss=3.601623 T/acc1=0.564713 T/acc2=0.000000 T/sec= 1.527312 D/loss=5.514962 D/acc1=0.262548 D/acc2=0.422293 D/sec= 0.032787 rate=0.000957
2019-02-19 09:14:00,250 - main - INFO - [138] T/loss=3.590763 T/acc1=0.549623 T/acc2=0.000000 T/sec= 1.591938 D/loss=6.481960 D/acc1=0.274131 D/acc2=0.366555 D/sec= 0.028658 rate=0.000957
2019-02-19 09:14:01,879 - main - INFO - [139] T/loss=3.606548 T/acc1=0.540917 T/acc2=0.000000 T/sec= 1.598856 D/loss=6.704436 D/acc1=0.474903 D/acc2=0.444430 D/sec= 0.029490 rate=0.000958
2019-02-19 09:14:03,533 - main - INFO - [140] T/loss=3.642415 T/acc1=0.547882 T/acc2=0.000000 T/sec= 1.620403 D/loss=5.054759 D/acc1=0.509653 D/acc2=0.458391 D/sec= 0.034040 rate=0.000959
2019-02-19 09:14:05,144 - main - INFO - [141] T/loss=3.656133 T/acc1=0.569936 T/acc2=0.000000 T/sec= 1.580775 D/loss=6.157981 D/acc1=0.293436 D/acc2=0.388415 D/sec= 0.029832 rate=0.000960
2019-02-19 09:14:06,751 - main - INFO - [142] T/loss=3.593023 T/acc1=0.560650 T/acc2=0.000000 T/sec= 1.573968 D/loss=4.794785 D/acc1=0.451737 D/acc2=0.425902 D/sec= 0.033030 rate=0.000960
2019-02-19 09:14:08,350 - main - INFO - [143] T/loss=3.581933 T/acc1=0.550203 T/acc2=0.000000 T/sec= 1.571128 D/loss=5.454023 D/acc1=0.301158 D/acc2=0.491010 D/sec= 0.028356 rate=0.000961
2019-02-19 09:14:09,920 - main - INFO - [144] T/loss=3.681281 T/acc1=0.578062 T/acc2=0.000000 T/sec= 1.539706 D/loss=5.190663 D/acc1=0.498069 D/acc2=0.435034 D/sec= 0.029726 rate=0.000962
2019-02-19 09:14:11,571 - main - INFO - [145] T/loss=3.614674 T/acc1=0.542658 T/acc2=0.000000 T/sec= 1.605701 D/loss=4.688384 D/acc1=0.436293 D/acc2=0.435112 D/sec= 0.045613 rate=0.000963
2019-02-19 09:14:13,245 - main - INFO - [146] T/loss=3.572493 T/acc1=0.582124 T/acc2=0.000000 T/sec= 1.645921 D/loss=5.368861 D/acc1=0.521236 D/acc2=0.474129 D/sec= 0.028065 rate=0.000963
2019-02-19 09:14:14,821 - main - INFO - [147] T/loss=3.538735 T/acc1=0.554266 T/acc2=0.000000 T/sec= 1.548090 D/loss=5.070496 D/acc1=0.451737 D/acc2=0.501407 D/sec= 0.028535 rate=0.000964
2019-02-19 09:14:16,321 - main - INFO - [148] T/loss=3.478982 T/acc1=0.579222 T/acc2=0.000000 T/sec= 1.471748 D/loss=5.427990 D/acc1=0.366795 D/acc2=0.489758 D/sec= 0.028220 rate=0.000965
2019-02-19 09:14:17,866 - main - INFO - [149] T/loss=3.553535 T/acc1=0.555427 T/acc2=0.000000 T/sec= 1.514609 D/loss=6.616233 D/acc1=0.274131 D/acc2=0.372887 D/sec= 0.030220 rate=0.000965
2019-02-19 09:14:19,457 - main - INFO - [150] T/loss=3.631789 T/acc1=0.564132 T/acc2=0.000000 T/sec= 1.557579 D/loss=6.087138 D/acc1=0.413127 D/acc2=0.446432 D/sec= 0.032733 rate=0.000966
2019-02-19 09:14:21,117 - main - INFO - [151] T/loss=3.570449 T/acc1=0.555427 T/acc2=0.000000 T/sec= 1.630641 D/loss=6.510510 D/acc1=0.482625 D/acc2=0.443890 D/sec= 0.029528 rate=0.000966
2019-02-19 09:14:22,690 - main - INFO - [152] T/loss=3.618056 T/acc1=0.565293 T/acc2=0.000000 T/sec= 1.543418 D/loss=4.623054 D/acc1=0.355212 D/acc2=0.350162 D/sec= 0.030240 rate=0.000967
2019-02-19 09:14:24,263 - main - INFO - [153] T/loss=3.497964 T/acc1=0.544980 T/acc2=0.000000 T/sec= 1.543940 D/loss=6.028491 D/acc1=0.254826 D/acc2=0.443818 D/sec= 0.029145 rate=0.000968
2019-02-19 09:14:25,842 - main - INFO - [154] T/loss=3.622252 T/acc1=0.564132 T/acc2=0.000000 T/sec= 1.545900 D/loss=5.600316 D/acc1=0.378378 D/acc2=0.422812 D/sec= 0.032443 rate=0.000968
2019-02-19 09:14:27,409 - main - INFO - [155] T/loss=3.608371 T/acc1=0.568195 T/acc2=0.000000 T/sec= 1.532040 D/loss=5.577506 D/acc1=0.436293 D/acc2=0.518172 D/sec= 0.034748 rate=0.000969
2019-02-19 09:14:28,934 - main - INFO - [156] T/loss=3.637131 T/acc1=0.519443 T/acc2=0.000000 T/sec= 1.497969 D/loss=4.473686 D/acc1=0.328185 D/acc2=0.355011 D/sec= 0.027730 rate=0.000969
2019-02-19 09:14:30,613 - main - INFO - [157] T/loss=3.656249 T/acc1=0.546721 T/acc2=0.000000 T/sec= 1.643756 D/loss=5.405581 D/acc1=0.386100 D/acc2=0.464530 D/sec= 0.034724 rate=0.000970
2019-02-19 09:14:32,217 - main - INFO - [158] T/loss=3.532338 T/acc1=0.575160 T/acc2=0.000000 T/sec= 1.575155 D/loss=4.622538 D/acc1=0.420849 D/acc2=0.439097 D/sec= 0.029274 rate=0.000971
2019-02-19 09:14:33,779 - main - INFO - [159] T/loss=3.480945 T/acc1=0.543819 T/acc2=0.000000 T/sec= 1.532685 D/loss=5.164074 D/acc1=0.339768 D/acc2=0.450544 D/sec= 0.029355 rate=0.000971
2019-02-19 09:14:35,398 - main - INFO - [160] T/loss=3.643675 T/acc1=0.560650 T/acc2=0.000000 T/sec= 1.588768 D/loss=6.023552 D/acc1=0.359073 D/acc2=0.424447 D/sec= 0.029699 rate=0.000972
2019-02-19 09:14:37,021 - main - INFO - [161] T/loss=3.595766 T/acc1=0.575160 T/acc2=0.000000 T/sec= 1.594020 D/loss=6.342147 D/acc1=0.567568 D/acc2=0.517755 D/sec= 0.029435 rate=0.000972
2019-02-19 09:14:38,619 - main - INFO - [162] T/loss=3.683126 T/acc1=0.553685 T/acc2=0.000000 T/sec= 1.568525 D/loss=5.318447 D/acc1=0.316602 D/acc2=0.452345 D/sec= 0.029515 rate=0.000973
2019-02-19 09:14:40,257 - main - INFO - [163] T/loss=3.700686 T/acc1=0.538595 T/acc2=0.000000 T/sec= 1.606639 D/loss=5.319101 D/acc1=0.389961 D/acc2=0.426988 D/sec= 0.030887 rate=0.000973
2019-02-19 09:14:41,941 - main - INFO - [164] T/loss=3.660424 T/acc1=0.572838 T/acc2=0.000000 T/sec= 1.632279 D/loss=6.034517 D/acc1=0.362934 D/acc2=0.437628 D/sec= 0.052137 rate=0.000974
2019-02-19 09:14:43,500 - main - INFO - [165] T/loss=3.608956 T/acc1=0.562972 T/acc2=0.000000 T/sec= 1.528354 D/loss=5.518073 D/acc1=0.389961 D/acc2=0.437703 D/sec= 0.030412 rate=0.000974
2019-02-19 09:14:45,086 - main - INFO - [166] T/loss=3.515615 T/acc1=0.564132 T/acc2=0.000000 T/sec= 1.552611 D/loss=7.258243 D/acc1=0.196911 D/acc2=0.370595 D/sec= 0.033695 rate=0.000975
2019-02-19 09:14:46,695 - main - INFO - [167] T/loss=3.575772 T/acc1=0.548462 T/acc2=0.000000 T/sec= 1.575454 D/loss=5.065755 D/acc1=0.401544 D/acc2=0.521166 D/sec= 0.033335 rate=0.000975
2019-02-19 09:14:48,357 - main - INFO - [168] T/loss=3.664035 T/acc1=0.554266 T/acc2=0.000000 T/sec= 1.632572 D/loss=6.328481 D/acc1=0.459459 D/acc2=0.514237 D/sec= 0.029499 rate=0.000975
2019-02-19 09:14:49,962 - main - INFO - [169] T/loss=3.601205 T/acc1=0.549042 T/acc2=0.000000 T/sec= 1.573266 D/loss=6.132347 D/acc1=0.212355 D/acc2=0.373811 D/sec= 0.031169 rate=0.000976
2019-02-19 09:14:51,601 - main - INFO - [170] T/loss=3.589591 T/acc1=0.558328 T/acc2=0.000000 T/sec= 1.593100 D/loss=7.014865 D/acc1=0.362934 D/acc2=0.424895 D/sec= 0.046690 rate=0.000976
2019-02-19 09:14:53,188 - main - INFO - [171] T/loss=3.714749 T/acc1=0.542078 T/acc2=0.000000 T/sec= 1.557132 D/loss=6.100731 D/acc1=0.177606 D/acc2=0.330140 D/sec= 0.030022 rate=0.000977
2019-02-19 09:14:54,786 - main - INFO - [172] T/loss=3.654539 T/acc1=0.539176 T/acc2=0.000000 T/sec= 1.562823 D/loss=5.157596 D/acc1=0.486486 D/acc2=0.544679 D/sec= 0.034682 rate=0.000977
2019-02-19 09:14:56,342 - main - INFO - [173] T/loss=3.512062 T/acc1=0.562972 T/acc2=0.000000 T/sec= 1.527575 D/loss=5.558710 D/acc1=0.378378 D/acc2=0.500080 D/sec= 0.028097 rate=0.000978
2019-02-19 09:14:57,885 - main - INFO - [174] T/loss=3.649722 T/acc1=0.547882 T/acc2=0.000000 T/sec= 1.514440 D/loss=4.855681 D/acc1=0.339768 D/acc2=0.423438 D/sec= 0.029286 rate=0.000978
2019-02-19 09:14:59,492 - main - INFO - [175] T/loss=3.491005 T/acc1=0.564713 T/acc2=0.000000 T/sec= 1.576148 D/loss=6.271339 D/acc1=0.262548 D/acc2=0.388993 D/sec= 0.030051 rate=0.000978
2019-02-19 09:15:01,212 - main - INFO - [176] T/loss=3.534707 T/acc1=0.544399 T/acc2=0.000000 T/sec= 1.689702 D/loss=5.696578 D/acc1=0.405405 D/acc2=0.456279 D/sec= 0.030408 rate=0.000979
2019-02-19 09:15:03,050 - main - INFO - [177] T/loss=3.647918 T/acc1=0.551944 T/acc2=0.000000 T/sec= 1.808756 D/loss=6.173224 D/acc1=0.258687 D/acc2=0.409558 D/sec= 0.030068 rate=0.000979
2019-02-19 09:15:04,786 - main - INFO - [178] T/loss=3.667988 T/acc1=0.528149 T/acc2=0.000000 T/sec= 1.704937 D/loss=5.461151 D/acc1=0.285714 D/acc2=0.389774 D/sec= 0.030942 rate=0.000980
2019-02-19 09:15:06,472 - main - INFO - [179] T/loss=3.626907 T/acc1=0.531050 T/acc2=0.000000 T/sec= 1.643263 D/loss=4.797207 D/acc1=0.355212 D/acc2=0.431228 D/sec= 0.041998 rate=0.000980
2019-02-19 09:15:08,093 - main - INFO - [180] T/loss=3.835698 T/acc1=0.525827 T/acc2=0.000000 T/sec= 1.591941 D/loss=6.508497 D/acc1=0.247104 D/acc2=0.400082 D/sec= 0.029607 rate=0.000980
2019-02-19 09:15:09,723 - main - INFO - [181] T/loss=3.562503 T/acc1=0.546140 T/acc2=0.000000 T/sec= 1.600804 D/loss=5.215130 D/acc1=0.316602 D/acc2=0.459709 D/sec= 0.029359 rate=0.000981
2019-02-19 09:15:11,259 - main - INFO - [182] T/loss=3.652852 T/acc1=0.530470 T/acc2=0.000000 T/sec= 1.506592 D/loss=5.449828 D/acc1=0.440154 D/acc2=0.523776 D/sec= 0.029095 rate=0.000981
2019-02-19 09:15:12,784 - main - INFO - [183] T/loss=3.590172 T/acc1=0.561811 T/acc2=0.000000 T/sec= 1.496192 D/loss=5.374130 D/acc1=0.389961 D/acc2=0.492109 D/sec= 0.029240 rate=0.000981
2019-02-19 09:15:14,296 - main - INFO - [184] T/loss=3.697772 T/acc1=0.565873 T/acc2=0.000000 T/sec= 1.482191 D/loss=6.785654 D/acc1=0.154440 D/acc2=0.334120 D/sec= 0.028894 rate=0.000982
2019-02-19 09:15:15,836 - main - INFO - [185] T/loss=3.650099 T/acc1=0.534533 T/acc2=0.000000 T/sec= 1.507391 D/loss=5.733449 D/acc1=0.386100 D/acc2=0.452829 D/sec= 0.032613 rate=0.000982
2019-02-19 09:15:17,355 - main - INFO - [186] T/loss=3.603228 T/acc1=0.533372 T/acc2=0.000000 T/sec= 1.491498 D/loss=5.222970 D/acc1=0.428571 D/acc2=0.428334 D/sec= 0.028334 rate=0.000982
2019-02-19 09:15:18,899 - main - INFO - [187] T/loss=3.650256 T/acc1=0.539756 T/acc2=0.000000 T/sec= 1.505123 D/loss=4.750408 D/acc1=0.455598 D/acc2=0.460068 D/sec= 0.038354 rate=0.000983
2019-02-19 09:15:20,405 - main - INFO - [188] T/loss=3.682671 T/acc1=0.538595 T/acc2=0.000000 T/sec= 1.479710 D/loss=6.495709 D/acc1=0.270270 D/acc2=0.378770 D/sec= 0.026633 rate=0.000983
2019-02-19 09:15:21,900 - main - INFO - [189] T/loss=3.676544 T/acc1=0.535113 T/acc2=0.000000 T/sec= 1.468056 D/loss=6.287507 D/acc1=0.189189 D/acc2=0.362339 D/sec= 0.026762 rate=0.000983
2019-02-19 09:15:23,411 - main - INFO - [190] T/loss=3.761867 T/acc1=0.527568 T/acc2=0.000000 T/sec= 1.483398 D/loss=5.516696 D/acc1=0.370656 D/acc2=0.477728 D/sec= 0.027274 rate=0.000984
2019-02-19 09:15:24,871 - main - INFO - [191] T/loss=3.660342 T/acc1=0.558328 T/acc2=0.000000 T/sec= 1.432417 D/loss=5.855530 D/acc1=0.243243 D/acc2=0.434858 D/sec= 0.027480 rate=0.000984
2019-02-19 09:15:26,329 - main - INFO - [192] T/loss=3.700486 T/acc1=0.521764 T/acc2=0.000000 T/sec= 1.430219 D/loss=6.733480 D/acc1=0.386100 D/acc2=0.418781 D/sec= 0.027766 rate=0.000984
2019-02-19 09:15:27,807 - main - INFO - [193] T/loss=3.743199 T/acc1=0.524086 T/acc2=0.000000 T/sec= 1.449891 D/loss=5.719005 D/acc1=0.374517 D/acc2=0.482700 D/sec= 0.028619 rate=0.000984
2019-02-19 09:15:29,304 - main - INFO - [194] T/loss=3.635044 T/acc1=0.548462 T/acc2=0.000000 T/sec= 1.469898 D/loss=5.826031 D/acc1=0.316602 D/acc2=0.463576 D/sec= 0.026998 rate=0.000985
2019-02-19 09:15:30,814 - main - INFO - [195] T/loss=3.590839 T/acc1=0.548462 T/acc2=0.000000 T/sec= 1.482511 D/loss=4.936332 D/acc1=0.370656 D/acc2=0.439321 D/sec= 0.027625 rate=0.000985
2019-02-19 09:15:32,332 - main - INFO - [196] T/loss=3.600668 T/acc1=0.530470 T/acc2=0.000000 T/sec= 1.489774 D/loss=4.456194 D/acc1=0.355212 D/acc2=0.351334 D/sec= 0.028141 rate=0.000985
2019-02-19 09:15:33,759 - main - INFO - [197] T/loss=3.853934 T/acc1=0.520023 T/acc2=0.000000 T/sec= 1.399946 D/loss=4.874507 D/acc1=0.459459 D/acc2=0.544512 D/sec= 0.027140 rate=0.000986
2019-02-19 09:15:35,263 - main - INFO - [198] T/loss=3.620311 T/acc1=0.571677 T/acc2=0.000000 T/sec= 1.473989 D/loss=5.928461 D/acc1=0.274131 D/acc2=0.406749 D/sec= 0.029563 rate=0.000986
2019-02-19 09:15:36,749 - main - INFO - [199] T/loss=3.677373 T/acc1=0.535694 T/acc2=0.000000 T/sec= 1.457197 D/loss=4.967467 D/acc1=0.432432 D/acc2=0.405990 D/sec= 0.029167 rate=0.000986
2019-02-19 09:15:38,257 - main - INFO - [200] T/loss=3.567856 T/acc1=0.521764 T/acc2=0.000000 T/sec= 1.477269 D/loss=5.490221 D/acc1=0.347490 D/acc2=0.457698 D/sec= 0.030772 rate=0.000986
2019-02-19 09:15:39,777 - main - INFO - [201] T/loss=3.744622 T/acc1=0.519443 T/acc2=0.000000 T/sec= 1.485527 D/loss=4.975680 D/acc1=0.359073 D/acc2=0.480308 D/sec= 0.034270 rate=0.000987
2019-02-19 09:15:41,352 - main - INFO - [202] T/loss=3.791450 T/acc1=0.492165 T/acc2=0.000000 T/sec= 1.543422 D/loss=6.137412 D/acc1=0.335907 D/acc2=0.426247 D/sec= 0.031420 rate=0.000987
2019-02-19 09:15:42,835 - main - INFO - [203] T/loss=3.810059 T/acc1=0.508996 T/acc2=0.000000 T/sec= 1.453681 D/loss=6.023599 D/acc1=0.208494 D/acc2=0.399136 D/sec= 0.029251 rate=0.000987
2019-02-19 09:15:44,381 - main - INFO - [204] T/loss=3.762908 T/acc1=0.522345 T/acc2=0.000000 T/sec= 1.517070 D/loss=4.998434 D/acc1=0.467181 D/acc2=0.525799 D/sec= 0.028947 rate=0.000987
2019-02-19 09:15:45,844 - main - INFO - [205] T/loss=3.523335 T/acc1=0.544399 T/acc2=0.000000 T/sec= 1.435894 D/loss=7.459781 D/acc1=0.266409 D/acc2=0.405457 D/sec= 0.027816 rate=0.000987
2019-02-19 09:15:47,353 - main - INFO - [206] T/loss=3.563281 T/acc1=0.538595 T/acc2=0.000000 T/sec= 1.479312 D/loss=8.550251 D/acc1=0.235521 D/acc2=0.374005 D/sec= 0.028895 rate=0.000988
2019-02-19 09:15:48,819 - main - INFO - [207] T/loss=3.749882 T/acc1=0.516541 T/acc2=0.000000 T/sec= 1.438228 D/loss=6.515169 D/acc1=0.401544 D/acc2=0.488712 D/sec= 0.028670 rate=0.000988
2019-02-19 09:15:50,341 - main - INFO - [208] T/loss=3.714787 T/acc1=0.558909 T/acc2=0.000000 T/sec= 1.492493 D/loss=5.949638 D/acc1=0.428571 D/acc2=0.475022 D/sec= 0.029040 rate=0.000988
2019-02-19 09:15:51,774 - main - INFO - [209] T/loss=3.747378 T/acc1=0.534533 T/acc2=0.000000 T/sec= 1.403758 D/loss=5.038145 D/acc1=0.447876 D/acc2=0.461310 D/sec= 0.029611 rate=0.000988
2019-02-19 09:15:53,343 - main - INFO - [210] T/loss=3.657752 T/acc1=0.521184 T/acc2=0.000000 T/sec= 1.534208 D/loss=5.046085 D/acc1=0.482625 D/acc2=0.522544 D/sec= 0.034787 rate=0.000989
2019-02-19 09:15:54,803 - main - INFO - [211] T/loss=3.663767 T/acc1=0.525827 T/acc2=0.000000 T/sec= 1.431026 D/loss=4.816496 D/acc1=0.305019 D/acc2=0.428942 D/sec= 0.028514 rate=0.000989
2019-02-19 09:15:56,275 - main - INFO - [212] T/loss=3.693379 T/acc1=0.531631 T/acc2=0.000000 T/sec= 1.442395 D/loss=6.340983 D/acc1=0.243243 D/acc2=0.409461 D/sec= 0.029205 rate=0.000989
2019-02-19 09:15:57,732 - main - INFO - [213] T/loss=3.764312 T/acc1=0.521764 T/acc2=0.000000 T/sec= 1.427665 D/loss=4.630924 D/acc1=0.374517 D/acc2=0.405600 D/sec= 0.029632 rate=0.000989
2019-02-19 09:15:59,135 - main - INFO - [214] T/loss=3.645768 T/acc1=0.527568 T/acc2=0.000000 T/sec= 1.375244 D/loss=6.220923 D/acc1=0.258687 D/acc2=0.404704 D/sec= 0.028232 rate=0.000989
2019-02-19 09:16:00,616 - main - INFO - [215] T/loss=3.672202 T/acc1=0.531631 T/acc2=0.000000 T/sec= 1.453761 D/loss=6.074421 D/acc1=0.332046 D/acc2=0.440270 D/sec= 0.027406 rate=0.000990
2019-02-19 09:16:02,041 - main - INFO - [216] T/loss=3.634153 T/acc1=0.533952 T/acc2=0.000000 T/sec= 1.397613 D/loss=5.919907 D/acc1=0.305019 D/acc2=0.427672 D/sec= 0.027091 rate=0.000990
2019-02-19 09:16:03,478 - main - INFO - [217] T/loss=3.541484 T/acc1=0.553105 T/acc2=0.000000 T/sec= 1.408916 D/loss=4.635818 D/acc1=0.328185 D/acc2=0.401698 D/sec= 0.027532 rate=0.000990
2019-02-19 09:16:04,950 - main - INFO - [218] T/loss=3.710661 T/acc1=0.501451 T/acc2=0.000000 T/sec= 1.445583 D/loss=5.582993 D/acc1=0.262548 D/acc2=0.463635 D/sec= 0.027186 rate=0.000990
2019-02-19 09:16:06,372 - main - INFO - [219] T/loss=3.532236 T/acc1=0.534533 T/acc2=0.000000 T/sec= 1.393950 D/loss=5.190897 D/acc1=0.316602 D/acc2=0.516057 D/sec= 0.027342 rate=0.000990
2019-02-19 09:16:07,779 - main - INFO - [220] T/loss=3.593370 T/acc1=0.554846 T/acc2=0.000000 T/sec= 1.379119 D/loss=5.208850 D/acc1=0.432432 D/acc2=0.537305 D/sec= 0.028277 rate=0.000990
2019-02-19 09:16:09,260 - main - INFO - [221] T/loss=3.660516 T/acc1=0.517121 T/acc2=0.000000 T/sec= 1.451852 D/loss=5.780124 D/acc1=0.397683 D/acc2=0.477948 D/sec= 0.028851 rate=0.000991
2019-02-19 09:16:10,694 - main - INFO - [222] T/loss=3.754517 T/acc1=0.505514 T/acc2=0.000000 T/sec= 1.405163 D/loss=5.657976 D/acc1=0.359073 D/acc2=0.466258 D/sec= 0.028846 rate=0.000991
2019-02-19 09:16:12,209 - main - INFO - [223] T/loss=3.612950 T/acc1=0.528149 T/acc2=0.000000 T/sec= 1.486394 D/loss=5.292545 D/acc1=0.362934 D/acc2=0.479956 D/sec= 0.028815 rate=0.000991
2019-02-19 09:16:13,660 - main - INFO - [224] T/loss=3.683085 T/acc1=0.529890 T/acc2=0.000000 T/sec= 1.420375 D/loss=6.368929 D/acc1=0.216216 D/acc2=0.406290 D/sec= 0.030253 rate=0.000991
2019-02-19 09:16:15,138 - main - INFO - [225] T/loss=3.654109 T/acc1=0.538595 T/acc2=0.000000 T/sec= 1.449917 D/loss=5.318888 D/acc1=0.351351 D/acc2=0.463702 D/sec= 0.028620 rate=0.000991
2019-02-19 09:16:16,597 - main - INFO - [226] T/loss=3.697140 T/acc1=0.529309 T/acc2=0.000000 T/sec= 1.427932 D/loss=5.596078 D/acc1=0.293436 D/acc2=0.450510 D/sec= 0.030528 rate=0.000991
2019-02-19 09:16:18,027 - main - INFO - [227] T/loss=3.707992 T/acc1=0.544399 T/acc2=0.000000 T/sec= 1.400806 D/loss=6.070132 D/acc1=0.235521 D/acc2=0.417550 D/sec= 0.029894 rate=0.000992
2019-02-19 09:16:19,499 - main - INFO - [228] T/loss=3.746638 T/acc1=0.525827 T/acc2=0.000000 T/sec= 1.441305 D/loss=5.543758 D/acc1=0.420849 D/acc2=0.456636 D/sec= 0.030145 rate=0.000992
2019-02-19 09:16:20,883 - main - INFO - [229] T/loss=3.771213 T/acc1=0.506674 T/acc2=0.000000 T/sec= 1.355753 D/loss=5.215396 D/acc1=0.328185 D/acc2=0.449743 D/sec= 0.028936 rate=0.000992
2019-02-19 09:16:22,324 - main - INFO - [230] T/loss=3.692560 T/acc1=0.515380 T/acc2=0.000000 T/sec= 1.411700 D/loss=5.351268 D/acc1=0.359073 D/acc2=0.349039 D/sec= 0.028912 rate=0.000992
2019-02-19 09:16:23,763 - main - INFO - [231] T/loss=3.785822 T/acc1=0.498549 T/acc2=0.000000 T/sec= 1.410170 D/loss=5.458219 D/acc1=0.355212 D/acc2=0.505678 D/sec= 0.029217 rate=0.000992
2019-02-19 09:16:25,189 - main - INFO - [232] T/loss=3.679388 T/acc1=0.520023 T/acc2=0.000000 T/sec= 1.396300 D/loss=5.163241 D/acc1=0.355212 D/acc2=0.506334 D/sec= 0.029672 rate=0.000992
2019-02-19 09:16:26,637 - main - INFO - [233] T/loss=3.687633 T/acc1=0.523506 T/acc2=0.000000 T/sec= 1.417253 D/loss=5.112980 D/acc1=0.285714 D/acc2=0.486199 D/sec= 0.030391 rate=0.000992
2019-02-19 09:16:28,109 - main - INFO - [234] T/loss=3.702897 T/acc1=0.533372 T/acc2=0.000000 T/sec= 1.441627 D/loss=5.406614 D/acc1=0.459459 D/acc2=0.377177 D/sec= 0.029848 rate=0.000993
2019-02-19 09:16:29,597 - main - INFO - [235] T/loss=3.726045 T/acc1=0.523506 T/acc2=0.000000 T/sec= 1.458307 D/loss=4.726949 D/acc1=0.409266 D/acc2=0.455204 D/sec= 0.030012 rate=0.000993
2019-02-19 09:16:31,028 - main - INFO - [236] T/loss=3.655989 T/acc1=0.543819 T/acc2=0.000000 T/sec= 1.401571 D/loss=6.211264 D/acc1=0.355212 D/acc2=0.432608 D/sec= 0.029544 rate=0.000993
2019-02-19 09:16:32,435 - main - INFO - [237] T/loss=3.694337 T/acc1=0.538595 T/acc2=0.000000 T/sec= 1.377895 D/loss=5.248819 D/acc1=0.432432 D/acc2=0.514372 D/sec= 0.028823 rate=0.000993
2019-02-19 09:16:33,898 - main - INFO - [238] T/loss=3.672290 T/acc1=0.520604 T/acc2=0.000000 T/sec= 1.432172 D/loss=5.828734 D/acc1=0.440154 D/acc2=0.452584 D/sec= 0.030985 rate=0.000993
2019-02-19 09:16:35,357 - main - INFO - [239] T/loss=3.720847 T/acc1=0.516541 T/acc2=0.000000 T/sec= 1.431035 D/loss=5.579535 D/acc1=0.440154 D/acc2=0.501429 D/sec= 0.027637 rate=0.000993
2019-02-19 09:16:36,931 - main - INFO - [240] T/loss=3.717767 T/acc1=0.532211 T/acc2=0.000000 T/sec= 1.545508 D/loss=5.578068 D/acc1=0.266409 D/acc2=0.455358 D/sec= 0.029372 rate=0.000993
2019-02-19 09:16:38,488 - main - INFO - [241] T/loss=3.651813 T/acc1=0.513639 T/acc2=0.000000 T/sec= 1.527642 D/loss=5.040382 D/acc1=0.374517 D/acc2=0.523480 D/sec= 0.029092 rate=0.000993
2019-02-19 09:16:39,913 - main - INFO - [242] T/loss=3.683158 T/acc1=0.545560 T/acc2=0.000000 T/sec= 1.394269 D/loss=5.405286 D/acc1=0.474903 D/acc2=0.525119 D/sec= 0.030543 rate=0.000994
2019-02-19 09:16:41,428 - main - INFO - [243] T/loss=3.686038 T/acc1=0.500871 T/acc2=0.000000 T/sec= 1.486526 D/loss=6.256595 D/acc1=0.370656 D/acc2=0.487742 D/sec= 0.028267 rate=0.000994
2019-02-19 09:16:42,922 - main - INFO - [244] T/loss=3.583131 T/acc1=0.539756 T/acc2=0.000000 T/sec= 1.464437 D/loss=8.167107 D/acc1=0.193050 D/acc2=0.366139 D/sec= 0.030201 rate=0.000994
2019-02-19 09:16:44,484 - main - INFO - [245] T/loss=3.635471 T/acc1=0.535694 T/acc2=0.000000 T/sec= 1.531555 D/loss=5.373728 D/acc1=0.432432 D/acc2=0.531559 D/sec= 0.030132 rate=0.000994
2019-02-19 09:16:45,990 - main - INFO - [246] T/loss=3.712799 T/acc1=0.545560 T/acc2=0.000000 T/sec= 1.465522 D/loss=5.030842 D/acc1=0.436293 D/acc2=0.510362 D/sec= 0.040880 rate=0.000994
2019-02-19 09:16:47,643 - main - INFO - [247] T/loss=3.718644 T/acc1=0.499710 T/acc2=0.000000 T/sec= 1.603354 D/loss=5.222972 D/acc1=0.351351 D/acc2=0.513063 D/sec= 0.048883 rate=0.000994
2019-02-19 09:16:49,096 - main - INFO - [248] T/loss=3.624159 T/acc1=0.547301 T/acc2=0.000000 T/sec= 1.425069 D/loss=4.822246 D/acc1=0.347490 D/acc2=0.439057 D/sec= 0.028611 rate=0.000994
2019-02-19 09:16:50,559 - main - INFO - [249] T/loss=3.767503 T/acc1=0.502612 T/acc2=0.000000 T/sec= 1.432974 D/loss=5.355175 D/acc1=0.293436 D/acc2=0.461555 D/sec= 0.029600 rate=0.000994
2019-02-19 09:16:52,025 - main - INFO - [250] T/loss=3.876113 T/acc1=0.517702 T/acc2=0.000000 T/sec= 1.437035 D/loss=6.324722 D/acc1=0.405405 D/acc2=0.455108 D/sec= 0.029306 rate=0.000994
2019-02-19 09:16:53,508 - main - INFO - [251] T/loss=3.756383 T/acc1=0.503192 T/acc2=0.000000 T/sec= 1.454007 D/loss=4.830583 D/acc1=0.374517 D/acc2=0.448490 D/sec= 0.028320 rate=0.000995
2019-02-19 09:16:55,224 - main - INFO - [252] T/loss=3.679615 T/acc1=0.530470 T/acc2=0.000000 T/sec= 1.687359 D/loss=5.673873 D/acc1=0.359073 D/acc2=0.477304 D/sec= 0.028615 rate=0.000995
2019-02-19 09:16:56,711 - main - INFO - [253] T/loss=3.671962 T/acc1=0.514219 T/acc2=0.000000 T/sec= 1.457284 D/loss=5.539421 D/acc1=0.324324 D/acc2=0.465500 D/sec= 0.030192 rate=0.000995
2019-02-19 09:16:58,188 - main - INFO - [254] T/loss=3.779354 T/acc1=0.496808 T/acc2=0.000000 T/sec= 1.447729 D/loss=4.678738 D/acc1=0.386100 D/acc2=0.449971 D/sec= 0.028741 rate=0.000995
2019-02-19 09:16:59,673 - main - INFO - [255] T/loss=3.768875 T/acc1=0.512478 T/acc2=0.000000 T/sec= 1.456066 D/loss=5.847461 D/acc1=0.235521 D/acc2=0.415486 D/sec= 0.028981 rate=0.000995
2019-02-19 09:17:01,118 - main - INFO - [256] T/loss=3.666113 T/acc1=0.539176 T/acc2=0.000000 T/sec= 1.415919 D/loss=6.193618 D/acc1=0.204633 D/acc2=0.391584 D/sec= 0.029876 rate=0.000995
2019-02-19 09:17:02,587 - main - INFO - [257] T/loss=3.776105 T/acc1=0.534533 T/acc2=0.000000 T/sec= 1.439215 D/loss=5.007364 D/acc1=0.332046 D/acc2=0.502789 D/sec= 0.029304 rate=0.000995
2019-02-19 09:17:04,110 - main - INFO - [258] T/loss=3.624672 T/acc1=0.527568 T/acc2=0.000000 T/sec= 1.478848 D/loss=5.431180 D/acc1=0.266409 D/acc2=0.468021 D/sec= 0.043821 rate=0.000995
2019-02-19 09:17:05,586 - main - INFO - [259] T/loss=3.573124 T/acc1=0.554846 T/acc2=0.000000 T/sec= 1.446252 D/loss=5.803707 D/acc1=0.366795 D/acc2=0.486522 D/sec= 0.029980 rate=0.000995
2019-02-19 09:17:07,117 - main - INFO - [260] T/loss=3.649803 T/acc1=0.532792 T/acc2=0.000000 T/sec= 1.502181 D/loss=4.891801 D/acc1=0.474903 D/acc2=0.522238 D/sec= 0.028918 rate=0.000995
2019-02-19 09:17:08,722 - main - INFO - [261] T/loss=3.704574 T/acc1=0.524666 T/acc2=0.000000 T/sec= 1.574400 D/loss=5.625252 D/acc1=0.378378 D/acc2=0.436177 D/sec= 0.031090 rate=0.000995
2019-02-19 09:17:10,244 - main - INFO - [262] T/loss=3.857470 T/acc1=0.490424 T/acc2=0.000000 T/sec= 1.493813 D/loss=4.988436 D/acc1=0.525097 D/acc2=0.399913 D/sec= 0.027771 rate=0.000996
2019-02-19 09:17:11,705 - main - INFO - [263] T/loss=3.802414 T/acc1=0.511317 T/acc2=0.000000 T/sec= 1.432260 D/loss=5.321507 D/acc1=0.258687 D/acc2=0.456553 D/sec= 0.028576 rate=0.000996
2019-02-19 09:17:13,098 - main - INFO - [264] T/loss=3.606194 T/acc1=0.535694 T/acc2=0.000000 T/sec= 1.365729 D/loss=4.871693 D/acc1=0.397683 D/acc2=0.428680 D/sec= 0.027449 rate=0.000996
2019-02-19 09:17:14,524 - main - INFO - [265] T/loss=3.830778 T/acc1=0.515961 T/acc2=0.000000 T/sec= 1.397736 D/loss=4.964775 D/acc1=0.405405 D/acc2=0.405724 D/sec= 0.028747 rate=0.000996
2019-02-19 09:17:15,932 - main - INFO - [266] T/loss=3.646297 T/acc1=0.522925 T/acc2=0.000000 T/sec= 1.378322 D/loss=6.072096 D/acc1=0.316602 D/acc2=0.453939 D/sec= 0.029225 rate=0.000996
2019-02-19 09:17:17,431 - main - INFO - [267] T/loss=3.607222 T/acc1=0.535694 T/acc2=0.000000 T/sec= 1.469295 D/loss=5.557336 D/acc1=0.405405 D/acc2=0.493869 D/sec= 0.029406 rate=0.000996
2019-02-19 09:17:18,937 - main - INFO - [268] T/loss=3.623612 T/acc1=0.546721 T/acc2=0.000000 T/sec= 1.474020 D/loss=5.535860 D/acc1=0.328185 D/acc2=0.439004 D/sec= 0.032743 rate=0.000996
2019-02-19 09:17:20,502 - main - INFO - [269] T/loss=3.639898 T/acc1=0.558909 T/acc2=0.000000 T/sec= 1.533771 D/loss=6.459578 D/acc1=0.247104 D/acc2=0.377851 D/sec= 0.030439 rate=0.000996
2019-02-19 09:17:21,963 - main - INFO - [270] T/loss=3.817504 T/acc1=0.508416 T/acc2=0.000000 T/sec= 1.432461 D/loss=7.263998 D/acc1=0.162162 D/acc2=0.345988 D/sec= 0.029153 rate=0.000996
2019-02-19 09:17:23,393 - main - INFO - [271] T/loss=3.765091 T/acc1=0.533952 T/acc2=0.000000 T/sec= 1.400915 D/loss=5.566647 D/acc1=0.370656 D/acc2=0.449566 D/sec= 0.028770 rate=0.000996
2019-02-19 09:17:24,938 - main - INFO - [272] T/loss=3.762360 T/acc1=0.522925 T/acc2=0.000000 T/sec= 1.514591 D/loss=5.351621 D/acc1=0.335907 D/acc2=0.502367 D/sec= 0.030879 rate=0.000996
2019-02-19 09:17:26,351 - main - INFO - [273] T/loss=3.634706 T/acc1=0.545560 T/acc2=0.000000 T/sec= 1.384516 D/loss=6.067354 D/acc1=0.247104 D/acc2=0.417013 D/sec= 0.027844 rate=0.000996
2019-02-19 09:17:27,742 - main - INFO - [274] T/loss=3.712207 T/acc1=0.547882 T/acc2=0.000000 T/sec= 1.362294 D/loss=7.162174 D/acc1=0.150579 D/acc2=0.336512 D/sec= 0.028404 rate=0.000996
2019-02-19 09:17:29,133 - main - INFO - [275] T/loss=3.771545 T/acc1=0.520023 T/acc2=0.000000 T/sec= 1.364640 D/loss=5.823040 D/acc1=0.440154 D/acc2=0.513506 D/sec= 0.027127 rate=0.000996
2019-02-19 09:17:30,571 - main - INFO - [276] T/loss=3.788676 T/acc1=0.512478 T/acc2=0.000000 T/sec= 1.409186 D/loss=5.751146 D/acc1=0.420849 D/acc2=0.515611 D/sec= 0.028652 rate=0.000997
2019-02-19 09:17:31,966 - main - INFO - [277] T/loss=3.754457 T/acc1=0.518862 T/acc2=0.000000 T/sec= 1.365763 D/loss=5.576239 D/acc1=0.362934 D/acc2=0.502233 D/sec= 0.028664 rate=0.000997
2019-02-19 09:17:33,444 - main - INFO - [278] T/loss=3.848246 T/acc1=0.514800 T/acc2=0.000000 T/sec= 1.449787 D/loss=5.819886 D/acc1=0.316602 D/acc2=0.440760 D/sec= 0.028407 rate=0.000997
2019-02-19 09:17:34,925 - main - INFO - [279] T/loss=3.793670 T/acc1=0.524666 T/acc2=0.000000 T/sec= 1.452258 D/loss=5.720258 D/acc1=0.436293 D/acc2=0.516740 D/sec= 0.028948 rate=0.000997
2019-02-19 09:17:36,349 - main - INFO - [280] T/loss=3.638199 T/acc1=0.506674 T/acc2=0.000000 T/sec= 1.393719 D/loss=5.472512 D/acc1=0.486486 D/acc2=0.512579 D/sec= 0.029827 rate=0.000997
2019-02-19 09:17:37,724 - main - INFO - [281] T/loss=3.786449 T/acc1=0.526988 T/acc2=0.000000 T/sec= 1.344593 D/loss=5.782371 D/acc1=0.200772 D/acc2=0.353360 D/sec= 0.030942 rate=0.000997
2019-02-19 09:17:39,122 - main - INFO - [282] T/loss=3.887849 T/acc1=0.488102 T/acc2=0.000000 T/sec= 1.368590 D/loss=5.440609 D/acc1=0.324324 D/acc2=0.469112 D/sec= 0.028876 rate=0.000997
2019-02-19 09:17:40,633 - main - INFO - [283] T/loss=3.734824 T/acc1=0.512478 T/acc2=0.000000 T/sec= 1.482447 D/loss=6.826318 D/acc1=0.235521 D/acc2=0.411219 D/sec= 0.029504 rate=0.000997
2019-02-19 09:17:42,044 - main - INFO - [284] T/loss=3.746283 T/acc1=0.517702 T/acc2=0.000000 T/sec= 1.382095 D/loss=5.018741 D/acc1=0.413127 D/acc2=0.471783 D/sec= 0.028714 rate=0.000997
2019-02-19 09:17:43,473 - main - INFO - [285] T/loss=3.753940 T/acc1=0.520604 T/acc2=0.000000 T/sec= 1.399588 D/loss=5.121846 D/acc1=0.467181 D/acc2=0.552930 D/sec= 0.028870 rate=0.000997
2019-02-19 09:17:44,914 - main - INFO - [286] T/loss=3.691521 T/acc1=0.535113 T/acc2=0.000000 T/sec= 1.410662 D/loss=5.039578 D/acc1=0.405405 D/acc2=0.566964 D/sec= 0.030689 rate=0.000997
saving early-stopped model (uar) at epoch 286
2019-02-19 09:17:46,719 - main - INFO - [287] T/loss=3.625103 T/acc1=0.520604 T/acc2=0.000000 T/sec= 1.771000 D/loss=5.576099 D/acc1=0.413127 D/acc2=0.475581 D/sec= 0.033819 rate=0.000997
2019-02-19 09:17:48,343 - main - INFO - [288] T/loss=3.736849 T/acc1=0.519443 T/acc2=0.000000 T/sec= 1.596955 D/loss=4.968630 D/acc1=0.428571 D/acc2=0.487193 D/sec= 0.027317 rate=0.000997
2019-02-19 09:17:49,812 - main - INFO - [289] T/loss=3.775032 T/acc1=0.523506 T/acc2=0.000000 T/sec= 1.441484 D/loss=6.686328 D/acc1=0.227799 D/acc2=0.379184 D/sec= 0.027401 rate=0.000997
2019-02-19 09:17:51,394 - main - INFO - [290] T/loss=3.762161 T/acc1=0.527568 T/acc2=0.000000 T/sec= 1.553758 D/loss=6.854155 D/acc1=0.227799 D/acc2=0.388682 D/sec= 0.028073 rate=0.000997
2019-02-19 09:17:52,844 - main - INFO - [291] T/loss=3.742889 T/acc1=0.522345 T/acc2=0.000000 T/sec= 1.421562 D/loss=5.324124 D/acc1=0.374517 D/acc2=0.502727 D/sec= 0.028372 rate=0.000997
2019-02-19 09:17:54,237 - main - INFO - [292] T/loss=3.977540 T/acc1=0.501451 T/acc2=0.000000 T/sec= 1.366304 D/loss=5.585736 D/acc1=0.270270 D/acc2=0.415027 D/sec= 0.026747 rate=0.000997
2019-02-19 09:17:55,651 - main - INFO - [293] T/loss=3.735721 T/acc1=0.516541 T/acc2=0.000000 T/sec= 1.388483 D/loss=5.048957 D/acc1=0.281853 D/acc2=0.403281 D/sec= 0.025952 rate=0.000997
2019-02-19 09:17:57,167 - main - INFO - [294] T/loss=3.719116 T/acc1=0.510157 T/acc2=0.000000 T/sec= 1.489133 D/loss=5.488482 D/acc1=0.339768 D/acc2=0.461214 D/sec= 0.026831 rate=0.000997
2019-02-19 09:17:58,580 - main - INFO - [295] T/loss=3.860443 T/acc1=0.483459 T/acc2=0.000000 T/sec= 1.385604 D/loss=5.331887 D/acc1=0.451737 D/acc2=0.534284 D/sec= 0.026928 rate=0.000998
2019-02-19 09:18:00,026 - main - INFO - [296] T/loss=3.683284 T/acc1=0.524086 T/acc2=0.000000 T/sec= 1.419419 D/loss=5.235047 D/acc1=0.463320 D/acc2=0.518763 D/sec= 0.026796 rate=0.000998
2019-02-19 09:18:01,438 - main - INFO - [297] T/loss=3.638187 T/acc1=0.518282 T/acc2=0.000000 T/sec= 1.381850 D/loss=5.383172 D/acc1=0.347490 D/acc2=0.503378 D/sec= 0.029894 rate=0.000998
2019-02-19 09:18:02,907 - main - INFO - [298] T/loss=3.708838 T/acc1=0.522925 T/acc2=0.000000 T/sec= 1.440229 D/loss=5.537121 D/acc1=0.436293 D/acc2=0.499247 D/sec= 0.029138 rate=0.000998
2019-02-19 09:18:04,351 - main - INFO - [299] T/loss=3.729075 T/acc1=0.521184 T/acc2=0.000000 T/sec= 1.416242 D/loss=6.113254 D/acc1=0.393822 D/acc2=0.493375 D/sec= 0.028087 rate=0.000998
2019-02-19 09:18:05,940 - main - INFO - [300] T/loss=3.774491 T/acc1=0.511317 T/acc2=0.000000 T/sec= 1.560235 D/loss=5.692968 D/acc1=0.366795 D/acc2=0.509269 D/sec= 0.028727 rate=0.000998

==== Confusion matrix 1 (early_stopped-loss) ====

	neu	ang	sad	hap
neu	72	9	4	59
ang	1	0	1	5
sad	13	0	26	12
hap	19	1	1	36

==== Confusion matrix 2 (early_stopped-loss) ====

	neu	ang	sad	hap
neu	0.50	0.06	0.03	0.41
ang	0.14	0.00	0.14	0.71
sad	0.25	0.00	0.51	0.24
hap	0.33	0.02	0.02	0.63

UAR = 0.410346

==== Classification report (early_stopped-loss) ====

             precision    recall  f1-score   support

        ang       0.00      0.00      0.00         7
        hap       0.32      0.63      0.43        57
        neu       0.69      0.50      0.58       144
        sad       0.81      0.51      0.63        51

avg / total       0.61      0.52      0.54       259


==== Confusion matrix 1 (early_stopped-uar) ====

	neu	ang	sad	hap
neu	37	31	18	58
ang	0	6	1	0
sad	9	2	32	8
hap	8	10	9	30

==== Confusion matrix 2 (early_stopped-uar) ====

	neu	ang	sad	hap
neu	0.26	0.22	0.12	0.40
ang	0.00	0.86	0.14	0.00
sad	0.18	0.04	0.63	0.16
hap	0.14	0.18	0.16	0.53

UAR = 0.566964

==== Classification report (early_stopped-uar) ====

             precision    recall  f1-score   support

        ang       0.12      0.86      0.21         7
        hap       0.31      0.53      0.39        57
        neu       0.69      0.26      0.37       144
        sad       0.53      0.63      0.58        51

avg / total       0.56      0.41      0.41       259


==== Confusion matrix 1 (final model) ====

	neu	ang	sad	hap
neu	43	28	25	48
ang	0	6	1	0
sad	8	4	36	3
hap	11	21	15	10

==== Confusion matrix 2 (final model) ====

	neu	ang	sad	hap
neu	0.30	0.19	0.17	0.33
ang	0.00	0.86	0.14	0.00
sad	0.16	0.08	0.71	0.06
hap	0.19	0.37	0.26	0.18

UAR = 0.509269

==== Classification report (final model) ====

             precision    recall  f1-score   support

        ang       0.10      0.86      0.18         7
        hap       0.16      0.18      0.17        57
        neu       0.69      0.30      0.42       144
        sad       0.47      0.71      0.56        51

avg / total       0.52      0.37      0.39       259

2019-02-19 09:18:08,283 - <module> - INFO - time spent: 496.527988 sec

