{
  "gpu": 0,
  "layer": 4,
  "unit": 1000,
  "batchsize": 100,
  "dropout": 0.4,
  "weightdecay": 0.001,
  "epoch": 300,
  "train": "/Data/haradatm/kenkyu/190119/iemocap-fusion/datasets/iemocap/fusion/train-sentence.txt",
  "valid": "/Data/haradatm/kenkyu/190119/iemocap-fusion/datasets/iemocap/fusion/test-sentence.txt",
  "out": "iemocap-fusion-mlp-1152_u1000_b100_e300_d040_adam_wd0010",
  "noplot": false,
  "optim": "adam",
  "cw": "sum"
}
2019-02-19 08:29:50,189 - load_data - INFO - Loading dataset ... done.
2019-02-19 08:29:50,382 - load_data - INFO - Loading dataset ... done.
# train X: 1723, y: 1723, dim: 1152, counts: [812, 258, 475, 178]
# eval  X: 557, y: 557, dim: 1, counts: [287, 31, 133, 106]
# class: 4, labels: {'neu': 0, 'ang': 1, 'sad': 2, 'hap': 3}
# class_weight: [2.1219213 6.6782947 3.6273685 9.679775 ]
2019-02-19 08:29:52,647 - main - INFO - [  1] T/loss=9.252298 T/acc1=0.311666 T/acc2=0.000000 T/sec= 1.975339 D/loss=9.590365 D/acc1=0.436266 D/acc2=0.324810 D/sec= 0.152191 rate=0.000157
saving early-stopped model (loss) at epoch 1
saving early-stopped model (uar) at epoch 1
2019-02-19 08:29:59,523 - main - INFO - [  2] T/loss=7.356682 T/acc1=0.398723 T/acc2=0.000000 T/sec= 6.727113 D/loss=13.269209 D/acc1=0.319569 D/acc2=0.365971 D/sec= 0.148299 rate=0.000192
saving early-stopped model (uar) at epoch 2
2019-02-19 08:30:04,826 - main - INFO - [  3] T/loss=5.855849 T/acc1=0.460244 T/acc2=0.000000 T/sec= 5.125859 D/loss=8.398059 D/acc1=0.330341 D/acc2=0.405655 D/sec= 0.177707 rate=0.000230
saving early-stopped model (loss) at epoch 3
saving early-stopped model (uar) at epoch 3
2019-02-19 08:30:11,592 - main - INFO - [  4] T/loss=4.596812 T/acc1=0.509576 T/acc2=0.000000 T/sec= 6.615374 D/loss=5.608076 D/acc1=0.377020 D/acc2=0.466981 D/sec= 0.150738 rate=0.000264
saving early-stopped model (loss) at epoch 4
saving early-stopped model (uar) at epoch 4
2019-02-19 08:30:18,230 - main - INFO - [  5] T/loss=4.272678 T/acc1=0.529309 T/acc2=0.000000 T/sec= 6.487729 D/loss=5.630222 D/acc1=0.414722 D/acc2=0.511951 D/sec= 0.149710 rate=0.000293
saving early-stopped model (uar) at epoch 5
2019-02-19 08:30:23,439 - main - INFO - [  6] T/loss=3.788052 T/acc1=0.566454 T/acc2=0.000000 T/sec= 5.072195 D/loss=4.512228 D/acc1=0.421903 D/acc2=0.504403 D/sec= 0.136982 rate=0.000320
saving early-stopped model (loss) at epoch 6
2019-02-19 08:30:28,779 - main - INFO - [  7] T/loss=3.552300 T/acc1=0.580963 T/acc2=0.000000 T/sec= 5.199502 D/loss=5.594583 D/acc1=0.391382 D/acc2=0.506362 D/sec= 0.140932 rate=0.000344
2019-02-19 08:30:33,200 - main - INFO - [  8] T/loss=3.207757 T/acc1=0.637841 T/acc2=0.000000 T/sec= 4.258572 D/loss=6.363178 D/acc1=0.423698 D/acc2=0.519608 D/sec= 0.162456 rate=0.000366
saving early-stopped model (uar) at epoch 8
2019-02-19 08:30:38,486 - main - INFO - [  9] T/loss=3.008459 T/acc1=0.639002 T/acc2=0.000000 T/sec= 5.147316 D/loss=3.841948 D/acc1=0.517056 D/acc2=0.578534 D/sec= 0.137750 rate=0.000387
saving early-stopped model (loss) at epoch 9
saving early-stopped model (uar) at epoch 9
2019-02-19 08:30:45,045 - main - INFO - [ 10] T/loss=2.968735 T/acc1=0.662217 T/acc2=0.000000 T/sec= 6.385952 D/loss=4.426473 D/acc1=0.517056 D/acc2=0.542176 D/sec= 0.173117 rate=0.000406
2019-02-19 08:30:49,341 - main - INFO - [ 11] T/loss=2.763870 T/acc1=0.666280 T/acc2=0.000000 T/sec= 4.158444 D/loss=4.075511 D/acc1=0.459605 D/acc2=0.532850 D/sec= 0.138023 rate=0.000424
2019-02-19 08:30:53,579 - main - INFO - [ 12] T/loss=2.665573 T/acc1=0.679048 T/acc2=0.000000 T/sec= 4.068995 D/loss=5.457603 D/acc1=0.610413 D/acc2=0.580539 D/sec= 0.169078 rate=0.000441
saving early-stopped model (uar) at epoch 12
2019-02-19 08:30:58,804 - main - INFO - [ 13] T/loss=2.679007 T/acc1=0.687754 T/acc2=0.000000 T/sec= 5.077298 D/loss=4.104405 D/acc1=0.535009 D/acc2=0.589806 D/sec= 0.147824 rate=0.000457
saving early-stopped model (uar) at epoch 13
2019-02-19 08:31:04,162 - main - INFO - [ 14] T/loss=2.407925 T/acc1=0.713291 T/acc2=0.000000 T/sec= 5.214749 D/loss=5.780515 D/acc1=0.547576 D/acc2=0.578162 D/sec= 0.142730 rate=0.000472
2019-02-19 08:31:08,402 - main - INFO - [ 15] T/loss=2.300892 T/acc1=0.723738 T/acc2=0.000000 T/sec= 4.102407 D/loss=4.009936 D/acc1=0.547576 D/acc2=0.627703 D/sec= 0.137815 rate=0.000487
saving early-stopped model (uar) at epoch 15
2019-02-19 08:31:13,598 - main - INFO - [ 16] T/loss=2.262548 T/acc1=0.723738 T/acc2=0.000000 T/sec= 5.055863 D/loss=4.186038 D/acc1=0.508079 D/acc2=0.580479 D/sec= 0.140388 rate=0.000500
2019-02-19 08:31:17,888 - main - INFO - [ 17] T/loss=2.308354 T/acc1=0.735926 T/acc2=0.000000 T/sec= 4.144206 D/loss=9.723070 D/acc1=0.335727 D/acc2=0.471488 D/sec= 0.145732 rate=0.000514
2019-02-19 08:31:22,080 - main - INFO - [ 18] T/loss=2.016054 T/acc1=0.763784 T/acc2=0.000000 T/sec= 4.059049 D/loss=5.571166 D/acc1=0.639138 D/acc2=0.503214 D/sec= 0.132706 rate=0.000526
2019-02-19 08:31:26,271 - main - INFO - [ 19] T/loss=2.029059 T/acc1=0.742310 T/acc2=0.000000 T/sec= 4.038399 D/loss=3.918872 D/acc1=0.649910 D/acc2=0.617274 D/sec= 0.152411 rate=0.000538
2019-02-19 08:31:30,431 - main - INFO - [ 20] T/loss=2.001267 T/acc1=0.765525 T/acc2=0.000000 T/sec= 4.029286 D/loss=4.031243 D/acc1=0.527828 D/acc2=0.528363 D/sec= 0.130898 rate=0.000550
2019-02-19 08:31:34,675 - main - INFO - [ 21] T/loss=2.024788 T/acc1=0.760882 T/acc2=0.000000 T/sec= 4.110196 D/loss=5.686426 D/acc1=0.429084 D/acc2=0.528842 D/sec= 0.134045 rate=0.000561
2019-02-19 08:31:38,815 - main - INFO - [ 22] T/loss=1.853820 T/acc1=0.763204 T/acc2=0.000000 T/sec= 4.000135 D/loss=4.807044 D/acc1=0.590664 D/acc2=0.621745 D/sec= 0.140071 rate=0.000572
2019-02-19 08:31:42,985 - main - INFO - [ 23] T/loss=1.870617 T/acc1=0.780615 T/acc2=0.000000 T/sec= 4.035793 D/loss=5.183030 D/acc1=0.569120 D/acc2=0.574695 D/sec= 0.134181 rate=0.000582
2019-02-19 08:31:47,171 - main - INFO - [ 24] T/loss=1.770013 T/acc1=0.780035 T/acc2=0.000000 T/sec= 4.050423 D/loss=5.026024 D/acc1=0.549372 D/acc2=0.604356 D/sec= 0.135332 rate=0.000592
2019-02-19 08:31:51,344 - main - INFO - [ 25] T/loss=1.797921 T/acc1=0.781196 T/acc2=0.000000 T/sec= 4.039740 D/loss=4.849284 D/acc1=0.502693 D/acc2=0.470993 D/sec= 0.133458 rate=0.000602
2019-02-19 08:31:55,475 - main - INFO - [ 26] T/loss=1.750943 T/acc1=0.793964 T/acc2=0.000000 T/sec= 3.990849 D/loss=9.849941 D/acc1=0.488330 D/acc2=0.501474 D/sec= 0.139637 rate=0.000611
2019-02-19 08:31:59,615 - main - INFO - [ 27] T/loss=1.728133 T/acc1=0.796866 T/acc2=0.000000 T/sec= 4.001658 D/loss=8.328393 D/acc1=0.608618 D/acc2=0.489978 D/sec= 0.138648 rate=0.000621
2019-02-19 08:32:03,799 - main - INFO - [ 28] T/loss=1.595429 T/acc1=0.792803 T/acc2=0.000000 T/sec= 4.040269 D/loss=4.836109 D/acc1=0.561939 D/acc2=0.614542 D/sec= 0.143147 rate=0.000629
2019-02-19 08:32:07,979 - main - INFO - [ 29] T/loss=1.767327 T/acc1=0.801509 T/acc2=0.000000 T/sec= 4.041541 D/loss=5.010946 D/acc1=0.581688 D/acc2=0.491556 D/sec= 0.139405 rate=0.000638
2019-02-19 08:32:12,251 - main - INFO - [ 30] T/loss=1.568547 T/acc1=0.813697 T/acc2=0.000000 T/sec= 4.137465 D/loss=4.711969 D/acc1=0.621185 D/acc2=0.553229 D/sec= 0.133604 rate=0.000646
2019-02-19 08:32:16,453 - main - INFO - [ 31] T/loss=1.555139 T/acc1=0.814858 T/acc2=0.000000 T/sec= 4.066464 D/loss=5.331561 D/acc1=0.520646 D/acc2=0.466093 D/sec= 0.136009 rate=0.000654
2019-02-19 08:32:20,618 - main - INFO - [ 32] T/loss=1.627221 T/acc1=0.821242 T/acc2=0.000000 T/sec= 4.028910 D/loss=5.414909 D/acc1=0.658887 D/acc2=0.514473 D/sec= 0.135976 rate=0.000662
2019-02-19 08:32:24,815 - main - INFO - [ 33] T/loss=1.565569 T/acc1=0.811376 T/acc2=0.000000 T/sec= 4.059428 D/loss=4.815154 D/acc1=0.500898 D/acc2=0.531083 D/sec= 0.137426 rate=0.000669
2019-02-19 08:32:28,997 - main - INFO - [ 34] T/loss=1.353367 T/acc1=0.832850 T/acc2=0.000000 T/sec= 4.044742 D/loss=4.462206 D/acc1=0.588869 D/acc2=0.564465 D/sec= 0.137362 rate=0.000677
2019-02-19 08:32:33,242 - main - INFO - [ 35] T/loss=1.353621 T/acc1=0.846198 T/acc2=0.000000 T/sec= 4.107402 D/loss=5.442090 D/acc1=0.579892 D/acc2=0.640442 D/sec= 0.137343 rate=0.000684
saving early-stopped model (uar) at epoch 35
2019-02-19 08:32:38,488 - main - INFO - [ 36] T/loss=1.454484 T/acc1=0.836912 T/acc2=0.000000 T/sec= 5.106656 D/loss=9.249901 D/acc1=0.569120 D/acc2=0.483419 D/sec= 0.140152 rate=0.000691
2019-02-19 08:32:42,681 - main - INFO - [ 37] T/loss=1.475176 T/acc1=0.818340 T/acc2=0.000000 T/sec= 4.045480 D/loss=5.855613 D/acc1=0.640934 D/acc2=0.510647 D/sec= 0.146956 rate=0.000697
2019-02-19 08:32:46,868 - main - INFO - [ 38] T/loss=1.446001 T/acc1=0.831689 T/acc2=0.000000 T/sec= 4.041474 D/loss=6.480711 D/acc1=0.536804 D/acc2=0.511371 D/sec= 0.145324 rate=0.000704
2019-02-19 08:32:50,971 - main - INFO - [ 39] T/loss=1.415637 T/acc1=0.840975 T/acc2=0.000000 T/sec= 3.972202 D/loss=8.336705 D/acc1=0.517056 D/acc2=0.505812 D/sec= 0.131151 rate=0.000710
2019-02-19 08:32:55,142 - main - INFO - [ 40] T/loss=1.416672 T/acc1=0.830528 T/acc2=0.000000 T/sec= 4.037707 D/loss=5.235653 D/acc1=0.472172 D/acc2=0.526070 D/sec= 0.132849 rate=0.000717
2019-02-19 08:32:59,520 - main - INFO - [ 41] T/loss=1.353318 T/acc1=0.836912 T/acc2=0.000000 T/sec= 4.242186 D/loss=7.026098 D/acc1=0.596050 D/acc2=0.577586 D/sec= 0.136144 rate=0.000723
2019-02-19 08:33:04,115 - main - INFO - [ 42] T/loss=1.193637 T/acc1=0.846198 T/acc2=0.000000 T/sec= 4.412312 D/loss=4.718730 D/acc1=0.576302 D/acc2=0.608197 D/sec= 0.182654 rate=0.000728
2019-02-19 08:33:09,015 - main - INFO - [ 43] T/loss=1.157803 T/acc1=0.851422 T/acc2=0.000000 T/sec= 4.767062 D/loss=8.268977 D/acc1=0.472172 D/acc2=0.496241 D/sec= 0.133206 rate=0.000734
2019-02-19 08:33:14,077 - main - INFO - [ 44] T/loss=1.290724 T/acc1=0.849100 T/acc2=0.000000 T/sec= 4.937900 D/loss=8.841834 D/acc1=0.524237 D/acc2=0.466861 D/sec= 0.124172 rate=0.000740
2019-02-19 08:33:19,645 - main - INFO - [ 45] T/loss=1.243592 T/acc1=0.864771 T/acc2=0.000000 T/sec= 5.249207 D/loss=11.853718 D/acc1=0.554758 D/acc2=0.399762 D/sec= 0.318685 rate=0.000745
2019-02-19 08:33:24,856 - main - INFO - [ 46] T/loss=1.207710 T/acc1=0.855485 T/acc2=0.000000 T/sec= 5.084988 D/loss=5.979188 D/acc1=0.606822 D/acc2=0.560243 D/sec= 0.125663 rate=0.000751
2019-02-19 08:33:30,217 - main - INFO - [ 47] T/loss=1.147572 T/acc1=0.864771 T/acc2=0.000000 T/sec= 5.131358 D/loss=6.199015 D/acc1=0.439856 D/acc2=0.486465 D/sec= 0.230242 rate=0.000756
2019-02-19 08:33:35,637 - main - INFO - [ 48] T/loss=1.220374 T/acc1=0.853743 T/acc2=0.000000 T/sec= 5.287012 D/loss=8.960430 D/acc1=0.594255 D/acc2=0.447045 D/sec= 0.132956 rate=0.000761
2019-02-19 08:33:41,234 - main - INFO - [ 49] T/loss=1.233741 T/acc1=0.863610 T/acc2=0.000000 T/sec= 5.452649 D/loss=5.279730 D/acc1=0.508079 D/acc2=0.611945 D/sec= 0.143969 rate=0.000766
2019-02-19 08:33:46,934 - main - INFO - [ 50] T/loss=1.314177 T/acc1=0.843297 T/acc2=0.000000 T/sec= 5.461953 D/loss=6.602291 D/acc1=0.615799 D/acc2=0.514318 D/sec= 0.238615 rate=0.000770
2019-02-19 08:33:52,641 - main - INFO - [ 51] T/loss=1.098168 T/acc1=0.869994 T/acc2=0.000000 T/sec= 5.571527 D/loss=4.625384 D/acc1=0.637343 D/acc2=0.563256 D/sec= 0.134626 rate=0.000775
2019-02-19 08:33:58,298 - main - INFO - [ 52] T/loss=1.101194 T/acc1=0.869994 T/acc2=0.000000 T/sec= 5.533373 D/loss=5.002807 D/acc1=0.590664 D/acc2=0.575618 D/sec= 0.124083 rate=0.000780
2019-02-19 08:34:03,846 - main - INFO - [ 53] T/loss=1.032639 T/acc1=0.873476 T/acc2=0.000000 T/sec= 5.330605 D/loss=7.862617 D/acc1=0.592460 D/acc2=0.518347 D/sec= 0.217414 rate=0.000784
2019-02-19 08:34:09,412 - main - INFO - [ 54] T/loss=1.041958 T/acc1=0.879861 T/acc2=0.000000 T/sec= 5.441871 D/loss=4.954947 D/acc1=0.561939 D/acc2=0.516927 D/sec= 0.123854 rate=0.000789
2019-02-19 08:34:14,890 - main - INFO - [ 55] T/loss=0.999183 T/acc1=0.882763 T/acc2=0.000000 T/sec= 5.244161 D/loss=5.438001 D/acc1=0.479354 D/acc2=0.554232 D/sec= 0.234269 rate=0.000793
2019-02-19 08:34:20,438 - main - INFO - [ 56] T/loss=1.032020 T/acc1=0.879280 T/acc2=0.000000 T/sec= 5.423175 D/loss=7.843762 D/acc1=0.621185 D/acc2=0.480802 D/sec= 0.124083 rate=0.000797
2019-02-19 08:34:26,044 - main - INFO - [ 57] T/loss=1.054538 T/acc1=0.872896 T/acc2=0.000000 T/sec= 5.374636 D/loss=6.073195 D/acc1=0.578097 D/acc2=0.574742 D/sec= 0.232144 rate=0.000801
2019-02-19 08:34:31,768 - main - INFO - [ 58] T/loss=1.250162 T/acc1=0.849100 T/acc2=0.000000 T/sec= 5.590996 D/loss=5.792438 D/acc1=0.473968 D/acc2=0.525845 D/sec= 0.132213 rate=0.000805
2019-02-19 08:34:37,566 - main - INFO - [ 59] T/loss=1.156285 T/acc1=0.865932 T/acc2=0.000000 T/sec= 5.560205 D/loss=7.213214 D/acc1=0.529623 D/acc2=0.536799 D/sec= 0.238188 rate=0.000809
2019-02-19 08:34:43,199 - main - INFO - [ 60] T/loss=1.250801 T/acc1=0.858387 T/acc2=0.000000 T/sec= 5.458259 D/loss=5.383121 D/acc1=0.561939 D/acc2=0.538514 D/sec= 0.174728 rate=0.000813
2019-02-19 08:34:48,557 - main - INFO - [ 61] T/loss=1.069561 T/acc1=0.873476 T/acc2=0.000000 T/sec= 5.234649 D/loss=5.611506 D/acc1=0.597846 D/acc2=0.538959 D/sec= 0.123087 rate=0.000816
2019-02-19 08:34:54,307 - main - INFO - [ 62] T/loss=1.176314 T/acc1=0.858967 T/acc2=0.000000 T/sec= 5.624922 D/loss=7.293622 D/acc1=0.477558 D/acc2=0.560084 D/sec= 0.125809 rate=0.000820
2019-02-19 08:35:00,044 - main - INFO - [ 63] T/loss=1.147720 T/acc1=0.869994 T/acc2=0.000000 T/sec= 5.606824 D/loss=8.634422 D/acc1=0.454219 D/acc2=0.491763 D/sec= 0.129363 rate=0.000824
2019-02-19 08:35:05,477 - main - INFO - [ 64] T/loss=1.093759 T/acc1=0.870575 T/acc2=0.000000 T/sec= 5.308779 D/loss=6.439802 D/acc1=0.439856 D/acc2=0.483813 D/sec= 0.124529 rate=0.000827
2019-02-19 08:35:11,051 - main - INFO - [ 65] T/loss=0.990032 T/acc1=0.886245 T/acc2=0.000000 T/sec= 5.448361 D/loss=12.401974 D/acc1=0.438061 D/acc2=0.505642 D/sec= 0.125797 rate=0.000831
2019-02-19 08:35:16,736 - main - INFO - [ 66] T/loss=0.946401 T/acc1=0.889147 T/acc2=0.000000 T/sec= 5.553673 D/loss=5.328482 D/acc1=0.578097 D/acc2=0.529581 D/sec= 0.131578 rate=0.000834
2019-02-19 08:35:22,705 - main - INFO - [ 67] T/loss=0.963332 T/acc1=0.894370 T/acc2=0.000000 T/sec= 5.632054 D/loss=5.018946 D/acc1=0.622980 D/acc2=0.592051 D/sec= 0.336698 rate=0.000837
2019-02-19 08:35:28,373 - main - INFO - [ 68] T/loss=0.923858 T/acc1=0.885084 T/acc2=0.000000 T/sec= 5.536984 D/loss=6.464048 D/acc1=0.628366 D/acc2=0.494540 D/sec= 0.130947 rate=0.000840
2019-02-19 08:35:34,639 - main - INFO - [ 69] T/loss=0.991330 T/acc1=0.891468 T/acc2=0.000000 T/sec= 6.134668 D/loss=8.269542 D/acc1=0.563734 D/acc2=0.437940 D/sec= 0.130891 rate=0.000843
2019-02-19 08:35:40,054 - main - INFO - [ 70] T/loss=1.119314 T/acc1=0.878700 T/acc2=0.000000 T/sec= 5.290654 D/loss=8.623364 D/acc1=0.459605 D/acc2=0.460768 D/sec= 0.125098 rate=0.000846
2019-02-19 08:35:45,987 - main - INFO - [ 71] T/loss=1.036986 T/acc1=0.879861 T/acc2=0.000000 T/sec= 5.809265 D/loss=5.324837 D/acc1=0.545781 D/acc2=0.484901 D/sec= 0.123425 rate=0.000849
2019-02-19 08:35:51,691 - main - INFO - [ 72] T/loss=1.090884 T/acc1=0.868253 T/acc2=0.000000 T/sec= 5.470217 D/loss=9.393478 D/acc1=0.608618 D/acc2=0.551640 D/sec= 0.234129 rate=0.000852
2019-02-19 08:35:57,279 - main - INFO - [ 73] T/loss=1.196746 T/acc1=0.871155 T/acc2=0.000000 T/sec= 5.464586 D/loss=5.289235 D/acc1=0.587074 D/acc2=0.502887 D/sec= 0.123057 rate=0.000855
2019-02-19 08:36:03,085 - main - INFO - [ 74] T/loss=1.236747 T/acc1=0.852583 T/acc2=0.000000 T/sec= 5.672099 D/loss=5.192984 D/acc1=0.552962 D/acc2=0.611317 D/sec= 0.134119 rate=0.000858
2019-02-19 08:36:08,775 - main - INFO - [ 75] T/loss=1.131517 T/acc1=0.868833 T/acc2=0.000000 T/sec= 5.560224 D/loss=5.186229 D/acc1=0.517056 D/acc2=0.551426 D/sec= 0.129990 rate=0.000861
2019-02-19 08:36:14,239 - main - INFO - [ 76] T/loss=1.153801 T/acc1=0.863030 T/acc2=0.000000 T/sec= 5.337406 D/loss=11.525383 D/acc1=0.452424 D/acc2=0.432854 D/sec= 0.126542 rate=0.000863
2019-02-19 08:36:19,780 - main - INFO - [ 77] T/loss=1.037163 T/acc1=0.879280 T/acc2=0.000000 T/sec= 5.394709 D/loss=6.158995 D/acc1=0.556553 D/acc2=0.551010 D/sec= 0.145793 rate=0.000866
2019-02-19 08:36:25,431 - main - INFO - [ 78] T/loss=0.929916 T/acc1=0.889147 T/acc2=0.000000 T/sec= 5.527039 D/loss=8.050200 D/acc1=0.542190 D/acc2=0.528068 D/sec= 0.123949 rate=0.000869
2019-02-19 08:36:31,401 - main - INFO - [ 79] T/loss=0.778185 T/acc1=0.913523 T/acc2=0.000000 T/sec= 5.845355 D/loss=11.804068 D/acc1=0.545781 D/acc2=0.416641 D/sec= 0.124638 rate=0.000871
2019-02-19 08:36:36,749 - main - INFO - [ 80] T/loss=0.804284 T/acc1=0.910041 T/acc2=0.000000 T/sec= 5.217839 D/loss=7.319120 D/acc1=0.482944 D/acc2=0.517231 D/sec= 0.130085 rate=0.000874
2019-02-19 08:36:42,381 - main - INFO - [ 81] T/loss=0.943555 T/acc1=0.890308 T/acc2=0.000000 T/sec= 5.507217 D/loss=7.740833 D/acc1=0.565530 D/acc2=0.440590 D/sec= 0.125466 rate=0.000876
2019-02-19 08:36:48,068 - main - INFO - [ 82] T/loss=0.953067 T/acc1=0.891468 T/acc2=0.000000 T/sec= 5.553410 D/loss=7.341939 D/acc1=0.574506 D/acc2=0.428675 D/sec= 0.133380 rate=0.000878
2019-02-19 08:36:53,496 - main - INFO - [ 83] T/loss=1.113907 T/acc1=0.874057 T/acc2=0.000000 T/sec= 5.304046 D/loss=9.140269 D/acc1=0.436266 D/acc2=0.509984 D/sec= 0.123794 rate=0.000881
2019-02-19 08:36:59,070 - main - INFO - [ 84] T/loss=1.307339 T/acc1=0.837493 T/acc2=0.000000 T/sec= 5.338389 D/loss=7.242286 D/acc1=0.554758 D/acc2=0.551522 D/sec= 0.235663 rate=0.000883
2019-02-19 08:37:04,564 - main - INFO - [ 85] T/loss=1.073664 T/acc1=0.875798 T/acc2=0.000000 T/sec= 5.351488 D/loss=5.661232 D/acc1=0.554758 D/acc2=0.586698 D/sec= 0.142668 rate=0.000885
2019-02-19 08:37:10,560 - main - INFO - [ 86] T/loss=1.017870 T/acc1=0.886825 T/acc2=0.000000 T/sec= 5.871887 D/loss=7.845110 D/acc1=0.653501 D/acc2=0.480817 D/sec= 0.124033 rate=0.000887
2019-02-19 08:37:16,447 - main - INFO - [ 87] T/loss=0.866041 T/acc1=0.900755 T/acc2=0.000000 T/sec= 5.723145 D/loss=5.975744 D/acc1=0.592460 D/acc2=0.557940 D/sec= 0.163418 rate=0.000890
2019-02-19 08:37:22,340 - main - INFO - [ 88] T/loss=1.118796 T/acc1=0.881602 T/acc2=0.000000 T/sec= 5.764524 D/loss=5.690971 D/acc1=0.468582 D/acc2=0.514282 D/sec= 0.129142 rate=0.000892
2019-02-19 08:37:28,111 - main - INFO - [ 89] T/loss=1.362003 T/acc1=0.854904 T/acc2=0.000000 T/sec= 5.647259 D/loss=5.697192 D/acc1=0.567325 D/acc2=0.512925 D/sec= 0.123386 rate=0.000894
2019-02-19 08:37:33,769 - main - INFO - [ 90] T/loss=1.197727 T/acc1=0.860128 T/acc2=0.000000 T/sec= 5.525372 D/loss=4.383476 D/acc1=0.610413 D/acc2=0.560897 D/sec= 0.133005 rate=0.000896
2019-02-19 08:37:40,403 - main - INFO - [ 91] T/loss=1.065748 T/acc1=0.881602 T/acc2=0.000000 T/sec= 6.329876 D/loss=6.657709 D/acc1=0.396768 D/acc2=0.516199 D/sec= 0.303846 rate=0.000898
2019-02-19 08:37:46,727 - main - INFO - [ 92] T/loss=0.959298 T/acc1=0.894370 T/acc2=0.000000 T/sec= 6.180014 D/loss=7.760936 D/acc1=0.614004 D/acc2=0.437999 D/sec= 0.143963 rate=0.000900
2019-02-19 08:37:52,994 - main - INFO - [ 93] T/loss=1.156029 T/acc1=0.870575 T/acc2=0.000000 T/sec= 6.090457 D/loss=4.890657 D/acc1=0.588869 D/acc2=0.513020 D/sec= 0.176599 rate=0.000901
2019-02-19 08:37:58,921 - main - INFO - [ 94] T/loss=0.980970 T/acc1=0.884504 T/acc2=0.000000 T/sec= 5.792874 D/loss=5.175559 D/acc1=0.579892 D/acc2=0.585065 D/sec= 0.134204 rate=0.000903
2019-02-19 08:38:05,264 - main - INFO - [ 95] T/loss=0.929361 T/acc1=0.899594 T/acc2=0.000000 T/sec= 6.009788 D/loss=9.854621 D/acc1=0.601436 D/acc2=0.563307 D/sec= 0.333362 rate=0.000905
2019-02-19 08:38:11,218 - main - INFO - [ 96] T/loss=0.981068 T/acc1=0.883343 T/acc2=0.000000 T/sec= 5.826765 D/loss=10.213639 D/acc1=0.450628 D/acc2=0.464026 D/sec= 0.126537 rate=0.000907
2019-02-19 08:38:16,864 - main - INFO - [ 97] T/loss=1.028810 T/acc1=0.883923 T/acc2=0.000000 T/sec= 5.522688 D/loss=7.637582 D/acc1=0.551167 D/acc2=0.470937 D/sec= 0.123982 rate=0.000909
2019-02-19 08:38:22,276 - main - INFO - [ 98] T/loss=1.026080 T/acc1=0.884504 T/acc2=0.000000 T/sec= 5.268541 D/loss=4.829274 D/acc1=0.536804 D/acc2=0.588130 D/sec= 0.142743 rate=0.000910
2019-02-19 08:38:28,416 - main - INFO - [ 99] T/loss=1.027499 T/acc1=0.874057 T/acc2=0.000000 T/sec= 6.010985 D/loss=6.760264 D/acc1=0.549372 D/acc2=0.484825 D/sec= 0.129433 rate=0.000912
2019-02-19 08:38:34,118 - main - INFO - [100] T/loss=0.969954 T/acc1=0.889147 T/acc2=0.000000 T/sec= 5.571836 D/loss=7.200707 D/acc1=0.520646 D/acc2=0.523732 D/sec= 0.130076 rate=0.000914
2019-02-19 08:38:39,833 - main - INFO - [101] T/loss=1.005621 T/acc1=0.882763 T/acc2=0.000000 T/sec= 5.586606 D/loss=6.925619 D/acc1=0.606822 D/acc2=0.436447 D/sec= 0.128109 rate=0.000915
2019-02-19 08:38:45,457 - main - INFO - [102] T/loss=1.059619 T/acc1=0.882182 T/acc2=0.000000 T/sec= 5.498002 D/loss=9.914711 D/acc1=0.552962 D/acc2=0.357889 D/sec= 0.126716 rate=0.000917
2019-02-19 08:38:51,362 - main - INFO - [103] T/loss=0.986840 T/acc1=0.885084 T/acc2=0.000000 T/sec= 5.762602 D/loss=11.582118 D/acc1=0.596050 D/acc2=0.472030 D/sec= 0.142242 rate=0.000918
2019-02-19 08:38:57,156 - main - INFO - [104] T/loss=0.958524 T/acc1=0.889727 T/acc2=0.000000 T/sec= 5.611275 D/loss=5.154421 D/acc1=0.601436 D/acc2=0.527096 D/sec= 0.182103 rate=0.000920
2019-02-19 08:39:02,658 - main - INFO - [105] T/loss=0.964839 T/acc1=0.885084 T/acc2=0.000000 T/sec= 5.370660 D/loss=6.216297 D/acc1=0.581688 D/acc2=0.543614 D/sec= 0.131438 rate=0.000921
2019-02-19 08:39:08,372 - main - INFO - [106] T/loss=0.838988 T/acc1=0.892629 T/acc2=0.000000 T/sec= 5.537596 D/loss=5.253964 D/acc1=0.617594 D/acc2=0.557414 D/sec= 0.176496 rate=0.000923
2019-02-19 08:39:14,209 - main - INFO - [107] T/loss=0.804567 T/acc1=0.914103 T/acc2=0.000000 T/sec= 5.709073 D/loss=9.820141 D/acc1=0.569120 D/acc2=0.457805 D/sec= 0.128300 rate=0.000924
2019-02-19 08:39:19,862 - main - INFO - [108] T/loss=1.039513 T/acc1=0.883923 T/acc2=0.000000 T/sec= 5.525661 D/loss=6.285375 D/acc1=0.648115 D/acc2=0.527861 D/sec= 0.127421 rate=0.000926
2019-02-19 08:39:25,456 - main - INFO - [109] T/loss=0.912314 T/acc1=0.901915 T/acc2=0.000000 T/sec= 5.465433 D/loss=5.226451 D/acc1=0.543986 D/acc2=0.581517 D/sec= 0.127811 rate=0.000927
2019-02-19 08:39:31,095 - main - INFO - [110] T/loss=0.888690 T/acc1=0.896111 T/acc2=0.000000 T/sec= 5.498577 D/loss=7.763255 D/acc1=0.633752 D/acc2=0.527930 D/sec= 0.140441 rate=0.000928
2019-02-19 08:39:36,816 - main - INFO - [111] T/loss=1.086338 T/acc1=0.875798 T/acc2=0.000000 T/sec= 5.593707 D/loss=5.780420 D/acc1=0.526032 D/acc2=0.508646 D/sec= 0.127620 rate=0.000930
2019-02-19 08:39:42,449 - main - INFO - [112] T/loss=1.093123 T/acc1=0.873476 T/acc2=0.000000 T/sec= 5.506126 D/loss=6.831834 D/acc1=0.610413 D/acc2=0.511733 D/sec= 0.126939 rate=0.000931
2019-02-19 08:39:47,888 - main - INFO - [113] T/loss=0.997244 T/acc1=0.894370 T/acc2=0.000000 T/sec= 5.302737 D/loss=5.272789 D/acc1=0.531418 D/acc2=0.562146 D/sec= 0.136464 rate=0.000932
2019-02-19 08:39:53,553 - main - INFO - [114] T/loss=1.030494 T/acc1=0.894370 T/acc2=0.000000 T/sec= 5.528626 D/loss=8.583871 D/acc1=0.468582 D/acc2=0.484208 D/sec= 0.136280 rate=0.000934
2019-02-19 08:39:59,789 - main - INFO - [115] T/loss=1.153316 T/acc1=0.877539 T/acc2=0.000000 T/sec= 6.024273 D/loss=8.532727 D/acc1=0.545781 D/acc2=0.465834 D/sec= 0.211982 rate=0.000935
2019-02-19 08:40:05,160 - main - INFO - [116] T/loss=1.082059 T/acc1=0.878120 T/acc2=0.000000 T/sec= 5.244742 D/loss=8.167424 D/acc1=0.588869 D/acc2=0.414686 D/sec= 0.125828 rate=0.000936
2019-02-19 08:40:11,037 - main - INFO - [117] T/loss=1.053276 T/acc1=0.881602 T/acc2=0.000000 T/sec= 5.744459 D/loss=4.855571 D/acc1=0.522442 D/acc2=0.568871 D/sec= 0.132458 rate=0.000937
2019-02-19 08:40:16,494 - main - INFO - [118] T/loss=1.137184 T/acc1=0.867092 T/acc2=0.000000 T/sec= 5.329223 D/loss=7.289032 D/acc1=0.556553 D/acc2=0.586459 D/sec= 0.128383 rate=0.000938
2019-02-19 08:40:22,487 - main - INFO - [119] T/loss=0.914964 T/acc1=0.896111 T/acc2=0.000000 T/sec= 5.815390 D/loss=11.700841 D/acc1=0.576302 D/acc2=0.356487 D/sec= 0.177465 rate=0.000940
2019-02-19 08:40:28,251 - main - INFO - [120] T/loss=0.799735 T/acc1=0.911782 T/acc2=0.000000 T/sec= 5.634071 D/loss=7.274930 D/acc1=0.552962 D/acc2=0.460671 D/sec= 0.129871 rate=0.000941
2019-02-19 08:40:33,963 - main - INFO - [121] T/loss=0.839293 T/acc1=0.904817 T/acc2=0.000000 T/sec= 5.581686 D/loss=5.630099 D/acc1=0.508079 D/acc2=0.513619 D/sec= 0.129784 rate=0.000942
2019-02-19 08:40:39,547 - main - INFO - [122] T/loss=1.023881 T/acc1=0.885084 T/acc2=0.000000 T/sec= 5.427052 D/loss=5.938709 D/acc1=0.601436 D/acc2=0.551819 D/sec= 0.157358 rate=0.000943
2019-02-19 08:40:45,423 - main - INFO - [123] T/loss=0.980702 T/acc1=0.886245 T/acc2=0.000000 T/sec= 5.648189 D/loss=6.101254 D/acc1=0.628366 D/acc2=0.510264 D/sec= 0.227296 rate=0.000944
2019-02-19 08:40:51,266 - main - INFO - [124] T/loss=1.073296 T/acc1=0.876959 T/acc2=0.000000 T/sec= 5.708625 D/loss=10.257699 D/acc1=0.590664 D/acc2=0.398740 D/sec= 0.135281 rate=0.000945
2019-02-19 08:40:56,673 - main - INFO - [125] T/loss=1.040123 T/acc1=0.886245 T/acc2=0.000000 T/sec= 5.276629 D/loss=9.375094 D/acc1=0.490126 D/acc2=0.425022 D/sec= 0.129632 rate=0.000946
2019-02-19 08:41:02,360 - main - INFO - [126] T/loss=0.945878 T/acc1=0.894370 T/acc2=0.000000 T/sec= 5.559816 D/loss=7.691628 D/acc1=0.517056 D/acc2=0.516396 D/sec= 0.127429 rate=0.000947
2019-02-19 08:41:08,167 - main - INFO - [127] T/loss=0.972084 T/acc1=0.884504 T/acc2=0.000000 T/sec= 5.678712 D/loss=9.336069 D/acc1=0.450628 D/acc2=0.527070 D/sec= 0.128241 rate=0.000948
2019-02-19 08:41:13,770 - main - INFO - [128] T/loss=1.130562 T/acc1=0.882182 T/acc2=0.000000 T/sec= 5.473203 D/loss=8.830187 D/acc1=0.479354 D/acc2=0.523994 D/sec= 0.129586 rate=0.000949
2019-02-19 08:41:19,410 - main - INFO - [129] T/loss=0.971289 T/acc1=0.888566 T/acc2=0.000000 T/sec= 5.453163 D/loss=5.468212 D/acc1=0.569120 D/acc2=0.584558 D/sec= 0.187047 rate=0.000950
2019-02-19 08:41:24,973 - main - INFO - [130] T/loss=0.918428 T/acc1=0.902496 T/acc2=0.000000 T/sec= 5.426491 D/loss=6.022220 D/acc1=0.644524 D/acc2=0.517115 D/sec= 0.136258 rate=0.000951
2019-02-19 08:41:31,038 - main - INFO - [131] T/loss=0.853243 T/acc1=0.908299 T/acc2=0.000000 T/sec= 5.837700 D/loss=4.754500 D/acc1=0.592460 D/acc2=0.576426 D/sec= 0.227769 rate=0.000952
2019-02-19 08:41:36,488 - main - INFO - [132] T/loss=0.916748 T/acc1=0.900754 T/acc2=0.000000 T/sec= 5.322162 D/loss=8.461596 D/acc1=0.545781 D/acc2=0.515242 D/sec= 0.127648 rate=0.000952
2019-02-19 08:41:42,376 - main - INFO - [133] T/loss=0.941147 T/acc1=0.893790 T/acc2=0.000000 T/sec= 5.760175 D/loss=9.611021 D/acc1=0.542190 D/acc2=0.466294 D/sec= 0.127457 rate=0.000953
2019-02-19 08:41:47,943 - main - INFO - [134] T/loss=1.033262 T/acc1=0.875798 T/acc2=0.000000 T/sec= 5.352083 D/loss=5.982247 D/acc1=0.472172 D/acc2=0.480680 D/sec= 0.215673 rate=0.000954
2019-02-19 08:41:53,992 - main - INFO - [135] T/loss=1.043947 T/acc1=0.879861 T/acc2=0.000000 T/sec= 5.922039 D/loss=8.631937 D/acc1=0.515260 D/acc2=0.560710 D/sec= 0.126564 rate=0.000955
2019-02-19 08:41:59,665 - main - INFO - [136] T/loss=1.295674 T/acc1=0.865351 T/acc2=0.000000 T/sec= 5.540947 D/loss=6.295299 D/acc1=0.421903 D/acc2=0.471266 D/sec= 0.131710 rate=0.000956
2019-02-19 08:42:05,312 - main - INFO - [137] T/loss=1.377552 T/acc1=0.851422 T/acc2=0.000000 T/sec= 5.523600 D/loss=11.654549 D/acc1=0.520646 D/acc2=0.499973 D/sec= 0.124217 rate=0.000957
2019-02-19 08:42:11,075 - main - INFO - [138] T/loss=1.092229 T/acc1=0.869414 T/acc2=0.000000 T/sec= 5.555823 D/loss=9.515755 D/acc1=0.572711 D/acc2=0.436794 D/sec= 0.206856 rate=0.000957
2019-02-19 08:42:16,887 - main - INFO - [139] T/loss=0.998509 T/acc1=0.880441 T/acc2=0.000000 T/sec= 5.685612 D/loss=7.950236 D/acc1=0.583483 D/acc2=0.531382 D/sec= 0.126638 rate=0.000958
2019-02-19 08:42:22,925 - main - INFO - [140] T/loss=1.006842 T/acc1=0.874057 T/acc2=0.000000 T/sec= 5.910773 D/loss=7.590604 D/acc1=0.606822 D/acc2=0.445315 D/sec= 0.127299 rate=0.000959
2019-02-19 08:42:28,443 - main - INFO - [141] T/loss=0.986716 T/acc1=0.890888 T/acc2=0.000000 T/sec= 5.391201 D/loss=5.841204 D/acc1=0.570916 D/acc2=0.463662 D/sec= 0.126852 rate=0.000960
2019-02-19 08:42:34,641 - main - INFO - [142] T/loss=0.772146 T/acc1=0.912943 T/acc2=0.000000 T/sec= 5.978653 D/loss=8.004975 D/acc1=0.622980 D/acc2=0.534218 D/sec= 0.218767 rate=0.000960
2019-02-19 08:42:40,508 - main - INFO - [143] T/loss=0.820392 T/acc1=0.910041 T/acc2=0.000000 T/sec= 5.738037 D/loss=7.178812 D/acc1=0.561939 D/acc2=0.516134 D/sec= 0.129333 rate=0.000961
2019-02-19 08:42:46,592 - main - INFO - [144] T/loss=0.833203 T/acc1=0.901335 T/acc2=0.000000 T/sec= 5.933090 D/loss=8.648813 D/acc1=0.454219 D/acc2=0.552999 D/sec= 0.151018 rate=0.000962
2019-02-19 08:42:52,663 - main - INFO - [145] T/loss=1.023364 T/acc1=0.885665 T/acc2=0.000000 T/sec= 5.933141 D/loss=6.497114 D/acc1=0.475763 D/acc2=0.493976 D/sec= 0.137260 rate=0.000963
2019-02-19 08:42:58,783 - main - INFO - [146] T/loss=1.171321 T/acc1=0.874057 T/acc2=0.000000 T/sec= 5.885597 D/loss=11.828925 D/acc1=0.588869 D/acc2=0.512505 D/sec= 0.234258 rate=0.000963
2019-02-19 08:43:04,991 - main - INFO - [147] T/loss=1.317152 T/acc1=0.860128 T/acc2=0.000000 T/sec= 6.040888 D/loss=7.375338 D/acc1=0.425494 D/acc2=0.590339 D/sec= 0.167079 rate=0.000964
2019-02-19 08:43:11,092 - main - INFO - [148] T/loss=1.116692 T/acc1=0.863610 T/acc2=0.000000 T/sec= 5.968523 D/loss=5.741963 D/acc1=0.468582 D/acc2=0.478377 D/sec= 0.133232 rate=0.000965
2019-02-19 08:43:17,457 - main - INFO - [149] T/loss=1.276023 T/acc1=0.858967 T/acc2=0.000000 T/sec= 6.237156 D/loss=6.690818 D/acc1=0.630162 D/acc2=0.535795 D/sec= 0.127762 rate=0.000965
2019-02-19 08:43:23,548 - main - INFO - [150] T/loss=1.008903 T/acc1=0.889147 T/acc2=0.000000 T/sec= 5.959336 D/loss=6.050967 D/acc1=0.606822 D/acc2=0.565003 D/sec= 0.131557 rate=0.000966
2019-02-19 08:43:29,422 - main - INFO - [151] T/loss=1.082984 T/acc1=0.865932 T/acc2=0.000000 T/sec= 5.742735 D/loss=5.057178 D/acc1=0.556553 D/acc2=0.571754 D/sec= 0.131187 rate=0.000966
2019-02-19 08:43:35,243 - main - INFO - [152] T/loss=0.994155 T/acc1=0.894370 T/acc2=0.000000 T/sec= 5.697136 D/loss=4.433292 D/acc1=0.608618 D/acc2=0.562831 D/sec= 0.123998 rate=0.000967
2019-02-19 08:43:40,748 - main - INFO - [153] T/loss=0.976764 T/acc1=0.897853 T/acc2=0.000000 T/sec= 5.376533 D/loss=10.847042 D/acc1=0.606822 D/acc2=0.411490 D/sec= 0.128510 rate=0.000968
2019-02-19 08:43:46,678 - main - INFO - [154] T/loss=0.919874 T/acc1=0.910041 T/acc2=0.000000 T/sec= 5.682549 D/loss=6.113765 D/acc1=0.581688 D/acc2=0.508868 D/sec= 0.246873 rate=0.000968
2019-02-19 08:43:52,157 - main - INFO - [155] T/loss=1.018666 T/acc1=0.876959 T/acc2=0.000000 T/sec= 5.353232 D/loss=6.515304 D/acc1=0.637343 D/acc2=0.482851 D/sec= 0.126145 rate=0.000969
2019-02-19 08:43:57,888 - main - INFO - [156] T/loss=1.031224 T/acc1=0.882763 T/acc2=0.000000 T/sec= 5.604120 D/loss=13.107886 D/acc1=0.346499 D/acc2=0.410072 D/sec= 0.127220 rate=0.000969
2019-02-19 08:44:03,315 - main - INFO - [157] T/loss=0.979565 T/acc1=0.882763 T/acc2=0.000000 T/sec= 5.300055 D/loss=7.281553 D/acc1=0.594255 D/acc2=0.526312 D/sec= 0.126378 rate=0.000970
2019-02-19 08:44:09,345 - main - INFO - [158] T/loss=1.046529 T/acc1=0.887986 T/acc2=0.000000 T/sec= 5.904580 D/loss=10.009040 D/acc1=0.499102 D/acc2=0.436970 D/sec= 0.125619 rate=0.000971
2019-02-19 08:44:14,765 - main - INFO - [159] T/loss=1.042357 T/acc1=0.874637 T/acc2=0.000000 T/sec= 5.289107 D/loss=5.741579 D/acc1=0.588869 D/acc2=0.509572 D/sec= 0.130422 rate=0.000971
2019-02-19 08:44:20,417 - main - INFO - [160] T/loss=1.099922 T/acc1=0.873476 T/acc2=0.000000 T/sec= 5.523951 D/loss=5.019043 D/acc1=0.579892 D/acc2=0.583129 D/sec= 0.128680 rate=0.000972
2019-02-19 08:44:25,418 - main - INFO - [161] T/loss=1.056169 T/acc1=0.882182 T/acc2=0.000000 T/sec= 4.809342 D/loss=7.437123 D/acc1=0.619390 D/acc2=0.452319 D/sec= 0.191247 rate=0.000972
2019-02-19 08:44:30,966 - main - INFO - [162] T/loss=0.851865 T/acc1=0.904817 T/acc2=0.000000 T/sec= 5.419895 D/loss=6.324454 D/acc1=0.554758 D/acc2=0.450269 D/sec= 0.128010 rate=0.000973
2019-02-19 08:44:36,263 - main - INFO - [163] T/loss=0.893206 T/acc1=0.895531 T/acc2=0.000000 T/sec= 5.173911 D/loss=6.849090 D/acc1=0.626571 D/acc2=0.520173 D/sec= 0.123006 rate=0.000973
2019-02-19 08:44:41,709 - main - INFO - [164] T/loss=1.032543 T/acc1=0.883343 T/acc2=0.000000 T/sec= 5.321517 D/loss=7.786422 D/acc1=0.581688 D/acc2=0.406740 D/sec= 0.124395 rate=0.000974
2019-02-19 08:44:47,154 - main - INFO - [165] T/loss=1.108723 T/acc1=0.860708 T/acc2=0.000000 T/sec= 5.213070 D/loss=5.147192 D/acc1=0.610413 D/acc2=0.525717 D/sec= 0.232680 rate=0.000974
2019-02-19 08:44:52,654 - main - INFO - [166] T/loss=1.137081 T/acc1=0.871735 T/acc2=0.000000 T/sec= 5.356555 D/loss=8.704368 D/acc1=0.527828 D/acc2=0.524649 D/sec= 0.143135 rate=0.000975
2019-02-19 08:44:58,095 - main - INFO - [167] T/loss=1.228131 T/acc1=0.857226 T/acc2=0.000000 T/sec= 5.317770 D/loss=7.555635 D/acc1=0.418312 D/acc2=0.558214 D/sec= 0.123757 rate=0.000975
2019-02-19 08:45:03,403 - main - INFO - [168] T/loss=1.101047 T/acc1=0.871155 T/acc2=0.000000 T/sec= 5.183483 D/loss=5.958613 D/acc1=0.621185 D/acc2=0.486310 D/sec= 0.123988 rate=0.000975
2019-02-19 08:45:08,772 - main - INFO - [169] T/loss=1.050224 T/acc1=0.882182 T/acc2=0.000000 T/sec= 5.178582 D/loss=5.849412 D/acc1=0.472172 D/acc2=0.520070 D/sec= 0.190799 rate=0.000976
2019-02-19 08:45:14,429 - main - INFO - [170] T/loss=1.179827 T/acc1=0.852002 T/acc2=0.000000 T/sec= 5.531162 D/loss=5.673780 D/acc1=0.633752 D/acc2=0.569088 D/sec= 0.125739 rate=0.000976
2019-02-19 08:45:19,764 - main - INFO - [171] T/loss=1.190447 T/acc1=0.861288 T/acc2=0.000000 T/sec= 5.209229 D/loss=5.599690 D/acc1=0.558348 D/acc2=0.551720 D/sec= 0.125690 rate=0.000977
2019-02-19 08:45:25,202 - main - INFO - [172] T/loss=0.903430 T/acc1=0.904817 T/acc2=0.000000 T/sec= 5.314278 D/loss=5.764630 D/acc1=0.549372 D/acc2=0.612357 D/sec= 0.123423 rate=0.000977
2019-02-19 08:45:30,764 - main - INFO - [173] T/loss=0.791139 T/acc1=0.908299 T/acc2=0.000000 T/sec= 5.436764 D/loss=10.110045 D/acc1=0.583483 D/acc2=0.392199 D/sec= 0.125165 rate=0.000978
2019-02-19 08:45:36,501 - main - INFO - [174] T/loss=0.798111 T/acc1=0.908880 T/acc2=0.000000 T/sec= 5.578503 D/loss=4.907640 D/acc1=0.576302 D/acc2=0.564632 D/sec= 0.158596 rate=0.000978
2019-02-19 08:45:42,075 - main - INFO - [175] T/loss=0.855518 T/acc1=0.899594 T/acc2=0.000000 T/sec= 5.451513 D/loss=7.649167 D/acc1=0.540395 D/acc2=0.522777 D/sec= 0.123018 rate=0.000978
2019-02-19 08:45:47,860 - main - INFO - [176] T/loss=0.860389 T/acc1=0.904817 T/acc2=0.000000 T/sec= 5.630331 D/loss=7.569491 D/acc1=0.479354 D/acc2=0.525682 D/sec= 0.153965 rate=0.000979
2019-02-19 08:45:53,148 - main - INFO - [177] T/loss=0.813260 T/acc1=0.918746 T/acc2=0.000000 T/sec= 5.154541 D/loss=7.891642 D/acc1=0.567325 D/acc2=0.498848 D/sec= 0.133513 rate=0.000979
2019-02-19 08:45:58,678 - main - INFO - [178] T/loss=1.224870 T/acc1=0.856645 T/acc2=0.000000 T/sec= 5.386212 D/loss=8.890472 D/acc1=0.491921 D/acc2=0.534369 D/sec= 0.144212 rate=0.000980
2019-02-19 08:46:03,646 - main - INFO - [179] T/loss=1.184308 T/acc1=0.870575 T/acc2=0.000000 T/sec= 4.838871 D/loss=7.089169 D/acc1=0.574506 D/acc2=0.473142 D/sec= 0.129129 rate=0.000980
2019-02-19 08:46:08,956 - main - INFO - [180] T/loss=1.072193 T/acc1=0.890308 T/acc2=0.000000 T/sec= 5.186180 D/loss=5.137111 D/acc1=0.526032 D/acc2=0.566579 D/sec= 0.123726 rate=0.000980
2019-02-19 08:46:14,250 - main - INFO - [181] T/loss=1.167499 T/acc1=0.866512 T/acc2=0.000000 T/sec= 5.171180 D/loss=7.710615 D/acc1=0.552962 D/acc2=0.550149 D/sec= 0.123217 rate=0.000981
2019-02-19 08:46:19,533 - main - INFO - [182] T/loss=1.100408 T/acc1=0.875798 T/acc2=0.000000 T/sec= 5.152019 D/loss=6.216253 D/acc1=0.596050 D/acc2=0.536164 D/sec= 0.130088 rate=0.000981
2019-02-19 08:46:24,820 - main - INFO - [183] T/loss=1.064237 T/acc1=0.871735 T/acc2=0.000000 T/sec= 5.159539 D/loss=8.172362 D/acc1=0.648115 D/acc2=0.516018 D/sec= 0.127546 rate=0.000981
2019-02-19 08:46:30,510 - main - INFO - [184] T/loss=0.955744 T/acc1=0.889727 T/acc2=0.000000 T/sec= 5.561951 D/loss=7.575051 D/acc1=0.549372 D/acc2=0.502436 D/sec= 0.128050 rate=0.000982
2019-02-19 08:46:35,851 - main - INFO - [185] T/loss=0.867530 T/acc1=0.900755 T/acc2=0.000000 T/sec= 5.214518 D/loss=6.974571 D/acc1=0.588869 D/acc2=0.449846 D/sec= 0.127182 rate=0.000982
2019-02-19 08:46:41,282 - main - INFO - [186] T/loss=0.962063 T/acc1=0.894951 T/acc2=0.000000 T/sec= 5.236284 D/loss=4.812070 D/acc1=0.511670 D/acc2=0.555884 D/sec= 0.194760 rate=0.000982
2019-02-19 08:46:46,722 - main - INFO - [187] T/loss=1.174018 T/acc1=0.860128 T/acc2=0.000000 T/sec= 5.194376 D/loss=12.358483 D/acc1=0.578097 D/acc2=0.403097 D/sec= 0.245016 rate=0.000983
2019-02-19 08:46:52,088 - main - INFO - [188] T/loss=0.946098 T/acc1=0.886825 T/acc2=0.000000 T/sec= 5.236356 D/loss=11.061125 D/acc1=0.576302 D/acc2=0.346860 D/sec= 0.129513 rate=0.000983
2019-02-19 08:46:57,749 - main - INFO - [189] T/loss=1.048712 T/acc1=0.891468 T/acc2=0.000000 T/sec= 5.536106 D/loss=6.661758 D/acc1=0.599641 D/acc2=0.494241 D/sec= 0.125470 rate=0.000983
2019-02-19 08:47:03,080 - main - INFO - [190] T/loss=0.974040 T/acc1=0.894370 T/acc2=0.000000 T/sec= 5.202236 D/loss=5.580391 D/acc1=0.605027 D/acc2=0.473472 D/sec= 0.128025 rate=0.000984
2019-02-19 08:47:08,395 - main - INFO - [191] T/loss=1.105155 T/acc1=0.868253 T/acc2=0.000000 T/sec= 5.190783 D/loss=9.315595 D/acc1=0.407540 D/acc2=0.480572 D/sec= 0.125030 rate=0.000984
2019-02-19 08:47:13,768 - main - INFO - [192] T/loss=1.007461 T/acc1=0.892629 T/acc2=0.000000 T/sec= 5.248142 D/loss=6.540758 D/acc1=0.622980 D/acc2=0.523823 D/sec= 0.124749 rate=0.000984
2019-02-19 08:47:19,397 - main - INFO - [193] T/loss=1.020490 T/acc1=0.883923 T/acc2=0.000000 T/sec= 5.504473 D/loss=6.737708 D/acc1=0.603232 D/acc2=0.542190 D/sec= 0.124165 rate=0.000984
2019-02-19 08:47:24,771 - main - INFO - [194] T/loss=0.891503 T/acc1=0.907139 T/acc2=0.000000 T/sec= 5.246779 D/loss=5.550873 D/acc1=0.511670 D/acc2=0.490937 D/sec= 0.127292 rate=0.000985
2019-02-19 08:47:30,238 - main - INFO - [195] T/loss=0.971808 T/acc1=0.881021 T/acc2=0.000000 T/sec= 5.338862 D/loss=7.498657 D/acc1=0.605027 D/acc2=0.456335 D/sec= 0.128022 rate=0.000985
2019-02-19 08:47:35,670 - main - INFO - [196] T/loss=1.085562 T/acc1=0.878700 T/acc2=0.000000 T/sec= 5.266541 D/loss=8.283025 D/acc1=0.477558 D/acc2=0.549103 D/sec= 0.165152 rate=0.000985
2019-02-19 08:47:41,248 - main - INFO - [197] T/loss=1.012622 T/acc1=0.878700 T/acc2=0.000000 T/sec= 5.454229 D/loss=6.737838 D/acc1=0.560144 D/acc2=0.567845 D/sec= 0.124640 rate=0.000986
2019-02-19 08:47:46,641 - main - INFO - [198] T/loss=1.160773 T/acc1=0.856645 T/acc2=0.000000 T/sec= 5.263421 D/loss=9.186111 D/acc1=0.508079 D/acc2=0.513793 D/sec= 0.129560 rate=0.000986
2019-02-19 08:47:52,015 - main - INFO - [199] T/loss=0.928758 T/acc1=0.889727 T/acc2=0.000000 T/sec= 5.245624 D/loss=5.870327 D/acc1=0.517056 D/acc2=0.499202 D/sec= 0.128315 rate=0.000986
2019-02-19 08:47:57,762 - main - INFO - [200] T/loss=1.069405 T/acc1=0.872896 T/acc2=0.000000 T/sec= 5.609058 D/loss=6.763937 D/acc1=0.597846 D/acc2=0.520523 D/sec= 0.137426 rate=0.000986
2019-02-19 08:48:03,125 - main - INFO - [201] T/loss=0.967253 T/acc1=0.882763 T/acc2=0.000000 T/sec= 5.239179 D/loss=9.317796 D/acc1=0.549372 D/acc2=0.489287 D/sec= 0.124386 rate=0.000987
2019-02-19 08:48:08,554 - main - INFO - [202] T/loss=1.050394 T/acc1=0.889727 T/acc2=0.000000 T/sec= 5.301553 D/loss=16.554563 D/acc1=0.398564 D/acc2=0.478511 D/sec= 0.127070 rate=0.000987
2019-02-19 08:48:14,311 - main - INFO - [203] T/loss=1.233565 T/acc1=0.850261 T/acc2=0.000000 T/sec= 5.628135 D/loss=15.474378 D/acc1=0.569120 D/acc2=0.472662 D/sec= 0.129219 rate=0.000987
2019-02-19 08:48:20,192 - main - INFO - [204] T/loss=1.277432 T/acc1=0.852583 T/acc2=0.000000 T/sec= 5.649532 D/loss=7.894140 D/acc1=0.477558 D/acc2=0.486657 D/sec= 0.231528 rate=0.000987
2019-02-19 08:48:25,817 - main - INFO - [205] T/loss=1.257584 T/acc1=0.860128 T/acc2=0.000000 T/sec= 5.497986 D/loss=9.911040 D/acc1=0.624776 D/acc2=0.461364 D/sec= 0.126987 rate=0.000987
2019-02-19 08:48:31,482 - main - INFO - [206] T/loss=1.207268 T/acc1=0.850842 T/acc2=0.000000 T/sec= 5.540589 D/loss=5.178622 D/acc1=0.587074 D/acc2=0.525264 D/sec= 0.124103 rate=0.000988
2019-02-19 08:48:36,987 - main - INFO - [207] T/loss=1.286365 T/acc1=0.848520 T/acc2=0.000000 T/sec= 5.379728 D/loss=9.851212 D/acc1=0.594255 D/acc2=0.428111 D/sec= 0.125404 rate=0.000988
2019-02-19 08:48:42,514 - main - INFO - [208] T/loss=1.269668 T/acc1=0.860708 T/acc2=0.000000 T/sec= 5.394867 D/loss=6.362606 D/acc1=0.585278 D/acc2=0.530164 D/sec= 0.131604 rate=0.000988
2019-02-19 08:48:48,389 - main - INFO - [209] T/loss=1.425767 T/acc1=0.845038 T/acc2=0.000000 T/sec= 5.752354 D/loss=16.513196 D/acc1=0.305206 D/acc2=0.407501 D/sec= 0.123396 rate=0.000988
2019-02-19 08:48:53,905 - main - INFO - [210] T/loss=1.207693 T/acc1=0.858387 T/acc2=0.000000 T/sec= 5.390851 D/loss=9.499030 D/acc1=0.579892 D/acc2=0.450582 D/sec= 0.124515 rate=0.000989
2019-02-19 08:48:59,495 - main - INFO - [211] T/loss=1.198735 T/acc1=0.869414 T/acc2=0.000000 T/sec= 5.463476 D/loss=5.118674 D/acc1=0.603232 D/acc2=0.510923 D/sec= 0.127100 rate=0.000989
2019-02-19 08:49:05,384 - main - INFO - [212] T/loss=1.194235 T/acc1=0.860708 T/acc2=0.000000 T/sec= 5.764306 D/loss=4.856732 D/acc1=0.576302 D/acc2=0.598483 D/sec= 0.124830 rate=0.000989
2019-02-19 08:49:10,867 - main - INFO - [213] T/loss=1.322721 T/acc1=0.842716 T/acc2=0.000000 T/sec= 5.355692 D/loss=6.771456 D/acc1=0.450628 D/acc2=0.533235 D/sec= 0.126735 rate=0.000989
2019-02-19 08:49:16,594 - main - INFO - [214] T/loss=1.352954 T/acc1=0.842716 T/acc2=0.000000 T/sec= 5.587508 D/loss=5.239037 D/acc1=0.545781 D/acc2=0.529266 D/sec= 0.139891 rate=0.000989
2019-02-19 08:49:22,582 - main - INFO - [215] T/loss=1.335807 T/acc1=0.848520 T/acc2=0.000000 T/sec= 5.830259 D/loss=8.708759 D/acc1=0.610413 D/acc2=0.445528 D/sec= 0.157250 rate=0.000990
2019-02-19 08:49:28,279 - main - INFO - [216] T/loss=1.157047 T/acc1=0.860128 T/acc2=0.000000 T/sec= 5.542327 D/loss=5.187122 D/acc1=0.608618 D/acc2=0.557085 D/sec= 0.155144 rate=0.000990
2019-02-19 08:49:34,558 - main - INFO - [217] T/loss=1.084345 T/acc1=0.872896 T/acc2=0.000000 T/sec= 6.149317 D/loss=4.502576 D/acc1=0.578097 D/acc2=0.564650 D/sec= 0.129787 rate=0.000990
2019-02-19 08:49:40,655 - main - INFO - [218] T/loss=1.114627 T/acc1=0.867092 T/acc2=0.000000 T/sec= 5.969457 D/loss=5.705999 D/acc1=0.648115 D/acc2=0.557873 D/sec= 0.127034 rate=0.000990
2019-02-19 08:49:46,314 - main - INFO - [219] T/loss=1.104487 T/acc1=0.867673 T/acc2=0.000000 T/sec= 5.536065 D/loss=8.811574 D/acc1=0.567325 D/acc2=0.454092 D/sec= 0.122727 rate=0.000990
2019-02-19 08:49:52,208 - main - INFO - [220] T/loss=0.992414 T/acc1=0.881602 T/acc2=0.000000 T/sec= 5.766137 D/loss=4.988916 D/acc1=0.518851 D/acc2=0.487709 D/sec= 0.128069 rate=0.000990
2019-02-19 08:49:57,942 - main - INFO - [221] T/loss=1.126159 T/acc1=0.875218 T/acc2=0.000000 T/sec= 5.599134 D/loss=5.514126 D/acc1=0.596050 D/acc2=0.566493 D/sec= 0.134952 rate=0.000991
2019-02-19 08:50:04,359 - main - INFO - [222] T/loss=1.038594 T/acc1=0.883343 T/acc2=0.000000 T/sec= 6.289728 D/loss=5.303065 D/acc1=0.558348 D/acc2=0.581397 D/sec= 0.127249 rate=0.000991
2019-02-19 08:50:10,217 - main - INFO - [223] T/loss=1.145505 T/acc1=0.868253 T/acc2=0.000000 T/sec= 5.697734 D/loss=7.372295 D/acc1=0.508079 D/acc2=0.526701 D/sec= 0.160362 rate=0.000991
2019-02-19 08:50:15,884 - main - INFO - [224] T/loss=1.055227 T/acc1=0.879861 T/acc2=0.000000 T/sec= 5.539308 D/loss=8.278701 D/acc1=0.615799 D/acc2=0.464740 D/sec= 0.128113 rate=0.000991
2019-02-19 08:50:21,188 - main - INFO - [225] T/loss=1.048692 T/acc1=0.872896 T/acc2=0.000000 T/sec= 5.175560 D/loss=5.614702 D/acc1=0.622980 D/acc2=0.605778 D/sec= 0.128149 rate=0.000991
2019-02-19 08:50:26,840 - main - INFO - [226] T/loss=0.848839 T/acc1=0.899594 T/acc2=0.000000 T/sec= 5.526524 D/loss=5.894946 D/acc1=0.599641 D/acc2=0.460461 D/sec= 0.125784 rate=0.000991
2019-02-19 08:50:32,443 - main - INFO - [227] T/loss=0.851611 T/acc1=0.896111 T/acc2=0.000000 T/sec= 5.454325 D/loss=4.667748 D/acc1=0.579892 D/acc2=0.522899 D/sec= 0.148650 rate=0.000992
2019-02-19 08:50:38,047 - main - INFO - [228] T/loss=0.890255 T/acc1=0.897272 T/acc2=0.000000 T/sec= 5.480253 D/loss=5.094623 D/acc1=0.601436 D/acc2=0.573603 D/sec= 0.123486 rate=0.000992
2019-02-19 08:50:43,441 - main - INFO - [229] T/loss=0.931188 T/acc1=0.890888 T/acc2=0.000000 T/sec= 5.229843 D/loss=10.558772 D/acc1=0.569120 D/acc2=0.380328 D/sec= 0.163736 rate=0.000992
2019-02-19 08:50:49,108 - main - INFO - [230] T/loss=0.935520 T/acc1=0.893210 T/acc2=0.000000 T/sec= 5.542799 D/loss=6.065047 D/acc1=0.596050 D/acc2=0.492057 D/sec= 0.124102 rate=0.000992
2019-02-19 08:50:54,396 - main - INFO - [231] T/loss=1.157792 T/acc1=0.870575 T/acc2=0.000000 T/sec= 5.166006 D/loss=6.003568 D/acc1=0.617594 D/acc2=0.483553 D/sec= 0.122316 rate=0.000992
2019-02-19 08:50:59,790 - main - INFO - [232] T/loss=1.405164 T/acc1=0.843297 T/acc2=0.000000 T/sec= 5.265066 D/loss=6.135601 D/acc1=0.621185 D/acc2=0.532140 D/sec= 0.129234 rate=0.000992
2019-02-19 08:51:05,420 - main - INFO - [233] T/loss=1.388639 T/acc1=0.836912 T/acc2=0.000000 T/sec= 5.397684 D/loss=9.222212 D/acc1=0.423698 D/acc2=0.487261 D/sec= 0.232214 rate=0.000992
2019-02-19 08:51:10,800 - main - INFO - [234] T/loss=1.354826 T/acc1=0.852002 T/acc2=0.000000 T/sec= 5.254237 D/loss=5.860729 D/acc1=0.612208 D/acc2=0.468752 D/sec= 0.125165 rate=0.000993
2019-02-19 08:51:16,143 - main - INFO - [235] T/loss=1.125902 T/acc1=0.865932 T/acc2=0.000000 T/sec= 5.216681 D/loss=5.388244 D/acc1=0.612208 D/acc2=0.515904 D/sec= 0.127136 rate=0.000993
2019-02-19 08:51:21,556 - main - INFO - [236] T/loss=0.955402 T/acc1=0.907719 T/acc2=0.000000 T/sec= 5.232648 D/loss=8.313964 D/acc1=0.450628 D/acc2=0.537575 D/sec= 0.180016 rate=0.000993
2019-02-19 08:51:27,131 - main - INFO - [237] T/loss=0.956474 T/acc1=0.887406 T/acc2=0.000000 T/sec= 5.445758 D/loss=5.920843 D/acc1=0.518851 D/acc2=0.572311 D/sec= 0.129135 rate=0.000993
2019-02-19 08:51:32,514 - main - INFO - [238] T/loss=0.859087 T/acc1=0.899013 T/acc2=0.000000 T/sec= 5.251566 D/loss=5.397727 D/acc1=0.637343 D/acc2=0.557338 D/sec= 0.131046 rate=0.000993
2019-02-19 08:51:37,882 - main - INFO - [239] T/loss=1.334591 T/acc1=0.852583 T/acc2=0.000000 T/sec= 5.243483 D/loss=5.310361 D/acc1=0.547576 D/acc2=0.500796 D/sec= 0.125128 rate=0.000993
2019-02-19 08:51:43,616 - main - INFO - [240] T/loss=1.328039 T/acc1=0.846779 T/acc2=0.000000 T/sec= 5.606927 D/loss=6.279145 D/acc1=0.470377 D/acc2=0.544069 D/sec= 0.127151 rate=0.000993
2019-02-19 08:51:49,058 - main - INFO - [241] T/loss=1.165990 T/acc1=0.871155 T/acc2=0.000000 T/sec= 5.271921 D/loss=4.761595 D/acc1=0.535009 D/acc2=0.522223 D/sec= 0.169833 rate=0.000993
2019-02-19 08:51:54,689 - main - INFO - [242] T/loss=1.268706 T/acc1=0.861869 T/acc2=0.000000 T/sec= 5.423079 D/loss=6.305879 D/acc1=0.588869 D/acc2=0.522832 D/sec= 0.208324 rate=0.000994
2019-02-19 08:52:00,097 - main - INFO - [243] T/loss=1.079109 T/acc1=0.871155 T/acc2=0.000000 T/sec= 5.275174 D/loss=5.420892 D/acc1=0.549372 D/acc2=0.564714 D/sec= 0.132386 rate=0.000994
2019-02-19 08:52:05,858 - main - INFO - [244] T/loss=1.031794 T/acc1=0.881602 T/acc2=0.000000 T/sec= 5.620227 D/loss=10.052701 D/acc1=0.610413 D/acc2=0.470402 D/sec= 0.140904 rate=0.000994
2019-02-19 08:52:11,752 - main - INFO - [245] T/loss=0.932214 T/acc1=0.897853 T/acc2=0.000000 T/sec= 5.766551 D/loss=5.871605 D/acc1=0.640934 D/acc2=0.485723 D/sec= 0.127305 rate=0.000994
2019-02-19 08:52:17,101 - main - INFO - [246] T/loss=0.980451 T/acc1=0.881602 T/acc2=0.000000 T/sec= 5.222207 D/loss=6.004008 D/acc1=0.579892 D/acc2=0.535130 D/sec= 0.127143 rate=0.000994
2019-02-19 08:52:22,730 - main - INFO - [247] T/loss=1.162163 T/acc1=0.860128 T/acc2=0.000000 T/sec= 5.384052 D/loss=8.639547 D/acc1=0.556553 D/acc2=0.473602 D/sec= 0.244540 rate=0.000994
2019-02-19 08:52:28,246 - main - INFO - [248] T/loss=0.960663 T/acc1=0.885665 T/acc2=0.000000 T/sec= 5.388205 D/loss=5.924435 D/acc1=0.466786 D/acc2=0.576877 D/sec= 0.127614 rate=0.000994
2019-02-19 08:52:33,776 - main - INFO - [249] T/loss=1.234251 T/acc1=0.869994 T/acc2=0.000000 T/sec= 5.400491 D/loss=7.210094 D/acc1=0.624776 D/acc2=0.505762 D/sec= 0.129668 rate=0.000994
2019-02-19 08:52:39,612 - main - INFO - [250] T/loss=1.125593 T/acc1=0.864771 T/acc2=0.000000 T/sec= 5.588844 D/loss=5.854979 D/acc1=0.599641 D/acc2=0.432299 D/sec= 0.247732 rate=0.000994
2019-02-19 08:52:44,956 - main - INFO - [251] T/loss=1.289148 T/acc1=0.849681 T/acc2=0.000000 T/sec= 5.217857 D/loss=4.881721 D/acc1=0.587074 D/acc2=0.559064 D/sec= 0.125777 rate=0.000995
2019-02-19 08:52:50,639 - main - INFO - [252] T/loss=1.127397 T/acc1=0.867673 T/acc2=0.000000 T/sec= 5.358795 D/loss=7.518630 D/acc1=0.614004 D/acc2=0.395643 D/sec= 0.324515 rate=0.000995
2019-02-19 08:52:56,053 - main - INFO - [253] T/loss=1.080060 T/acc1=0.869994 T/acc2=0.000000 T/sec= 5.288603 D/loss=7.512779 D/acc1=0.630162 D/acc2=0.423757 D/sec= 0.124703 rate=0.000995
2019-02-19 08:53:01,537 - main - INFO - [254] T/loss=1.154727 T/acc1=0.866512 T/acc2=0.000000 T/sec= 5.353913 D/loss=9.423586 D/acc1=0.578097 D/acc2=0.424386 D/sec= 0.130398 rate=0.000995
2019-02-19 08:53:07,324 - main - INFO - [255] T/loss=1.156648 T/acc1=0.867092 T/acc2=0.000000 T/sec= 5.629635 D/loss=9.447226 D/acc1=0.554758 D/acc2=0.415585 D/sec= 0.156931 rate=0.000995
2019-02-19 08:53:12,833 - main - INFO - [256] T/loss=0.943827 T/acc1=0.889727 T/acc2=0.000000 T/sec= 5.291545 D/loss=9.998930 D/acc1=0.486535 D/acc2=0.466043 D/sec= 0.218148 rate=0.000995
2019-02-19 08:53:18,858 - main - INFO - [257] T/loss=0.939517 T/acc1=0.890308 T/acc2=0.000000 T/sec= 5.779728 D/loss=5.784109 D/acc1=0.520646 D/acc2=0.442609 D/sec= 0.245181 rate=0.000995
2019-02-19 08:53:24,520 - main - INFO - [258] T/loss=1.085389 T/acc1=0.889727 T/acc2=0.000000 T/sec= 5.404483 D/loss=9.541057 D/acc1=0.533214 D/acc2=0.490072 D/sec= 0.257094 rate=0.000995
2019-02-19 08:53:30,214 - main - INFO - [259] T/loss=1.172664 T/acc1=0.862449 T/acc2=0.000000 T/sec= 5.471064 D/loss=5.878171 D/acc1=0.594255 D/acc2=0.478326 D/sec= 0.223070 rate=0.000995
2019-02-19 08:53:35,758 - main - INFO - [260] T/loss=1.373037 T/acc1=0.842136 T/acc2=0.000000 T/sec= 5.358403 D/loss=5.791873 D/acc1=0.472172 D/acc2=0.559984 D/sec= 0.185233 rate=0.000995
2019-02-19 08:53:41,327 - main - INFO - [261] T/loss=1.215188 T/acc1=0.864771 T/acc2=0.000000 T/sec= 5.442572 D/loss=5.334522 D/acc1=0.493716 D/acc2=0.553407 D/sec= 0.127203 rate=0.000995
2019-02-19 08:53:46,961 - main - INFO - [262] T/loss=1.145788 T/acc1=0.859547 T/acc2=0.000000 T/sec= 5.411386 D/loss=7.402666 D/acc1=0.601436 D/acc2=0.478649 D/sec= 0.222624 rate=0.000996
2019-02-19 08:53:52,536 - main - INFO - [263] T/loss=1.079800 T/acc1=0.872896 T/acc2=0.000000 T/sec= 5.442091 D/loss=7.220505 D/acc1=0.624776 D/acc2=0.515951 D/sec= 0.133027 rate=0.000996
2019-02-19 08:53:58,499 - main - INFO - [264] T/loss=0.927330 T/acc1=0.900174 T/acc2=0.000000 T/sec= 5.680649 D/loss=5.399080 D/acc1=0.624776 D/acc2=0.578119 D/sec= 0.281853 rate=0.000996
2019-02-19 08:54:04,008 - main - INFO - [265] T/loss=1.100288 T/acc1=0.868253 T/acc2=0.000000 T/sec= 5.314319 D/loss=11.417208 D/acc1=0.543986 D/acc2=0.338691 D/sec= 0.195118 rate=0.000996
2019-02-19 08:54:10,223 - main - INFO - [266] T/loss=1.364896 T/acc1=0.837493 T/acc2=0.000000 T/sec= 5.956696 D/loss=11.032635 D/acc1=0.466786 D/acc2=0.513239 D/sec= 0.258181 rate=0.000996
2019-02-19 08:54:16,496 - main - INFO - [267] T/loss=1.102028 T/acc1=0.872896 T/acc2=0.000000 T/sec= 5.911074 D/loss=4.516678 D/acc1=0.517056 D/acc2=0.561744 D/sec= 0.362130 rate=0.000996
2019-02-19 08:54:22,176 - main - INFO - [268] T/loss=1.007457 T/acc1=0.874637 T/acc2=0.000000 T/sec= 5.423117 D/loss=6.674875 D/acc1=0.576302 D/acc2=0.435827 D/sec= 0.256049 rate=0.000996
2019-02-19 08:54:28,554 - main - INFO - [269] T/loss=1.139303 T/acc1=0.880441 T/acc2=0.000000 T/sec= 6.101667 D/loss=7.887342 D/acc1=0.405745 D/acc2=0.513412 D/sec= 0.276781 rate=0.000996
2019-02-19 08:54:34,950 - main - INFO - [270] T/loss=1.275587 T/acc1=0.850261 T/acc2=0.000000 T/sec= 6.120110 D/loss=10.894799 D/acc1=0.520646 D/acc2=0.456551 D/sec= 0.275945 rate=0.000996
2019-02-19 08:54:40,873 - main - INFO - [271] T/loss=1.157923 T/acc1=0.860128 T/acc2=0.000000 T/sec= 5.597386 D/loss=6.390603 D/acc1=0.624776 D/acc2=0.532417 D/sec= 0.325023 rate=0.000996
2019-02-19 08:54:46,626 - main - INFO - [272] T/loss=1.080975 T/acc1=0.870575 T/acc2=0.000000 T/sec= 5.490296 D/loss=4.532421 D/acc1=0.585278 D/acc2=0.569599 D/sec= 0.263085 rate=0.000996
2019-02-19 08:54:52,767 - main - INFO - [273] T/loss=1.078661 T/acc1=0.876959 T/acc2=0.000000 T/sec= 5.877252 D/loss=6.274487 D/acc1=0.612208 D/acc2=0.496251 D/sec= 0.263667 rate=0.000996
2019-02-19 08:54:59,433 - main - INFO - [274] T/loss=0.959422 T/acc1=0.884504 T/acc2=0.000000 T/sec= 6.413817 D/loss=6.919602 D/acc1=0.617594 D/acc2=0.562137 D/sec= 0.252197 rate=0.000996
2019-02-19 08:55:05,936 - main - INFO - [275] T/loss=1.066071 T/acc1=0.878120 T/acc2=0.000000 T/sec= 6.144497 D/loss=5.613820 D/acc1=0.490126 D/acc2=0.486076 D/sec= 0.358804 rate=0.000996
2019-02-19 08:55:12,045 - main - INFO - [276] T/loss=1.235088 T/acc1=0.868833 T/acc2=0.000000 T/sec= 5.842036 D/loss=6.004119 D/acc1=0.581688 D/acc2=0.456162 D/sec= 0.266706 rate=0.000997
2019-02-19 08:55:18,583 - main - INFO - [277] T/loss=1.180473 T/acc1=0.864190 T/acc2=0.000000 T/sec= 6.276419 D/loss=10.930862 D/acc1=0.545781 D/acc2=0.481145 D/sec= 0.261530 rate=0.000997
2019-02-19 08:55:25,393 - main - INFO - [278] T/loss=1.095144 T/acc1=0.869994 T/acc2=0.000000 T/sec= 6.540723 D/loss=6.737192 D/acc1=0.509874 D/acc2=0.494477 D/sec= 0.269816 rate=0.000997
2019-02-19 08:55:31,818 - main - INFO - [279] T/loss=1.007959 T/acc1=0.879280 T/acc2=0.000000 T/sec= 6.107678 D/loss=7.735683 D/acc1=0.543986 D/acc2=0.555860 D/sec= 0.316427 rate=0.000997
2019-02-19 08:55:37,834 - main - INFO - [280] T/loss=1.034670 T/acc1=0.875798 T/acc2=0.000000 T/sec= 5.749838 D/loss=9.621584 D/acc1=0.556553 D/acc2=0.480237 D/sec= 0.266537 rate=0.000997
2019-02-19 08:55:43,941 - main - INFO - [281] T/loss=1.032155 T/acc1=0.890888 T/acc2=0.000000 T/sec= 5.837656 D/loss=7.769184 D/acc1=0.615799 D/acc2=0.479818 D/sec= 0.269309 rate=0.000997
2019-02-19 08:55:50,523 - main - INFO - [282] T/loss=0.896486 T/acc1=0.886245 T/acc2=0.000000 T/sec= 6.225798 D/loss=14.266745 D/acc1=0.569120 D/acc2=0.332779 D/sec= 0.356508 rate=0.000997
2019-02-19 08:55:56,432 - main - INFO - [283] T/loss=1.091482 T/acc1=0.871735 T/acc2=0.000000 T/sec= 5.633775 D/loss=5.705280 D/acc1=0.567325 D/acc2=0.577043 D/sec= 0.275336 rate=0.000997
2019-02-19 08:56:02,797 - main - INFO - [284] T/loss=1.176798 T/acc1=0.857226 T/acc2=0.000000 T/sec= 6.085090 D/loss=7.539308 D/acc1=0.599641 D/acc2=0.564943 D/sec= 0.279649 rate=0.000997
2019-02-19 08:56:10,666 - main - INFO - [285] T/loss=1.155002 T/acc1=0.854324 T/acc2=0.000000 T/sec= 7.617683 D/loss=5.997444 D/acc1=0.565530 D/acc2=0.508898 D/sec= 0.251713 rate=0.000997
2019-02-19 08:56:16,905 - main - INFO - [286] T/loss=1.114352 T/acc1=0.876378 T/acc2=0.000000 T/sec= 5.868346 D/loss=5.562832 D/acc1=0.552962 D/acc2=0.549197 D/sec= 0.370268 rate=0.000997
2019-02-19 08:56:23,157 - main - INFO - [287] T/loss=1.047202 T/acc1=0.875798 T/acc2=0.000000 T/sec= 5.984250 D/loss=5.883156 D/acc1=0.447038 D/acc2=0.592329 D/sec= 0.267282 rate=0.000997
2019-02-19 08:56:29,409 - main - INFO - [288] T/loss=1.201234 T/acc1=0.865932 T/acc2=0.000000 T/sec= 5.978412 D/loss=8.479879 D/acc1=0.533214 D/acc2=0.507249 D/sec= 0.273942 rate=0.000997
2019-02-19 08:56:37,139 - main - INFO - [289] T/loss=1.481636 T/acc1=0.824724 T/acc2=0.000000 T/sec= 7.428175 D/loss=4.938772 D/acc1=0.590664 D/acc2=0.552338 D/sec= 0.301433 rate=0.000997
2019-02-19 08:56:44,703 - main - INFO - [290] T/loss=1.465468 T/acc1=0.831689 T/acc2=0.000000 T/sec= 7.114450 D/loss=11.691075 D/acc1=0.626571 D/acc2=0.498944 D/sec= 0.449762 rate=0.000997
2019-02-19 08:56:50,977 - main - INFO - [291] T/loss=1.521242 T/acc1=0.819501 T/acc2=0.000000 T/sec= 6.019914 D/loss=4.603125 D/acc1=0.531418 D/acc2=0.540747 D/sec= 0.254704 rate=0.000997
2019-02-19 08:56:57,047 - main - INFO - [292] T/loss=1.245134 T/acc1=0.863030 T/acc2=0.000000 T/sec= 5.789201 D/loss=4.352455 D/acc1=0.633752 D/acc2=0.568311 D/sec= 0.280240 rate=0.000997
2019-02-19 08:57:03,643 - main - INFO - [293] T/loss=1.295372 T/acc1=0.845038 T/acc2=0.000000 T/sec= 6.325452 D/loss=7.165185 D/acc1=0.504488 D/acc2=0.549624 D/sec= 0.271217 rate=0.000997
2019-02-19 08:57:10,697 - main - INFO - [294] T/loss=1.298313 T/acc1=0.856065 T/acc2=0.000000 T/sec= 6.783781 D/loss=8.455370 D/acc1=0.570916 D/acc2=0.468153 D/sec= 0.270186 rate=0.000997
2019-02-19 08:57:17,495 - main - INFO - [295] T/loss=1.343557 T/acc1=0.827046 T/acc2=0.000000 T/sec= 6.427827 D/loss=8.197957 D/acc1=0.515260 D/acc2=0.469240 D/sec= 0.369973 rate=0.000998
2019-02-19 08:57:24,135 - main - INFO - [296] T/loss=1.146226 T/acc1=0.871155 T/acc2=0.000000 T/sec= 6.375687 D/loss=7.966620 D/acc1=0.608618 D/acc2=0.405258 D/sec= 0.263627 rate=0.000998
2019-02-19 08:57:30,673 - main - INFO - [297] T/loss=1.092500 T/acc1=0.857806 T/acc2=0.000000 T/sec= 6.270476 D/loss=5.890163 D/acc1=0.448833 D/acc2=0.583445 D/sec= 0.268461 rate=0.000998
2019-02-19 08:57:37,080 - main - INFO - [298] T/loss=1.307288 T/acc1=0.856065 T/acc2=0.000000 T/sec= 6.132143 D/loss=5.697994 D/acc1=0.486535 D/acc2=0.475429 D/sec= 0.274438 rate=0.000998
2019-02-19 08:57:43,536 - main - INFO - [299] T/loss=1.186990 T/acc1=0.860128 T/acc2=0.000000 T/sec= 6.201578 D/loss=5.767311 D/acc1=0.565530 D/acc2=0.545902 D/sec= 0.254858 rate=0.000998
2019-02-19 08:57:50,081 - main - INFO - [300] T/loss=1.144003 T/acc1=0.857806 T/acc2=0.000000 T/sec= 6.289928 D/loss=10.140071 D/acc1=0.587074 D/acc2=0.472984 D/sec= 0.254251 rate=0.000998

==== Confusion matrix 1 (early_stopped-loss) ====

	neu	ang	sad	hap
neu	87	21	43	136
ang	6	13	4	8
sad	1	4	95	33
hap	3	3	7	93

==== Confusion matrix 2 (early_stopped-loss) ====

	neu	ang	sad	hap
neu	0.30	0.07	0.15	0.47
ang	0.19	0.42	0.13	0.26
sad	0.01	0.03	0.71	0.25
hap	0.03	0.03	0.07	0.88

UAR = 0.578534

==== Classification report (early_stopped-loss) ====

             precision    recall  f1-score   support

        ang       0.32      0.42      0.36        31
        hap       0.34      0.88      0.49       106
        neu       0.90      0.30      0.45       287
        sad       0.64      0.71      0.67       133

avg / total       0.70      0.52      0.51       557


==== Confusion matrix 1 (early_stopped-uar) ====

	neu	ang	sad	hap
neu	153	54	43	37
ang	3	26	2	0
sad	13	19	88	13
hap	22	22	6	56

==== Confusion matrix 2 (early_stopped-uar) ====

	neu	ang	sad	hap
neu	0.53	0.19	0.15	0.13
ang	0.10	0.84	0.06	0.00
sad	0.10	0.14	0.66	0.10
hap	0.21	0.21	0.06	0.53

UAR = 0.640442

==== Classification report (early_stopped-uar) ====

             precision    recall  f1-score   support

        ang       0.21      0.84      0.34        31
        hap       0.53      0.53      0.53       106
        neu       0.80      0.53      0.64       287
        sad       0.63      0.66      0.65       133

avg / total       0.68      0.58      0.60       557


==== Confusion matrix 1 (final model) ====

	neu	ang	sad	hap
neu	215	34	37	1
ang	19	12	0	0
sad	28	6	98	1
hap	80	15	9	2

==== Confusion matrix 2 (final model) ====

	neu	ang	sad	hap
neu	0.75	0.12	0.13	0.00
ang	0.61	0.39	0.00	0.00
sad	0.21	0.05	0.74	0.01
hap	0.75	0.14	0.08	0.02

UAR = 0.472984

==== Classification report (final model) ====

             precision    recall  f1-score   support

        ang       0.18      0.39      0.24        31
        hap       0.50      0.02      0.04       106
        neu       0.63      0.75      0.68       287
        sad       0.68      0.74      0.71       133

avg / total       0.59      0.59      0.54       557

2019-02-19 08:57:57,128 - <module> - INFO - time spent: 1688.984242 sec

